Log file open, 05/19/20 00:34:33
LogWindows: Failed to load 'aqProf.dll' (GetLastError=126)
LogWindows: File 'aqProf.dll' does not exist
LogWindows: Failed to load 'VtuneApi.dll' (GetLastError=126)
LogWindows: File 'VtuneApi.dll' does not exist
LogWindows: Failed to load 'VtuneApi32e.dll' (GetLastError=126)
LogWindows: File 'VtuneApi32e.dll' does not exist
LogConsoleResponse: Display: Failed to find resolution value strings in scalability ini. Falling back to default.
LogInit: Display: Running engine for game: Barrels2020
LogPlatformFile: Not using cached read wrapper
LogTaskGraph: Started task graph with 5 named threads and 14 total threads with 3 sets of task threads.
LogStats: Stats thread started at 0.076429
LogD3D11RHI: Loaded GFSDK_Aftermath_Lib.x64.dll
LogICUInternationalization: ICU TimeZone Detection - Raw Offset: -5:00, Platform Override: ''
LogPluginManager: Mounting plugin Paper2D
LogPluginManager: Mounting plugin AISupport
LogPluginManager: Mounting plugin LightPropagationVolume
LogPluginManager: Mounting plugin ActorLayerUtilities
LogPluginManager: Mounting plugin AnimationSharing
LogPluginManager: Mounting plugin CLionSourceCodeAccess
LogPluginManager: Mounting plugin CodeLiteSourceCodeAccess
LogPluginManager: Mounting plugin GitSourceControl
LogPluginManager: Mounting plugin KDevelopSourceCodeAccess
LogPluginManager: Mounting plugin NullSourceCodeAccess
LogPluginManager: Mounting plugin PerforceSourceControl
LogPluginManager: Mounting plugin SubversionSourceControl
LogPluginManager: Mounting plugin UObjectPlugin
LogPluginManager: Mounting plugin VisualStudioCodeSourceCodeAccess
LogPluginManager: Mounting plugin VisualStudioSourceCodeAccess
LogPluginManager: Mounting plugin XCodeSourceCodeAccess
LogPluginManager: Mounting plugin AssetManagerEditor
LogPluginManager: Mounting plugin CryptoKeys
LogPluginManager: Mounting plugin CurveEditorTools
LogPluginManager: Mounting plugin DataValidation
LogPluginManager: Mounting plugin EditorScriptingUtilities
LogPluginManager: Mounting plugin FacialAnimation
LogPluginManager: Mounting plugin GameplayTagsEditor
LogPluginManager: Mounting plugin GLTFImporter
LogPluginManager: Mounting plugin MacGraphicsSwitching
LogPluginManager: Mounting plugin MaterialAnalyzer
LogPluginManager: Mounting plugin MeshEditor
LogPluginManager: Mounting plugin MobileLauncherProfileWizard
LogPluginManager: Mounting plugin PluginBrowser
LogPluginManager: Mounting plugin SpeedTreeImporter
LogPluginManager: Mounting plugin DatasmithContent
LogPluginManager: Mounting plugin VariantManagerContent
LogPluginManager: Mounting plugin AlembicImporter
LogPluginManager: Mounting plugin AutomationUtils
LogPluginManager: Mounting plugin BackChannel
LogPluginManager: Mounting plugin BlastPlugin
LogPluginManager: Mounting plugin ChaosSolverPlugin
LogPluginManager: Mounting plugin CharacterAI
LogPluginManager: Mounting plugin DataPrepEditor
LogPluginManager: Mounting plugin GeometryCache
LogPluginManager: Mounting plugin GeometryCollectionPlugin
LogPluginManager: Mounting plugin HTML5Networking
LogPluginManager: Mounting plugin PlatformCrypto
LogPluginManager: Mounting plugin ProxyLODPlugin
LogPluginManager: Mounting plugin SkeletalReduction
LogPluginManager: Mounting plugin MagicLeap
LogPluginManager: Mounting plugin MagicLeapMedia
LogPluginManager: Mounting plugin AndroidMedia
LogPluginManager: Mounting plugin AvfMedia
LogPluginManager: Mounting plugin ImgMedia
LogPluginManager: Mounting plugin MediaCompositing
LogPluginManager: Mounting plugin MediaPlayerEditor
LogPluginManager: Mounting plugin WebMMedia
LogPluginManager: Mounting plugin WmfMedia
LogPluginManager: Mounting plugin TcpMessaging
LogPluginManager: Mounting plugin UdpMessaging
LogPluginManager: Mounting plugin ActorSequence
LogPluginManager: Mounting plugin LevelSequenceEditor
LogPluginManager: Mounting plugin MatineeToLevelSequence
LogPluginManager: Mounting plugin NetcodeUnitTest
LogPluginManager: Mounting plugin NUTUnrealEngine4
LogPluginManager: Mounting plugin OnlineSubsystemGooglePlay
LogPluginManager: Mounting plugin OnlineSubsystemIOS
LogPluginManager: Mounting plugin OnlineSubsystem
LogPluginManager: Mounting plugin OnlineSubsystemNull
LogPluginManager: Mounting plugin OnlineSubsystemUtils
LogPluginManager: Mounting plugin LauncherChunkInstaller
LogPluginManager: Mounting plugin AndroidDeviceProfileSelector
LogPluginManager: Mounting plugin AndroidMoviePlayer
LogPluginManager: Mounting plugin AndroidPermission
LogPluginManager: Mounting plugin AppleImageUtils
LogPluginManager: Mounting plugin AppleMoviePlayer
LogPluginManager: Mounting plugin ArchVisCharacter
LogPluginManager: Mounting plugin AudioCapture
LogPluginManager: Mounting plugin CableComponent
LogPluginManager: Mounting plugin CustomMeshComponent
LogPluginManager: Mounting plugin EditableMesh
LogPluginManager: Mounting plugin ExampleDeviceProfileSelector
LogPluginManager: Mounting plugin GoogleCloudMessaging
LogPluginManager: Mounting plugin IOSDeviceProfileSelector
LogPluginManager: Mounting plugin LinuxDeviceProfileSelector
LogPluginManager: Mounting plugin LocationServicesBPLibrary
LogPluginManager: Mounting plugin MobilePatchingUtils
LogPluginManager: Mounting plugin OculusVR
LogPluginManager: Mounting plugin PhysXVehicles
LogPluginManager: Mounting plugin ProceduralMeshComponent
LogPluginManager: Mounting plugin RuntimePhysXCooking
LogPluginManager: Mounting plugin SignificanceManager
LogPluginManager: Mounting plugin SteamVR
LogPluginManager: Mounting plugin WebMMoviePlayer
LogPluginManager: Mounting plugin WindowsMoviePlayer
LogPluginManager: Mounting plugin ScreenshotTools
LogPluginManager: Mounting plugin DatasmithC4DImporter
LogPluginManager: Mounting plugin DatasmithCADImporter
LogPluginManager: Mounting plugin DatasmithFBXImporter
LogPluginManager: Mounting plugin DatasmithGLTFImporter
LogPluginManager: Mounting plugin DatasmithIFCImporter
LogPluginManager: Mounting plugin DatasmithImporter
LogPluginManager: Mounting plugin MDLImporter
LogPluginManager: Mounting plugin StaticMeshEditorExtension
LogPluginManager: Mounting plugin VariantManager
LogInit: Using libcurl 7.55.1-DEV
LogInit:  - built for x86_64-pc-win32
LogInit:  - supports SSL with OpenSSL/1.1.1
LogInit:  - supports HTTP deflate (compression) using libz 1.2.8
LogInit:  - other features:
LogInit:      CURL_VERSION_SSL
LogInit:      CURL_VERSION_LIBZ
LogInit:      CURL_VERSION_IPV6
LogInit:      CURL_VERSION_ASYNCHDNS
LogInit:      CURL_VERSION_LARGEFILE
LogInit:      CURL_VERSION_IDN
LogInit:  CurlRequestOptions (configurable via config and command line):
LogInit:  - bVerifyPeer = true  - Libcurl will verify peer certificate
LogInit:  - bUseHttpProxy = false  - Libcurl will NOT use HTTP proxy
LogInit:  - bDontReuseConnections = false  - Libcurl will reuse connections
LogInit:  - MaxHostConnections = 16  - Libcurl will limit the number of connections to a host
LogInit:  - LocalHostAddr = Default
LogInit:  - BufferSize = 65536
LogOnline: OSS: Creating online subsystem instance for: NULL
LogInit: WinSock: version 1.1 (2.2), MaxSocks=32767, MaxUdp=65467
LogInit: Build: ++UE4+Release-4.23-CL-9631420
LogInit: Engine Version: 4.23.1-9631420+++UE4+Release-4.23
LogInit: Compatible Engine Version: 4.23.0-8386587+++UE4+Release-4.23
LogInit: Net CL: 8386587
LogInit: OS: Windows 10 (Release 1909) (), CPU: Intel(R) Core(TM) i5-4570 CPU @ 3.20GHz, GPU: NVIDIA GeForce GTX 760
LogInit: Compiled (64-bit): Oct 18 2019 02:07:44
LogInit: Compiled with Visual C++: 19.16.27030.01
LogInit: Build Configuration: Development
LogInit: Branch Name: ++UE4+Release-4.23
LogInit: Command Line: 
LogInit: Base Directory: C:/Program Files/Epic Games/UE_4.23/Engine/Binaries/Win64/
LogInit: Installed Engine Build: 1
LogDevObjectVersion: Number of dev versions registered: 23
LogDevObjectVersion:   Dev-Blueprints (B0D832E4-1F89-4F0D-ACCF-7EB736FD4AA2): 10
LogDevObjectVersion:   Dev-Build (E1C64328-A22C-4D53-A36C-8E866417BD8C): 0
LogDevObjectVersion:   Dev-Core (375EC13C-06E4-48FB-B500-84F0262A717E): 3
LogDevObjectVersion:   Dev-Editor (E4B068ED-F494-42E9-A231-DA0B2E46BB41): 34
LogDevObjectVersion:   Dev-Framework (CFFC743F-43B0-4480-9391-14DF171D2073): 35
LogDevObjectVersion:   Dev-Mobile (B02B49B5-BB20-44E9-A304-32B752E40360): 2
LogDevObjectVersion:   Dev-Networking (A4E4105C-59A1-49B5-A7C5-40C4547EDFEE): 0
LogDevObjectVersion:   Dev-Online (39C831C9-5AE6-47DC-9A44-9C173E1C8E7C): 0
LogDevObjectVersion:   Dev-Physics (78F01B33-EBEA-4F98-B9B4-84EACCB95AA2): 0
LogDevObjectVersion:   Dev-Platform (6631380F-2D4D-43E0-8009-CF276956A95A): 0
LogDevObjectVersion:   Dev-Rendering (12F88B9F-8875-4AFC-A67C-D90C383ABD29): 31
LogDevObjectVersion:   Dev-Sequencer (7B5AE74C-D270-4C10-A958-57980B212A5A): 11
LogDevObjectVersion:   Dev-VR (D7296918-1DD6-4BDD-9DE2-64A83CC13884): 2
LogDevObjectVersion:   Dev-LoadTimes (C2A15278-BFE7-4AFE-6C17-90FF531DF755): 1
LogDevObjectVersion:   Private-Geometry (6EACA3D4-40EC-4CC1-B786-8BED09428FC5): 3
LogDevObjectVersion:   Dev-AnimPhys (29E575DD-E0A3-4627-9D10-D276232CDCEA): 17
LogDevObjectVersion:   Dev-Anim (AF43A65D-7FD3-4947-9873-3E8ED9C1BB05): 2
LogDevObjectVersion:   Dev-ReflectionCapture (6B266CEC-1EC7-4B8F-A30B-E4D90942FC07): 1
LogDevObjectVersion:   Dev-Automation (0DF73D61-A23F-47EA-B727-89E90C41499A): 1
LogDevObjectVersion:   FortniteMain (601D1886-AC64-4F84-AA16-D3DE0DEAC7D6): 27
LogDevObjectVersion:   Dev-Enterprise (9DFFBCD6-494F-0158-E221-12823C92A888): 6
LogDevObjectVersion:   Dev-Niagara (F2AED0AC-9AFE-416F-8664-AA7FFA26D6FC): 1
LogDevObjectVersion:   Dev-Destruction (174F1F0B-B4C6-45A5-B13F-2EE8D0FB917D): 9
LogInit: Presizing for max 16777216 objects, including 0 objects not considered by GC, pre-allocating 0 bytes for permanent pool.
LogInit: Object subsystem initialized
LogConfig: Setting CVar [[con.DebugEarlyDefault:1]]
LogConfig: Setting CVar [[r.setres:1280x720]]
[2020.05.19-04.34.33:466][  0]LogConfig: Setting CVar [[r.VSync:0]]
[2020.05.19-04.34.33:466][  0]LogConfig: Setting CVar [[r.RHICmdBypass:0]]
[2020.05.19-04.34.33:466][  0]LogConfig: Applying CVar settings from Section [/Script/Engine.RendererSettings] File [C:/Users/Brian/Documents/Unreal Projects/Barrels2020/Saved/Config/Windows/Engine.ini]
[2020.05.19-04.34.33:466][  0]LogConfig: Setting CVar [[r.GPUCrashDebugging:0]]
[2020.05.19-04.34.33:466][  0]LogConfig: Applying CVar settings from Section [/Script/Engine.RendererOverrideSettings] File [C:/Users/Brian/Documents/Unreal Projects/Barrels2020/Saved/Config/Windows/Engine.ini]
[2020.05.19-04.34.33:466][  0]LogConfig: Applying CVar settings from Section [/Script/Engine.StreamingSettings] File [C:/Users/Brian/Documents/Unreal Projects/Barrels2020/Saved/Config/Windows/Engine.ini]
[2020.05.19-04.34.33:466][  0]LogConfig: Setting CVar [[s.MinBulkDataSizeForAsyncLoading:131072]]
[2020.05.19-04.34.33:466][  0]LogConfig: Setting CVar [[s.AsyncLoadingThreadEnabled:0]]
[2020.05.19-04.34.33:466][  0]LogConfig: Setting CVar [[s.EventDrivenLoaderEnabled:1]]
[2020.05.19-04.34.33:466][  0]LogConfig: Setting CVar [[s.WarnIfTimeLimitExceeded:0]]
[2020.05.19-04.34.33:466][  0]LogConfig: Setting CVar [[s.TimeLimitExceededMultiplier:1.5]]
[2020.05.19-04.34.33:466][  0]LogConfig: Setting CVar [[s.TimeLimitExceededMinTime:0.005]]
[2020.05.19-04.34.33:466][  0]LogConfig: Setting CVar [[s.UseBackgroundLevelStreaming:1]]
[2020.05.19-04.34.33:466][  0]LogConfig: Setting CVar [[s.PriorityAsyncLoadingExtraTime:15.0]]
[2020.05.19-04.34.33:466][  0]LogConfig: Setting CVar [[s.LevelStreamingActorsUpdateTimeLimit:5.0]]
[2020.05.19-04.34.33:466][  0]LogConfig: Setting CVar [[s.PriorityLevelStreamingActorsUpdateExtraTime:5.0]]
[2020.05.19-04.34.33:466][  0]LogConfig: Setting CVar [[s.LevelStreamingComponentsRegistrationGranularity:10]]
[2020.05.19-04.34.33:466][  0]LogConfig: Setting CVar [[s.UnregisterComponentsTimeLimit:1.0]]
[2020.05.19-04.34.33:466][  0]LogConfig: Setting CVar [[s.LevelStreamingComponentsUnregistrationGranularity:5]]
[2020.05.19-04.34.33:466][  0]LogConfig: Applying CVar settings from Section [/Script/Engine.GarbageCollectionSettings] File [C:/Users/Brian/Documents/Unreal Projects/Barrels2020/Saved/Config/Windows/Engine.ini]
[2020.05.19-04.34.33:466][  0]LogConfig: Setting CVar [[gc.MaxObjectsNotConsideredByGC:1]]
[2020.05.19-04.34.33:466][  0]LogConfig: Setting CVar [[gc.SizeOfPermanentObjectPool:0]]
[2020.05.19-04.34.33:466][  0]LogConfig: Setting CVar [[gc.FlushStreamingOnGC:0]]
[2020.05.19-04.34.33:466][  0]LogConfig: Setting CVar [[gc.NumRetriesBeforeForcingGC:10]]
[2020.05.19-04.34.33:466][  0]LogConfig: Setting CVar [[gc.AllowParallelGC:1]]
[2020.05.19-04.34.33:466][  0]LogConfig: Setting CVar [[gc.TimeBetweenPurgingPendingKillObjects:61.1]]
[2020.05.19-04.34.33:466][  0]LogConfig: Setting CVar [[gc.MaxObjectsInEditor:16777216]]
[2020.05.19-04.34.33:466][  0]LogConfig: Setting CVar [[gc.IncrementalBeginDestroyEnabled:1]]
[2020.05.19-04.34.33:466][  0]LogConfig: Setting CVar [[gc.CreateGCClusters:1]]
[2020.05.19-04.34.33:466][  0]LogConfig: Setting CVar [[gc.MinGCClusterSize:5]]
[2020.05.19-04.34.33:466][  0]LogConfig: Setting CVar [[gc.ActorClusteringEnabled:0]]
[2020.05.19-04.34.33:466][  0]LogConfig: Setting CVar [[gc.BlueprintClusteringEnabled:0]]
[2020.05.19-04.34.33:466][  0]LogConfig: Setting CVar [[gc.UseDisregardForGCOnDedicatedServers:0]]
[2020.05.19-04.34.33:466][  0]LogConfig: Applying CVar settings from Section [/Script/Engine.NetworkSettings] File [C:/Users/Brian/Documents/Unreal Projects/Barrels2020/Saved/Config/Windows/Engine.ini]
[2020.05.19-04.34.33:466][  0]LogConfig: Applying CVar settings from Section [/Script/UnrealEd.CookerSettings] File [C:/Users/Brian/Documents/Unreal Projects/Barrels2020/Saved/Config/Windows/Engine.ini]
[2020.05.19-04.34.33:469][  0]LogConfig: Applying CVar settings from Section [ViewDistanceQuality@3] File [C:/Users/Brian/Documents/Unreal Projects/Barrels2020/Saved/Config/Windows/Scalability.ini]
[2020.05.19-04.34.33:469][  0]LogConfig: Setting CVar [[r.SkeletalMeshLODBias:0]]
[2020.05.19-04.34.33:469][  0]LogConfig: Setting CVar [[r.ViewDistanceScale:1.0]]
[2020.05.19-04.34.33:469][  0]LogConfig: Applying CVar settings from Section [AntiAliasingQuality@3] File [C:/Users/Brian/Documents/Unreal Projects/Barrels2020/Saved/Config/Windows/Scalability.ini]
[2020.05.19-04.34.33:469][  0]LogConfig: Setting CVar [[r.PostProcessAAQuality:4]]
[2020.05.19-04.34.33:469][  0]LogConfig: Applying CVar settings from Section [ShadowQuality@3] File [C:/Users/Brian/Documents/Unreal Projects/Barrels2020/Saved/Config/Windows/Scalability.ini]
[2020.05.19-04.34.33:469][  0]LogConfig: Setting CVar [[r.LightFunctionQuality:1]]
[2020.05.19-04.34.33:469][  0]LogConfig: Setting CVar [[r.ShadowQuality:5]]
[2020.05.19-04.34.33:469][  0]LogConfig: Setting CVar [[r.Shadow.CSM.MaxCascades:10]]
[2020.05.19-04.34.33:469][  0]LogConfig: Setting CVar [[r.Shadow.MaxResolution:2048]]
[2020.05.19-04.34.33:469][  0]LogConfig: Setting CVar [[r.Shadow.MaxCSMResolution:2048]]
[2020.05.19-04.34.33:469][  0]LogConfig: Setting CVar [[r.Shadow.RadiusThreshold:0.01]]
[2020.05.19-04.34.33:469][  0]LogConfig: Setting CVar [[r.Shadow.DistanceScale:1.0]]
[2020.05.19-04.34.33:469][  0]LogConfig: Setting CVar [[r.Shadow.CSM.TransitionScale:1.0]]
[2020.05.19-04.34.33:469][  0]LogConfig: Setting CVar [[r.Shadow.PreShadowResolutionFactor:1.0]]
[2020.05.19-04.34.33:469][  0]LogConfig: Setting CVar [[r.DistanceFieldShadowing:1]]
[2020.05.19-04.34.33:469][  0]LogConfig: Setting CVar [[r.DistanceFieldAO:1]]
[2020.05.19-04.34.33:469][  0]LogConfig: Setting CVar [[r.AOQuality:2]]
[2020.05.19-04.34.33:469][  0]LogConfig: Setting CVar [[r.VolumetricFog:1]]
[2020.05.19-04.34.33:469][  0]LogConfig: Setting CVar [[r.VolumetricFog.GridPixelSize:8]]
[2020.05.19-04.34.33:469][  0]LogConfig: Setting CVar [[r.VolumetricFog.GridSizeZ:128]]
[2020.05.19-04.34.33:469][  0]LogConfig: Setting CVar [[r.VolumetricFog.HistoryMissSupersampleCount:4]]
[2020.05.19-04.34.33:469][  0]LogConfig: Setting CVar [[r.LightMaxDrawDistanceScale:1]]
[2020.05.19-04.34.33:469][  0]LogConfig: Setting CVar [[r.CapsuleShadows:1]]
[2020.05.19-04.34.33:469][  0]LogConfig: Applying CVar settings from Section [PostProcessQuality@3] File [C:/Users/Brian/Documents/Unreal Projects/Barrels2020/Saved/Config/Windows/Scalability.ini]
[2020.05.19-04.34.33:469][  0]LogConfig: Setting CVar [[r.MotionBlurQuality:4]]
[2020.05.19-04.34.33:469][  0]LogConfig: Setting CVar [[r.AmbientOcclusionMipLevelFactor:0.4]]
[2020.05.19-04.34.33:469][  0]LogConfig: Setting CVar [[r.AmbientOcclusionMaxQuality:100]]
[2020.05.19-04.34.33:469][  0]LogConfig: Setting CVar [[r.AmbientOcclusionLevels:-1]]
[2020.05.19-04.34.33:469][  0]LogConfig: Setting CVar [[r.AmbientOcclusionRadiusScale:1.0]]
[2020.05.19-04.34.33:469][  0]LogConfig: Setting CVar [[r.DepthOfFieldQuality:2]]
[2020.05.19-04.34.33:469][  0]LogConfig: Setting CVar [[r.RenderTargetPoolMin:400]]
[2020.05.19-04.34.33:469][  0]LogConfig: Setting CVar [[r.LensFlareQuality:2]]
[2020.05.19-04.34.33:469][  0]LogConfig: Setting CVar [[r.SceneColorFringeQuality:1]]
[2020.05.19-04.34.33:469][  0]LogConfig: Setting CVar [[r.EyeAdaptationQuality:2]]
[2020.05.19-04.34.33:469][  0]LogConfig: Setting CVar [[r.BloomQuality:5]]
[2020.05.19-04.34.33:469][  0]LogConfig: Setting CVar [[r.FastBlurThreshold:100]]
[2020.05.19-04.34.33:469][  0]LogConfig: Setting CVar [[r.Upscale.Quality:3]]
[2020.05.19-04.34.33:469][  0]LogConfig: Setting CVar [[r.Tonemapper.GrainQuantization:1]]
[2020.05.19-04.34.33:469][  0]LogConfig: Setting CVar [[r.LightShaftQuality:1]]
[2020.05.19-04.34.33:469][  0]LogConfig: Setting CVar [[r.Filter.SizeScale:1]]
[2020.05.19-04.34.33:469][  0]LogConfig: Setting CVar [[r.Tonemapper.Quality:5]]
[2020.05.19-04.34.33:469][  0]LogConfig: Setting CVar [[r.DOF.Gather.AccumulatorQuality:1        ; higher gathering accumulator quality]]
[2020.05.19-04.34.33:469][  0]LogConfig: Setting CVar [[r.DOF.Gather.PostfilterMethod:1          ; Median3x3 postfilering method]]
[2020.05.19-04.34.33:469][  0]LogConfig: Setting CVar [[r.DOF.Gather.EnableBokehSettings:0       ; no bokeh simulation when gathering]]
[2020.05.19-04.34.33:469][  0]LogConfig: Setting CVar [[r.DOF.Gather.RingCount:4                 ; medium number of samples when gathering]]
[2020.05.19-04.34.33:469][  0]LogConfig: Setting CVar [[r.DOF.Scatter.ForegroundCompositing:1    ; additive foreground scattering]]
[2020.05.19-04.34.33:469][  0]LogConfig: Setting CVar [[r.DOF.Scatter.BackgroundCompositing:2    ; additive background scattering]]
[2020.05.19-04.34.33:469][  0]LogConfig: Setting CVar [[r.DOF.Scatter.EnableBokehSettings:1      ; bokeh simulation when scattering]]
[2020.05.19-04.34.33:469][  0]LogConfig: Setting CVar [[r.DOF.Scatter.MaxSpriteRatio:0.1         ; only a maximum of 10% of scattered bokeh]]
[2020.05.19-04.34.33:469][  0]LogConfig: Setting CVar [[r.DOF.Recombine.Quality:1                ; cheap slight out of focus]]
[2020.05.19-04.34.33:469][  0]LogConfig: Setting CVar [[r.DOF.Recombine.EnableBokehSettings:0    ; no bokeh simulation on slight out of focus]]
[2020.05.19-04.34.33:469][  0]LogConfig: Setting CVar [[r.DOF.TemporalAAQuality:1                ; more stable temporal accumulation]]
[2020.05.19-04.34.33:470][  0]LogConfig: Setting CVar [[r.DOF.Kernel.MaxForegroundRadius:0.025]]
[2020.05.19-04.34.33:470][  0]LogConfig: Setting CVar [[r.DOF.Kernel.MaxBackgroundRadius:0.025]]
[2020.05.19-04.34.33:470][  0]LogConfig: Applying CVar settings from Section [TextureQuality@3] File [C:/Users/Brian/Documents/Unreal Projects/Barrels2020/Saved/Config/Windows/Scalability.ini]
[2020.05.19-04.34.33:470][  0]LogConfig: Setting CVar [[r.Streaming.MipBias:0]]
[2020.05.19-04.34.33:470][  0]LogConfig: Setting CVar [[r.Streaming.AmortizeCPUToGPUCopy:0]]
[2020.05.19-04.34.33:470][  0]LogConfig: Setting CVar [[r.Streaming.MaxNumTexturesToStreamPerFrame:0]]
[2020.05.19-04.34.33:470][  0]LogConfig: Setting CVar [[r.Streaming.Boost:1]]
[2020.05.19-04.34.33:470][  0]LogConfig: Setting CVar [[r.MaxAnisotropy:8]]
[2020.05.19-04.34.33:470][  0]LogConfig: Setting CVar [[r.Streaming.LimitPoolSizeToVRAM:0]]
[2020.05.19-04.34.33:470][  0]LogConfig: Setting CVar [[r.Streaming.PoolSize:1000]]
[2020.05.19-04.34.33:470][  0]LogConfig: Setting CVar [[r.Streaming.MaxEffectiveScreenSize:0]]
[2020.05.19-04.34.33:470][  0]LogConfig: Applying CVar settings from Section [EffectsQuality@3] File [C:/Users/Brian/Documents/Unreal Projects/Barrels2020/Saved/Config/Windows/Scalability.ini]
[2020.05.19-04.34.33:470][  0]LogConfig: Setting CVar [[r.TranslucencyLightingVolumeDim:64]]
[2020.05.19-04.34.33:470][  0]LogConfig: Setting CVar [[r.RefractionQuality:2]]
[2020.05.19-04.34.33:470][  0]LogConfig: Setting CVar [[r.SSR.Quality:3]]
[2020.05.19-04.34.33:470][  0]LogConfig: Setting CVar [[r.SceneColorFormat:4]]
[2020.05.19-04.34.33:470][  0]LogConfig: Setting CVar [[r.DetailMode:2]]
[2020.05.19-04.34.33:470][  0]LogConfig: Setting CVar [[r.TranslucencyVolumeBlur:1]]
[2020.05.19-04.34.33:470][  0]LogConfig: Setting CVar [[r.MaterialQualityLevel:1 ; High quality]]
[2020.05.19-04.34.33:470][  0]LogConfig: Setting CVar [[r.SSS.Scale:1]]
[2020.05.19-04.34.33:470][  0]LogConfig: Setting CVar [[r.SSS.SampleSet:2]]
[2020.05.19-04.34.33:470][  0]LogConfig: Setting CVar [[r.SSS.Quality:1]]
[2020.05.19-04.34.33:470][  0]LogConfig: Setting CVar [[r.SSS.HalfRes:1]]
[2020.05.19-04.34.33:470][  0]LogConfig: Setting CVar [[r.EmitterSpawnRateScale:1.0]]
[2020.05.19-04.34.33:470][  0]LogConfig: Setting CVar [[r.ParticleLightQuality:2]]
[2020.05.19-04.34.33:470][  0]LogConfig: Applying CVar settings from Section [FoliageQuality@3] File [C:/Users/Brian/Documents/Unreal Projects/Barrels2020/Saved/Config/Windows/Scalability.ini]
[2020.05.19-04.34.33:470][  0]LogConfig: Setting CVar [[foliage.DensityScale:1.0]]
[2020.05.19-04.34.33:470][  0]LogConfig: Setting CVar [[grass.DensityScale:1.0]]
[2020.05.19-04.34.33:470][  0]LogInit: Selected Device Profile: [Windows]
[2020.05.19-04.34.33:470][  0]LogInit: Applying CVar settings loaded from the selected device profile: [Windows]
[2020.05.19-04.34.33:472][  0]LogHAL: Display: Platform has ~ 8 GB [8522104832 / 8589934592 / 8], which maps to Default [LargestMinGB=32, LargerMinGB=12, DefaultMinGB=8, SmallerMinGB=6, SmallestMinGB=0)
[2020.05.19-04.34.33:473][  0]LogInit: Going up to parent DeviceProfile []
[2020.05.19-04.34.33:473][  0]LogConfig: Applying CVar settings from Section [ViewDistanceQuality@2] File [C:/Users/Brian/Documents/Unreal Projects/Barrels2020/Saved/Config/Windows/Scalability.ini]
[2020.05.19-04.34.33:473][  0]LogConfig: Setting CVar [[r.SkeletalMeshLODBias:0]]
[2020.05.19-04.34.33:473][  0]LogConfig: Setting CVar [[r.ViewDistanceScale:0.8]]
[2020.05.19-04.34.33:473][  0]LogConfig: Applying CVar settings from Section [AntiAliasingQuality@2] File [C:/Users/Brian/Documents/Unreal Projects/Barrels2020/Saved/Config/Windows/Scalability.ini]
[2020.05.19-04.34.33:473][  0]LogConfig: Setting CVar [[r.PostProcessAAQuality:3]]
[2020.05.19-04.34.33:473][  0]LogConfig: Applying CVar settings from Section [ShadowQuality@2] File [C:/Users/Brian/Documents/Unreal Projects/Barrels2020/Saved/Config/Windows/Scalability.ini]
[2020.05.19-04.34.33:473][  0]LogConfig: Setting CVar [[r.LightFunctionQuality:1]]
[2020.05.19-04.34.33:473][  0]LogConfig: Setting CVar [[r.ShadowQuality:5]]
[2020.05.19-04.34.33:473][  0]LogConfig: Setting CVar [[r.Shadow.CSM.MaxCascades:4]]
[2020.05.19-04.34.33:473][  0]LogConfig: Setting CVar [[r.Shadow.MaxResolution:1024]]
[2020.05.19-04.34.33:473][  0]LogConfig: Setting CVar [[r.Shadow.MaxCSMResolution:2048]]
[2020.05.19-04.34.33:473][  0]LogConfig: Setting CVar [[r.Shadow.RadiusThreshold:0.04]]
[2020.05.19-04.34.33:473][  0]LogConfig: Setting CVar [[r.Shadow.DistanceScale:0.85]]
[2020.05.19-04.34.33:473][  0]LogConfig: Setting CVar [[r.Shadow.CSM.TransitionScale:0.8]]
[2020.05.19-04.34.33:473][  0]LogConfig: Setting CVar [[r.Shadow.PreShadowResolutionFactor:0.5]]
[2020.05.19-04.34.33:473][  0]LogConfig: Setting CVar [[r.DistanceFieldShadowing:1]]
[2020.05.19-04.34.33:473][  0]LogConfig: Setting CVar [[r.DistanceFieldAO:1]]
[2020.05.19-04.34.33:473][  0]LogConfig: Setting CVar [[r.AOQuality:1]]
[2020.05.19-04.34.33:473][  0]LogConfig: Setting CVar [[r.VolumetricFog:1]]
[2020.05.19-04.34.33:473][  0]LogConfig: Setting CVar [[r.VolumetricFog.GridPixelSize:16]]
[2020.05.19-04.34.33:473][  0]LogConfig: Setting CVar [[r.VolumetricFog.GridSizeZ:64]]
[2020.05.19-04.34.33:473][  0]LogConfig: Setting CVar [[r.VolumetricFog.HistoryMissSupersampleCount:4]]
[2020.05.19-04.34.33:473][  0]LogConfig: Setting CVar [[r.LightMaxDrawDistanceScale:1]]
[2020.05.19-04.34.33:473][  0]LogConfig: Setting CVar [[r.CapsuleShadows:1]]
[2020.05.19-04.34.33:473][  0]LogConfig: Applying CVar settings from Section [PostProcessQuality@2] File [C:/Users/Brian/Documents/Unreal Projects/Barrels2020/Saved/Config/Windows/Scalability.ini]
[2020.05.19-04.34.33:473][  0]LogConfig: Setting CVar [[r.MotionBlurQuality:3]]
[2020.05.19-04.34.33:473][  0]LogConfig: Setting CVar [[r.AmbientOcclusionMipLevelFactor:0.6]]
[2020.05.19-04.34.33:473][  0]LogConfig: Setting CVar [[r.AmbientOcclusionMaxQuality:100]]
[2020.05.19-04.34.33:473][  0]LogConfig: Setting CVar [[r.AmbientOcclusionLevels:-1]]
[2020.05.19-04.34.33:473][  0]LogConfig: Setting CVar [[r.AmbientOcclusionRadiusScale:1.5]]
[2020.05.19-04.34.33:473][  0]LogConfig: Setting CVar [[r.DepthOfFieldQuality:2]]
[2020.05.19-04.34.33:473][  0]LogConfig: Setting CVar [[r.RenderTargetPoolMin:400]]
[2020.05.19-04.34.33:473][  0]LogConfig: Setting CVar [[r.LensFlareQuality:2]]
[2020.05.19-04.34.33:473][  0]LogConfig: Setting CVar [[r.SceneColorFringeQuality:1]]
[2020.05.19-04.34.33:473][  0]LogConfig: Setting CVar [[r.EyeAdaptationQuality:2]]
[2020.05.19-04.34.33:473][  0]LogConfig: Setting CVar [[r.BloomQuality:5]]
[2020.05.19-04.34.33:473][  0]LogConfig: Setting CVar [[r.FastBlurThreshold:3]]
[2020.05.19-04.34.33:473][  0]LogConfig: Setting CVar [[r.Upscale.Quality:2]]
[2020.05.19-04.34.33:473][  0]LogConfig: Setting CVar [[r.Tonemapper.GrainQuantization:1]]
[2020.05.19-04.34.33:473][  0]LogConfig: Setting CVar [[r.LightShaftQuality:1]]
[2020.05.19-04.34.33:473][  0]LogConfig: Setting CVar [[r.Filter.SizeScale:0.8]]
[2020.05.19-04.34.33:473][  0]LogConfig: Setting CVar [[r.Tonemapper.Quality:5]]
[2020.05.19-04.34.33:473][  0]LogConfig: Setting CVar [[r.DOF.Gather.AccumulatorQuality:0        ; lower gathering accumulator quality]]
[2020.05.19-04.34.33:473][  0]LogConfig: Setting CVar [[r.DOF.Gather.PostfilterMethod:2          ; Max3x3 postfilering method]]
[2020.05.19-04.34.33:473][  0]LogConfig: Setting CVar [[r.DOF.Gather.EnableBokehSettings:0       ; no bokeh simulation when gathering]]
[2020.05.19-04.34.33:473][  0]LogConfig: Setting CVar [[r.DOF.Gather.RingCount:4                 ; medium number of samples when gathering]]
[2020.05.19-04.34.33:473][  0]LogConfig: Setting CVar [[r.DOF.Scatter.ForegroundCompositing:1    ; additive foreground scattering]]
[2020.05.19-04.34.33:473][  0]LogConfig: Setting CVar [[r.DOF.Scatter.BackgroundCompositing:1    ; no background occlusion]]
[2020.05.19-04.34.33:473][  0]LogConfig: Setting CVar [[r.DOF.Scatter.EnableBokehSettings:0      ; no bokeh simulation when scattering]]
[2020.05.19-04.34.33:473][  0]LogConfig: Setting CVar [[r.DOF.Scatter.MaxSpriteRatio:0.04        ; only a maximum of 4% of scattered bokeh]]
[2020.05.19-04.34.33:473][  0]LogConfig: Setting CVar [[r.DOF.Recombine.Quality:0                ; no slight out of focus]]
[2020.05.19-04.34.33:473][  0]LogConfig: Setting CVar [[r.DOF.TemporalAAQuality:0                ; faster temporal accumulation]]
[2020.05.19-04.34.33:473][  0]LogConfig: Setting CVar [[r.DOF.Kernel.MaxForegroundRadius:0.012   ; required because of AccumulatorQuality=0]]
[2020.05.19-04.34.33:473][  0]LogConfig: Setting CVar [[r.DOF.Kernel.MaxBackgroundRadius:0.012   ; required because of AccumulatorQuality=0]]
[2020.05.19-04.34.33:473][  0]LogConfig: Applying CVar settings from Section [TextureQuality@2] File [C:/Users/Brian/Documents/Unreal Projects/Barrels2020/Saved/Config/Windows/Scalability.ini]
[2020.05.19-04.34.33:473][  0]LogConfig: Setting CVar [[r.Streaming.MipBias:0]]
[2020.05.19-04.34.33:473][  0]LogConfig: Setting CVar [[r.Streaming.AmortizeCPUToGPUCopy:0]]
[2020.05.19-04.34.33:473][  0]LogConfig: Setting CVar [[r.Streaming.MaxNumTexturesToStreamPerFrame:0]]
[2020.05.19-04.34.33:473][  0]LogConfig: Setting CVar [[r.Streaming.Boost:1]]
[2020.05.19-04.34.33:473][  0]LogConfig: Setting CVar [[r.MaxAnisotropy:4]]
[2020.05.19-04.34.33:473][  0]LogConfig: Setting CVar [[r.Streaming.LimitPoolSizeToVRAM:1]]
[2020.05.19-04.34.33:473][  0]LogConfig: Setting CVar [[r.Streaming.PoolSize:800]]
[2020.05.19-04.34.33:473][  0]LogConfig: Setting CVar [[r.Streaming.MaxEffectiveScreenSize:0]]
[2020.05.19-04.34.33:473][  0]LogConfig: Applying CVar settings from Section [EffectsQuality@2] File [C:/Users/Brian/Documents/Unreal Projects/Barrels2020/Saved/Config/Windows/Scalability.ini]
[2020.05.19-04.34.33:473][  0]LogConfig: Setting CVar [[r.TranslucencyLightingVolumeDim:48]]
[2020.05.19-04.34.33:473][  0]LogConfig: Setting CVar [[r.RefractionQuality:2]]
[2020.05.19-04.34.33:473][  0]LogConfig: Setting CVar [[r.SSR.Quality:2]]
[2020.05.19-04.34.33:473][  0]LogConfig: Setting CVar [[r.SceneColorFormat:3]]
[2020.05.19-04.34.33:473][  0]LogConfig: Setting CVar [[r.DetailMode:1]]
[2020.05.19-04.34.33:473][  0]LogConfig: Setting CVar [[r.TranslucencyVolumeBlur:1]]
[2020.05.19-04.34.33:473][  0]LogConfig: Setting CVar [[r.MaterialQualityLevel:1 ; High quality]]
[2020.05.19-04.34.33:473][  0]LogConfig: Setting CVar [[r.SSS.Scale:1]]
[2020.05.19-04.34.33:473][  0]LogConfig: Setting CVar [[r.SSS.SampleSet:1]]
[2020.05.19-04.34.33:473][  0]LogConfig: Setting CVar [[r.SSS.Quality:-1]]
[2020.05.19-04.34.33:473][  0]LogConfig: Setting CVar [[r.SSS.HalfRes:1]]
[2020.05.19-04.34.33:473][  0]LogConfig: Setting CVar [[r.EmitterSpawnRateScale:0.5]]
[2020.05.19-04.34.33:474][  0]LogConfig: Setting CVar [[r.ParticleLightQuality:1]]
[2020.05.19-04.34.33:474][  0]LogConfig: Applying CVar settings from Section [FoliageQuality@2] File [C:/Users/Brian/Documents/Unreal Projects/Barrels2020/Saved/Config/Windows/Scalability.ini]
[2020.05.19-04.34.33:474][  0]LogConfig: Setting CVar [[foliage.DensityScale:0.8]]
[2020.05.19-04.34.33:474][  0]LogConfig: Setting CVar [[grass.DensityScale:0.8]]
[2020.05.19-04.34.33:474][  0]LogConfig: Applying CVar settings from Section [Startup] File [../../../Engine/Config/ConsoleVariables.ini]
[2020.05.19-04.34.33:474][  0]LogConfig: Setting CVar [[net.UseAdaptiveNetUpdateFrequency:0]]
[2020.05.19-04.34.33:474][  0]LogConfig: Setting CVar [[p.chaos.AllowCreatePhysxBodies:1]]
[2020.05.19-04.34.33:474][  0]LogConfig: Applying CVar settings from Section [ConsoleVariables] File [C:/Users/Brian/Documents/Unreal Projects/Barrels2020/Saved/Config/Windows/Engine.ini]
[2020.05.19-04.34.33:474][  0]LogInit: Computer: AVATAR
[2020.05.19-04.34.33:474][  0]LogInit: User: Brian
[2020.05.19-04.34.33:474][  0]LogInit: CPU Page size=4096, Cores=4
[2020.05.19-04.34.33:474][  0]LogInit: High frequency timer resolution =10.000000 MHz
[2020.05.19-04.34.33:474][  0]LogMemory: Memory total: Physical=7.9GB (8GB approx)
[2020.05.19-04.34.33:474][  0]LogMemory: Platform Memory Stats for Windows
[2020.05.19-04.34.33:474][  0]LogMemory: Process Physical Memory: 101.04 MB used, 101.05 MB peak
[2020.05.19-04.34.33:474][  0]LogMemory: Process Virtual Memory: 100.38 MB used, 100.38 MB peak
[2020.05.19-04.34.33:474][  0]LogMemory: Physical Memory: 6114.39 MB used,  2012.92 MB free, 8127.31 MB total
[2020.05.19-04.34.33:474][  0]LogMemory: Virtual Memory: 4656.57 MB used,  134213072.00 MB free, 134217728.00 MB total
[2020.05.19-04.34.33:478][  0]LogWindows: WindowsPlatformFeatures enabled
[2020.05.19-04.34.33:508][  0]LogInit: Using OS detected language (en-US).
[2020.05.19-04.34.33:508][  0]LogInit: Using OS detected locale (en-US).
[2020.05.19-04.34.33:509][  0]LogTextLocalizationManager: No specific localization for 'en-US' exists, so the 'en' localization will be used.
[2020.05.19-04.34.33:696][  0]LogInit: Setting process to per monitor DPI aware
[2020.05.19-04.34.33:735][  0]LogSlate: New Slate User Created.  User Index 0, Is Virtual User: 0
[2020.05.19-04.34.33:735][  0]LogSlate: Slate User Registered.  User Index 0, Is Virtual User: 0
[2020.05.19-04.34.33:884][  0]LogHMD: Failed to initialize OpenVR with code 100
[2020.05.19-04.34.33:884][  0]LogD3D11RHI: D3D11 adapters:
[2020.05.19-04.34.33:947][  0]LogD3D11RHI:    0. 'NVIDIA GeForce GTX 760' (Feature Level 11_0)
[2020.05.19-04.34.33:947][  0]LogD3D11RHI:       2007/0/4063 MB DedicatedVideo/DedicatedSystem/SharedSystem, Outputs:1, VendorId:0x10de
[2020.05.19-04.34.33:950][  0]LogD3D11RHI:    1. 'Microsoft Basic Render Driver' (Feature Level 11_0)
[2020.05.19-04.34.33:950][  0]LogD3D11RHI:       0/0/4063 MB DedicatedVideo/DedicatedSystem/SharedSystem, Outputs:0, VendorId:0x1414
[2020.05.19-04.34.33:950][  0]LogD3D11RHI: Chosen D3D11 Adapter: 0
[2020.05.19-04.34.33:958][  0]LogD3D11RHI: Creating new Direct3DDevice
[2020.05.19-04.34.33:958][  0]LogD3D11RHI:     GPU DeviceId: 0x1187 (for the marketing name, search the web for "GPU Device Id")
[2020.05.19-04.34.33:958][  0]LogWindows: EnumDisplayDevices:
[2020.05.19-04.34.33:958][  0]LogWindows:    0. 'NVIDIA GeForce GTX 760' (P:1 D:1)
[2020.05.19-04.34.33:959][  0]LogWindows:    1. 'NVIDIA GeForce GTX 760' (P:0 D:0)
[2020.05.19-04.34.33:959][  0]LogWindows:    2. 'NVIDIA GeForce GTX 760' (P:0 D:0)
[2020.05.19-04.34.33:959][  0]LogWindows:    3. 'NVIDIA GeForce GTX 760' (P:0 D:0)
[2020.05.19-04.34.33:959][  0]LogWindows: DebugString: FoundDriverCount:4 
[2020.05.19-04.34.33:959][  0]LogD3D11RHI:     Adapter Name: NVIDIA GeForce GTX 760
[2020.05.19-04.34.33:959][  0]LogD3D11RHI:   Driver Version: 432.00 (internal:26.21.14.3200, unified:432.00)
[2020.05.19-04.34.33:959][  0]LogD3D11RHI:      Driver Date: 7-24-2019
[2020.05.19-04.34.33:959][  0]LogRHI: Texture pool is 1404 MB (70% of 2007 MB)
[2020.05.19-04.34.34:020][  0]LogD3D11RHI: Async texture creation enabled
[2020.05.19-04.34.34:079][  0]LogD3D11RHI: GPU Timing Frequency: 1000.000000 (Debug: 2 2)
[2020.05.19-04.34.34:491][  0]LogTemp: Display: Module 'AllDesktopTargetPlatform' loaded TargetPlatform 'AllDesktop'
[2020.05.19-04.34.34:501][  0]LogTemp: Display: Module 'MacClientTargetPlatform' loaded TargetPlatform 'MacClient'
[2020.05.19-04.34.34:510][  0]LogTemp: Display: Module 'MacNoEditorTargetPlatform' loaded TargetPlatform 'MacNoEditor'
[2020.05.19-04.34.34:520][  0]LogTemp: Display: Module 'MacServerTargetPlatform' loaded TargetPlatform 'MacServer'
[2020.05.19-04.34.34:530][  0]LogTemp: Display: Module 'MacTargetPlatform' loaded TargetPlatform 'Mac'
[2020.05.19-04.34.34:539][  0]LogTemp: Display: Module 'WindowsClientTargetPlatform' loaded TargetPlatform 'WindowsClient'
[2020.05.19-04.34.34:549][  0]LogTemp: Display: Module 'WindowsNoEditorTargetPlatform' loaded TargetPlatform 'WindowsNoEditor'
[2020.05.19-04.34.34:558][  0]LogTemp: Display: Module 'WindowsServerTargetPlatform' loaded TargetPlatform 'WindowsServer'
[2020.05.19-04.34.34:563][  0]LogTemp: Display: Module 'WindowsTargetPlatform' loaded TargetPlatform 'Windows'
[2020.05.19-04.34.34:596][  0]LogTemp: Display: Module 'AndroidTargetPlatform' loaded TargetPlatform 'Android'
[2020.05.19-04.34.34:596][  0]LogTemp: Display: Module 'AndroidTargetPlatform' loaded TargetPlatform 'Android_ASTC'
[2020.05.19-04.34.34:596][  0]LogTemp: Display: Module 'AndroidTargetPlatform' loaded TargetPlatform 'Android_ATC'
[2020.05.19-04.34.34:596][  0]LogTemp: Display: Module 'AndroidTargetPlatform' loaded TargetPlatform 'Android_DXT'
[2020.05.19-04.34.34:596][  0]LogTemp: Display: Module 'AndroidTargetPlatform' loaded TargetPlatform 'Android_ETC1'
[2020.05.19-04.34.34:596][  0]LogTemp: Display: Module 'AndroidTargetPlatform' loaded TargetPlatform 'Android_ETC1a'
[2020.05.19-04.34.34:596][  0]LogTemp: Display: Module 'AndroidTargetPlatform' loaded TargetPlatform 'Android_ETC2'
[2020.05.19-04.34.34:596][  0]LogTemp: Display: Module 'AndroidTargetPlatform' loaded TargetPlatform 'Android_PVRTC'
[2020.05.19-04.34.34:596][  0]LogTemp: Display: Module 'AndroidTargetPlatform' loaded TargetPlatform 'AndroidClient'
[2020.05.19-04.34.34:596][  0]LogTemp: Display: Module 'AndroidTargetPlatform' loaded TargetPlatform 'Android_ASTCClient'
[2020.05.19-04.34.34:596][  0]LogTemp: Display: Module 'AndroidTargetPlatform' loaded TargetPlatform 'Android_ATCClient'
[2020.05.19-04.34.34:596][  0]LogTemp: Display: Module 'AndroidTargetPlatform' loaded TargetPlatform 'Android_DXTClient'
[2020.05.19-04.34.34:596][  0]LogTemp: Display: Module 'AndroidTargetPlatform' loaded TargetPlatform 'Android_ETC1Client'
[2020.05.19-04.34.34:596][  0]LogTemp: Display: Module 'AndroidTargetPlatform' loaded TargetPlatform 'Android_ETC1aClient'
[2020.05.19-04.34.34:596][  0]LogTemp: Display: Module 'AndroidTargetPlatform' loaded TargetPlatform 'Android_ETC2Client'
[2020.05.19-04.34.34:596][  0]LogTemp: Display: Module 'AndroidTargetPlatform' loaded TargetPlatform 'Android_PVRTCClient'
[2020.05.19-04.34.34:596][  0]LogTemp: Display: Module 'AndroidTargetPlatform' loaded TargetPlatform 'Android_Multi'
[2020.05.19-04.34.34:596][  0]LogTemp: Display: Module 'AndroidTargetPlatform' loaded TargetPlatform 'Android_MultiClient'
[2020.05.19-04.34.34:598][  0]LogTemp: Display: Module 'HTML5TargetPlatform' loaded TargetPlatform 'HTML5'
[2020.05.19-04.34.34:617][  0]LogTemp: Display: Module 'IOSTargetPlatform' loaded TargetPlatform 'IOSClient'
[2020.05.19-04.34.34:617][  0]LogTemp: Display: Module 'IOSTargetPlatform' loaded TargetPlatform 'IOS'
[2020.05.19-04.34.34:632][  0]LogTemp: Display: Module 'TVOSTargetPlatform' loaded TargetPlatform 'TVOSClient'
[2020.05.19-04.34.34:632][  0]LogTemp: Display: Module 'TVOSTargetPlatform' loaded TargetPlatform 'TVOS'
[2020.05.19-04.34.34:640][  0]LogTemp: Display: Module 'LinuxClientTargetPlatform' loaded TargetPlatform 'LinuxClient'
[2020.05.19-04.34.34:647][  0]LogTemp: Display: Module 'LinuxNoEditorTargetPlatform' loaded TargetPlatform 'LinuxNoEditor'
[2020.05.19-04.34.34:655][  0]LogTemp: Display: Module 'LinuxServerTargetPlatform' loaded TargetPlatform 'LinuxServer'
[2020.05.19-04.34.34:663][  0]LogTemp: Display: Module 'LinuxTargetPlatform' loaded TargetPlatform 'Linux'
[2020.05.19-04.34.34:689][  0]LogTemp: Display: Module 'LuminTargetPlatform' loaded TargetPlatform 'Lumin'
[2020.05.19-04.34.34:689][  0]LogTemp: Display: Module 'LuminTargetPlatform' loaded TargetPlatform 'LuminClient'
[2020.05.19-04.34.34:689][  0]LogTargetPlatformManager: Display: Building Assets For Windows
[2020.05.19-04.34.34:700][  0]LogAudioDebug: Display: Lib vorbis DLL was dynamically loaded.
[2020.05.19-04.34.34:759][  0]LogShaderCompilers: Guid format shader working directory is -22 characters bigger than the processId version (../../../../../../Users/Brian/Documents/Unreal Projects/Barrels2020/Intermediate/Shaders/WorkingDirectory/20588/).
[2020.05.19-04.34.34:760][  0]LogShaderCompilers: Cleaned the shader compiler working directory 'C:/Users/Brian/AppData/Local/Temp/UnrealShaderWorkingDir/576346AB4A5D3586F5CD9F9B05386F94/'.
[2020.05.19-04.34.34:762][  0]LogXGEController: Cleaning working directory: C:/Users/Brian/AppData/Local/Temp/UnrealXGEWorkingDir/
[2020.05.19-04.34.34:763][  0]LogXGEController: Cannot use XGE Controller as Incredibuild is not installed on this machine.
[2020.05.19-04.34.34:763][  0]LogShaderCompilers: Cannot use XGE Shader Compiler as Incredibuild is not installed on this machine.
[2020.05.19-04.34.34:763][  0]LogShaderCompilers: Display: Using Local Shader Compiler.
[2020.05.19-04.34.35:408][  0]LogDerivedDataCache: Display: Max Cache Size: 512 MB
[2020.05.19-04.34.35:481][  0]LogDerivedDataCache: Loaded boot cache 0.07s 74MB C:/Users/Brian/AppData/Local/UnrealEngine/4.23/DerivedDataCache/Boot.ddc.
[2020.05.19-04.34.35:482][  0]LogDerivedDataCache: Display: Loaded Boot cache: C:/Users/Brian/AppData/Local/UnrealEngine/4.23/DerivedDataCache/Boot.ddc
[2020.05.19-04.34.35:482][  0]LogDerivedDataCache: FDerivedDataBackendGraph:  Pak pak cache file ../../../../../../Users/Brian/Documents/Unreal Projects/Barrels2020/DerivedDataCache/DDC.ddp not found, will not use a pak cache.
[2020.05.19-04.34.35:482][  0]LogDerivedDataCache: Unable to find inner node Pak for hierarchical cache Hierarchy.
[2020.05.19-04.34.35:482][  0]LogDerivedDataCache: FDerivedDataBackendGraph:  CompressedPak pak cache file ../../../../../../Users/Brian/Documents/Unreal Projects/Barrels2020/DerivedDataCache/Compressed.ddp not found, will not use a pak cache.
[2020.05.19-04.34.35:482][  0]LogDerivedDataCache: Unable to find inner node CompressedPak for hierarchical cache Hierarchy.
[2020.05.19-04.34.35:494][  0]LogDerivedDataCache: Display: Pak cache opened for reading ../../../Engine/DerivedDataCache/Compressed.ddp.
[2020.05.19-04.34.35:495][  0]LogDerivedDataCache: Display: Pak cache opened for reading ../../../Enterprise/DerivedDataCache/Compressed.ddp.
[2020.05.19-04.34.35:497][  0]LogDerivedDataCache: Using Local data cache path C:/Users/Brian/AppData/Local/UnrealEngine/Common/DerivedDataCache: Writable
[2020.05.19-04.34.35:497][  0]LogDerivedDataCache: Shared data cache path not found in *engine.ini, will not use an Shared cache.
[2020.05.19-04.34.35:497][  0]LogDerivedDataCache: Unable to find inner node Shared for hierarchical cache Hierarchy.
[2020.05.19-04.34.35:519][  0]LogMaterial: Verifying Global Shaders for PCD3D_SM5
[2020.05.19-04.34.35:522][  0]LogSlate: Using FreeType 2.6.0
[2020.05.19-04.34.35:523][  0]LogSlate: SlateFontServices - WITH_FREETYPE: 1, WITH_HARFBUZZ: 1
[2020.05.19-04.34.35:581][  0]LogAssetRegistry: FAssetRegistry took 0.0028 seconds to start up
[2020.05.19-04.34.35:853][  0]LogInit: Selected Device Profile: [Windows]
[2020.05.19-04.34.36:009][  0]LogMeshReduction: Using QuadricMeshReduction for automatic static mesh reduction
[2020.05.19-04.34.36:009][  0]LogMeshReduction: Using SimplygonMeshReduction for automatic skeletal mesh reduction
[2020.05.19-04.34.36:009][  0]LogMeshReduction: Using ProxyLODMeshReduction for automatic mesh merging
[2020.05.19-04.34.36:009][  0]LogMeshReduction: No distributed automatic mesh merging module available
[2020.05.19-04.34.36:010][  0]LogMeshMerging: No distributed automatic mesh merging module available
[2020.05.19-04.34.36:020][  0]LogNetVersion: Barrels2020 1.0.0, NetCL: 8386587, EngineNetVer: 11, GameNetVer: 0 (Checksum: 2074040600)
[2020.05.19-04.34.36:485][  0]LogPackageLocalizationCache: Processed 18 localized package path(s) for 1 prioritized culture(s) in 0.082469 seconds
[2020.05.19-04.34.36:494][  0]LogUObjectArray: 43444 objects as part of root set at end of initial load.
[2020.05.19-04.34.36:494][  0]LogUObjectAllocator: 7548648 out of 0 bytes used by permanent object pool.
[2020.05.19-04.34.36:494][  0]LogUObjectArray: CloseDisregardForGC: 0/0 objects in disregard for GC pool
[2020.05.19-04.34.37:363][  0]LogTcpMessaging: Initializing TcpMessaging bridge
[2020.05.19-04.34.37:366][  0]LogUdpMessaging: Initializing bridge on interface 0.0.0.0:0 to multicast group 230.0.0.1:6666.
[2020.05.19-04.34.37:428][  0]SourceControl: Source control is disabled
[2020.05.19-04.34.38:013][  0]LogAndroidPermission: UAndroidPermissionCallbackProxy::GetInstance
[2020.05.19-04.34.38:091][  0]LogOcInput: OculusInput pre-init called
[2020.05.19-04.34.38:099][  0]LogWindows: Failed to load 'OVRPlugin.dll' (GetLastError=126)
[2020.05.19-04.34.38:099][  0]LogWindows: File 'OVRPlugin.dll' does not exist
[2020.05.19-04.34.49:545][  0]LogEngine: Initializing Engine...
[2020.05.19-04.34.49:546][  0]LogHMD: Failed to initialize OpenVR with code 100
[2020.05.19-04.34.49:547][  0]LogStats: UGameplayTagsManager::InitializeManager -  0.000 s
[2020.05.19-04.34.49:799][  0]LogInit: Initializing FReadOnlyCVARCache
[2020.05.19-04.34.49:818][  0]LogAIModule: Creating AISystem for world Untitled
[2020.05.19-04.34.49:836][  0]LogInit: XAudio2 using 'Speakers (Realtek High Definition Audio)' : 2 channels at 48 kHz using 32 bits per sample (channel mask 0x3)
[2020.05.19-04.34.49:862][  0]LogInit: FAudioDevice initialized.
[2020.05.19-04.34.49:863][  0]LogNetVersion: Set ProjectVersion to 1.0.0.0. Version Checksum will be recalculated on next use.
[2020.05.19-04.34.50:095][  0]LogDerivedDataCache: Saved boot cache 0.23s 74MB C:/Users/Brian/AppData/Local/UnrealEngine/4.23/DerivedDataCache/Boot.ddc.
[2020.05.19-04.34.50:104][  0]LogInit: Texture streaming: Enabled
[2020.05.19-04.34.50:128][  0]LogEngineSessionManager: EngineSessionManager initialized
[2020.05.19-04.34.50:128][  0]LogEditorSessionSummary: Verbose: Initializing EditorSessionSummaryWriter for editor session tracking
[2020.05.19-04.34.50:129][  0]LogEditorSessionSummary: EditorSessionSummaryWriter initialized
[2020.05.19-04.34.50:210][  0]LogInit: Transaction tracking system initialized
[2020.05.19-04.34.50:249][  0]BlueprintLog: New page: Editor Load
[2020.05.19-04.34.50:337][  0]LocalizationService: Localization service is disabled
[2020.05.19-04.34.50:690][  0]LogLinker: Warning: Failed to load '/Game/2DSideScrollerBP/2DSideScrollerOverview': Can't find file.
[2020.05.19-04.34.50:691][  0]LogLinker: Warning: Failed to load '/Game/2DSideScrollerBP/2DSideScrollerOverview': Can't find file.
[2020.05.19-04.34.50:691][  0]LogUObjectGlobals: Warning: Failed to find object 'Class /Game/2DSideScrollerBP/2DSideScrollerOverview.2DSideScrollerOverview_C'
[2020.05.19-04.34.50:890][  0]LogFileCache: Scanning file cache for directory 'C:/Users/Brian/Documents/Unreal Projects/Barrels2020/Content/' took 0.00s
[2020.05.19-04.34.50:890][  0]LogCook: Display: Max memory allowance for cook 16384mb min free memory 0mb
[2020.05.19-04.34.50:890][  0]LogCook: Display: Mobile HDR setting 1
[2020.05.19-04.34.52:446][  0]Cmd: MAP LOAD FILE="../../../../../../Users/Brian/Documents/Unreal Projects/Barrels2020/Content/FirstPersonBP/Maps/FirstPersonExampleMap.umap" TEMPLATE=0 SHOWPROGRESS=1 FEATURELEVEL=3
[2020.05.19-04.34.52:446][  0]LightingResults: New page: Lighting Build
[2020.05.19-04.34.52:449][  0]LogWorld: UWorld::CleanupWorld for Untitled, bSessionEnded=true, bCleanupResources=true
[2020.05.19-04.34.52:449][  0]MapCheck: New page: Map Check
[2020.05.19-04.34.52:449][  0]LightingResults: New page: Lighting Build
[2020.05.19-04.34.52:512][  0]LogUObjectHash: Compacting FUObjectHashTables data took   2.29ms
[2020.05.19-04.34.52:869][  0]LogMaterial: Display: Missing cached shader map for material Wood, compiling. 
[2020.05.19-04.34.53:079][  0]LogShaderCompilers: Display: Worker (1/3): shaders left to compile 31
[2020.05.19-04.34.53:079][  0]LogShaderCompilers: Display: Worker (2/3): shaders left to compile 21
[2020.05.19-04.34.53:079][  0]LogShaderCompilers: Display: Worker (3/3): shaders left to compile 11
[2020.05.19-04.34.53:079][  0]LogMaterial: Display: Missing cached shader map for material Chrome, compiling. 
[2020.05.19-04.34.53:142][  0]LogAIModule: Creating AISystem for world FirstPersonExampleMap
[2020.05.19-04.34.53:152][  0]LogEditorServer: Finished looking for orphan Actors (0.000 secs)
[2020.05.19-04.34.53:182][  0]LogUObjectHash: Compacting FUObjectHashTables data took   2.63ms
[2020.05.19-04.34.53:183][  0]Cmd: MAP CHECKDEP NOCLEARLOG
[2020.05.19-04.34.53:183][  0]MapCheck: Map check complete: 0 Error(s), 0 Warning(s), took 0.186ms to complete.
[2020.05.19-04.34.53:183][  0]LogFileHelpers: Loading map 'FirstPersonExampleMap' took 0.737
[2020.05.19-04.34.53:290][  0]LogSlate: Updating window title bar state: overlay mode, drag disabled, window buttons hidden, title bar hidden
[2020.05.19-04.34.53:298][  0]LogSlate: Updating window title bar state: overlay mode, drag disabled, window buttons hidden, title bar hidden
[2020.05.19-04.34.53:305][  0]LogSlate: Updating window title bar state: overlay mode, drag disabled, window buttons hidden, title bar hidden
[2020.05.19-04.34.53:313][  0]LogSlate: Updating window title bar state: overlay mode, drag disabled, window buttons hidden, title bar hidden
[2020.05.19-04.34.53:320][  0]LogCollectionManager: Loaded 0 collections in 0.002315 seconds
[2020.05.19-04.34.53:326][  0]LogFileCache: Scanning file cache for directory 'C:/Users/Brian/Documents/Unreal Projects/Barrels2020/Saved/Collections/' took 0.00s
[2020.05.19-04.34.53:326][  0]LogFileCache: Scanning file cache for directory 'C:/Users/Brian/Documents/Unreal Projects/Barrels2020/Content/Developers/Brian/Collections/' took 0.00s
[2020.05.19-04.34.53:326][  0]LogFileCache: Scanning file cache for directory 'C:/Users/Brian/Documents/Unreal Projects/Barrels2020/Content/Collections/' took 0.00s
[2020.05.19-04.34.53:326][  0]LogCollectionManager: Rebuilt the GUID cache for 0 collections in 0.000002 seconds
[2020.05.19-04.34.53:335][  0]LogContentBrowser: Native class hierarchy populated in 0.0089 seconds. Added 3045 classes and 765 folders.
[2020.05.19-04.34.53:343][  0]LogContentBrowser: Native class hierarchy updated for 'WidgetCarousel' in 0.0002 seconds. Added 0 classes and 0 folders.
[2020.05.19-04.34.53:387][  0]LogContentBrowser: Native class hierarchy updated for 'AddContentDialog' in 0.0003 seconds. Added 0 classes and 0 folders.
[2020.05.19-04.34.53:390][  0]LogContentBrowser: Native class hierarchy updated for 'SceneOutliner' in 0.0003 seconds. Added 1 classes and 0 folders.
[2020.05.19-04.34.53:474][  0]LogSlate: Took 0.000149 seconds to synchronously load lazily loaded font '../../../Engine/Content/Slate/Fonts/Roboto-Regular.ttf' (155K)
[2020.05.19-04.34.53:476][  0]LogSlate: Took 0.000145 seconds to synchronously load lazily loaded font '../../../Engine/Content/Slate/Fonts/Roboto-Bold.ttf' (160K)
[2020.05.19-04.34.53:480][  0]LogSlate: Took 0.000169 seconds to synchronously load lazily loaded font '../../../Engine/Content/Editor/Slate/Fonts/FontAwesome.ttf' (139K)
[2020.05.19-04.34.53:547][  0]LogRenderer: Reallocating scene render targets to support 864x568 Format 9 NumSamples 1 (Frame:1).
[2020.05.19-04.34.53:858][  0]LogContentBrowser: Native class hierarchy updated for 'HierarchicalLODOutliner' in 0.0003 seconds. Added 0 classes and 0 folders.
[2020.05.19-04.34.53:859][  0]LogLoad: (Engine Initialization) Total time: 21.61 seconds
[2020.05.19-04.34.53:859][  0]LogLoad: (Engine Initialization) Total Blueprint compile time: 0.00 seconds
[2020.05.19-04.34.53:908][  0]LogAssetRegistry: Asset discovery search completed in 18.3285 seconds
[2020.05.19-04.34.53:913][  0]LogCollectionManager: Rebuilt the object cache for 0 collections in 0.000005 seconds (found 0 objects)
[2020.05.19-04.34.53:913][  0]LogCollectionManager: Fixed up redirectors for 0 collections in 0.000064 seconds (updated 0 objects)
[2020.05.19-04.34.53:914][  0]LogContentStreaming: Texture pool size now 800 MB
[2020.05.19-04.34.53:944][  0]LogSlate: Took 0.000160 seconds to synchronously load lazily loaded font '../../../Engine/Content/Slate/Fonts/Roboto-Light.ttf' (167K)
[2020.05.19-04.34.54:305][  2]LogEditorViewport: Clicking on Actor (LMB): BP_Sky_Sphere_C (SkySphereBlueprint)
[2020.05.19-04.35.02:430][751]LogSlate: FSceneViewport::OnFocusLost() reason 0
[2020.05.19-04.35.02:553][763]LogRenderer: Reallocating scene render targets to support 880x568 Format 9 NumSamples 1 (Frame:758).
[2020.05.19-04.35.02:638][763]LogShaderCompilers: Display: Worker (1/3): shaders left to compile 32
[2020.05.19-04.35.02:646][764]LogRenderer: Reallocating scene render targets to support 908x568 Format 9 NumSamples 1 (Frame:760).
[2020.05.19-04.35.02:740][765]LogRenderer: Reallocating scene render targets to support 1128x568 Format 9 NumSamples 1 (Frame:762).
[2020.05.19-04.35.04:256][765]LogShaderCompilers: Display: Worker (3/3): shaders left to compile 22
[2020.05.19-04.35.05:106][766]LogRenderer: Reallocating scene render targets to support 1156x568 Format 9 NumSamples 1 (Frame:764).
[2020.05.19-04.35.05:689][766]LogShaderCompilers: Display: Worker (2/3): shaders left to compile 14
[2020.05.19-04.35.09:178][766]LogShaderCompilers: Display: Worker (1/3): shaders left to compile 9
[2020.05.19-04.35.09:178][766]LogShaderCompilers: Display: Worker (1/3): shaders left to compile 5
[2020.05.19-04.35.09:179][766]LogShaderCompilers: Display: Worker (3/3): shaders left to compile 3
[2020.05.19-04.35.09:179][766]LogShaderCompilers: Display: Worker (2/3): shaders left to compile 1
[2020.05.19-04.35.11:626][773]LogD3D11RHI: Timed out while waiting for GPU to catch up. (0.5 s) (ErrorCode 00000001)
[2020.05.19-04.35.13:863][941]LogEditorViewport: Clicking on Actor (LMB): StaticMeshActor (BigWall)
[2020.05.19-04.35.14:972][ 58]LogSlate: FSceneViewport::OnFocusLost() reason 0
[2020.05.19-04.35.21:574][658]LogSlate: FSceneViewport::OnFocusLost() reason 0
[2020.05.19-04.35.52:935][175]LogEditorViewport: Clicking on Actor (LMB): StaticMeshActor (FloatingTable_03)
[2020.05.19-04.35.56:709][603]LogSlate: FSceneViewport::OnFocusLost() reason 2
[2020.05.19-04.35.57:618][707]LogSlate: FSceneViewport::OnFocusLost() reason 5
[2020.05.19-04.35.57:696][707]LogSlate: Took 0.000170 seconds to synchronously load lazily loaded font '../../../Engine/Content/Slate/Fonts/Roboto-Light.ttf' (167K)
[2020.05.19-04.35.57:702][707]LogSlate: FSceneViewport::OnFocusLost() reason 5
[2020.05.19-04.35.57:744][707]LogUObjectHash: Compacting FUObjectHashTables data took   0.85ms
[2020.05.19-04.35.57:924][707]LogSavePackage: Moving '../../../../../../Users/Brian/Documents/Unreal Projects/Barrels2020/Saved/FirstPersonExampleMapF1A59BD94DF57358E65DC5A10C325D4D.tmp' to '../../../../../../Users/Brian/Documents/Unreal Projects/Barrels2020/Content/FirstPersonBP/Maps/FirstPersonExampleMap.umap'
[2020.05.19-04.35.57:956][707]LogFileHelpers: Saving map 'FirstPersonExampleMap' took 0.241
[2020.05.19-04.36.07:228][780]LogSlate: FSceneViewport::OnFocusLost() reason 0
[2020.05.19-04.36.12:168][283]LogAssetEditorManager: Opening Asset editor for Material /Game/Tables/Wood.Wood
[2020.05.19-04.36.12:261][283]LogMaterial: Display: Missing cached shader map for material Wood, compiling. 
[2020.05.19-04.36.14:010][283]LogMaterial: Display: Missing cached shader map for material Wood, compiling. 
[2020.05.19-04.36.14:055][283]LogShaderCompilers: Display: Worker (1/3): shaders left to compile 30
[2020.05.19-04.36.14:055][283]LogShaderCompilers: Display: Worker (2/3): shaders left to compile 29
[2020.05.19-04.36.14:055][283]LogShaderCompilers: Display: Worker (3/3): shaders left to compile 28
[2020.05.19-04.36.14:058][283]LogMaterial: Display: Missing cached shader map for material Wood, compiling. 
[2020.05.19-04.36.14:090][283]LogMaterial: Display: Missing cached shader map for material FMatExpressionPreview MaterialExpressionVectorParameter_0, compiling. 
[2020.05.19-04.36.14:391][283]LogSlate: Took 0.186881 seconds to synchronously load lazily loaded font '../../../Engine/Content/Slate/Fonts/Roboto-BoldCondensed.ttf' (158K)
[2020.05.19-04.36.15:576][284]LogShaderCompilers: Display: Worker (3/3): shaders left to compile 34
[2020.05.19-04.36.15:576][284]LogShaderCompilers: Display: Worker (1/3): shaders left to compile 33
[2020.05.19-04.36.15:576][284]LogShaderCompilers: Display: Worker (2/3): shaders left to compile 32
[2020.05.19-04.36.15:576][284]LogShaderCompilers: Display: Worker (3/3): shaders left to compile 31
[2020.05.19-04.36.15:576][284]LogShaderCompilers: Display: Worker (1/3): shaders left to compile 30
[2020.05.19-04.36.15:576][284]LogShaderCompilers: Display: Worker (2/3): shaders left to compile 29
[2020.05.19-04.36.15:576][284]LogShaderCompilers: Display: Worker (1/3): shaders left to compile 28
[2020.05.19-04.36.15:576][284]LogShaderCompilers: Display: Worker (3/3): shaders left to compile 27
[2020.05.19-04.36.15:576][284]LogShaderCompilers: Display: Worker (2/3): shaders left to compile 26
[2020.05.19-04.36.15:576][284]LogShaderCompilers: Display: Worker (1/3): shaders left to compile 25
[2020.05.19-04.36.15:576][284]LogShaderCompilers: Display: Worker (3/3): shaders left to compile 24
[2020.05.19-04.36.16:515][343]LogShaderCompilers: Display: Worker (2/3): shaders left to compile 23
[2020.05.19-04.36.17:346][394]LogShaderCompilers: Display: Worker (1/3): shaders left to compile 22
[2020.05.19-04.36.17:509][405]LogShaderCompilers: Display: Worker (2/3): shaders left to compile 21
[2020.05.19-04.36.17:563][405]LogShaderCompilers: Display: Worker (3/3): shaders left to compile 20
[2020.05.19-04.36.17:563][405]LogSlate: Took 0.045109 seconds to synchronously load lazily loaded font '../../../Engine/Content/Slate/Fonts/Roboto-Italic.ttf' (157K)
[2020.05.19-04.36.18:381][452]LogShaderCompilers: Display: Worker (3/3): shaders left to compile 19
[2020.05.19-04.36.18:775][480]LogShaderCompilers: Display: Worker (1/3): shaders left to compile 18
[2020.05.19-04.36.18:908][489]LogShaderCompilers: Display: Worker (2/3): shaders left to compile 17
[2020.05.19-04.36.19:930][553]LogShaderCompilers: Display: Worker (3/3): shaders left to compile 16
[2020.05.19-04.36.20:098][565]LogShaderCompilers: Display: Worker (2/3): shaders left to compile 15
[2020.05.19-04.36.20:320][582]LogShaderCompilers: Display: Worker (1/3): shaders left to compile 14
[2020.05.19-04.36.21:443][659]LogShaderCompilers: Display: Worker (1/3): shaders left to compile 13
[2020.05.19-04.36.21:786][686]LogShaderCompilers: Display: Worker (3/3): shaders left to compile 12
[2020.05.19-04.36.21:798][687]LogShaderCompilers: Display: Worker (2/3): shaders left to compile 11
[2020.05.19-04.36.22:717][748]LogMaterial: Display: Missing cached shader map for material Wood, compiling. 
[2020.05.19-04.36.22:739][748]LogShaderCompilers: Display: Worker (2/3): shaders left to compile 4
[2020.05.19-04.36.22:744][748]LogMaterial: Display: Missing cached shader map for material Wood, compiling. 
[2020.05.19-04.36.23:244][784]LogShaderCompilers: Display: Worker (1/3): shaders left to compile 33
[2020.05.19-04.36.23:296][788]LogShaderCompilers: Display: Worker (3/3): shaders left to compile 32
[2020.05.19-04.36.23:930][830]LogShaderCompilers: Display: Worker (2/3): shaders left to compile 31
[2020.05.19-04.36.24:478][867]LogShaderCompilers: Display: Worker (3/3): shaders left to compile 30
[2020.05.19-04.36.24:522][870]LogShaderCompilers: Display: Worker (1/3): shaders left to compile 29
[2020.05.19-04.36.24:658][880]LogMaterial: Display: Missing cached shader map for material Wood, compiling. 
[2020.05.19-04.36.24:785][888]LogMaterialEditor: Saving and Compiling material Wood
[2020.05.19-04.36.25:247][888]LogShaderCompilers: Display: Worker (2/3): shaders left to compile 30
[2020.05.19-04.36.25:247][888]LogShaderCompilers: Display: Worker (1/3): shaders left to compile 29
[2020.05.19-04.36.25:247][888]LogShaderCompilers: Display: Worker (3/3): shaders left to compile 28
[2020.05.19-04.36.25:247][888]LogShaderCompilers: Display: Worker (2/3): shaders left to compile 27
[2020.05.19-04.36.25:268][888]LogMaterial: Display: Missing cached shader map for material Wood, compiling. 
[2020.05.19-04.36.25:347][888]LogShaderCompilers: Display: Worker (1/3): shaders left to compile 30
[2020.05.19-04.36.25:347][888]LogShaderCompilers: Display: Worker (3/3): shaders left to compile 29
[2020.05.19-04.36.25:534][888]LogShaderCompilers: Display: Worker (2/3): shaders left to compile 28
[2020.05.19-04.36.25:534][888]LogMaterial: Display: Missing cached shader map for material Wood, compiling. 
[2020.05.19-04.36.25:566][888]LogMaterial: Display: Missing cached shader map for material Wood, compiling. 
[2020.05.19-04.36.25:613][888]LogUObjectHash: Compacting FUObjectHashTables data took   2.19ms
[2020.05.19-04.36.25:789][888]LogShaderCompilers: Display: Worker (1/3): shaders left to compile 58
[2020.05.19-04.36.25:789][888]LogShaderCompilers: Display: Worker (3/3): shaders left to compile 57
[2020.05.19-04.36.25:789][888]LogMaterial: Display: Missing cached shader map for material DebugViewMode MaterialTexCoordScale, compiling. 
[2020.05.19-04.36.29:913][888]LogShaderCompilers: Display: Worker (2/3): shaders left to compile 56
[2020.05.19-04.36.29:913][888]LogShaderCompilers: Display: Worker (1/3): shaders left to compile 57
[2020.05.19-04.36.29:913][888]LogShaderCompilers: Display: Worker (3/3): shaders left to compile 56
[2020.05.19-04.36.29:913][888]LogShaderCompilers: Display: Worker (2/3): shaders left to compile 55
[2020.05.19-04.36.29:913][888]LogShaderCompilers: Display: Worker (3/3): shaders left to compile 54
[2020.05.19-04.36.29:913][888]LogShaderCompilers: Display: Worker (1/3): shaders left to compile 53
[2020.05.19-04.36.29:913][888]LogShaderCompilers: Display: Worker (2/3): shaders left to compile 52
[2020.05.19-04.36.29:913][888]LogShaderCompilers: Display: Worker (2/3): shaders left to compile 51
[2020.05.19-04.36.29:913][888]LogShaderCompilers: Display: Worker (3/3): shaders left to compile 50
[2020.05.19-04.36.29:913][888]LogShaderCompilers: Display: Worker (1/3): shaders left to compile 49
[2020.05.19-04.36.29:913][888]LogShaderCompilers: Display: Worker (1/3): shaders left to compile 48
[2020.05.19-04.36.29:913][888]LogShaderCompilers: Display: Worker (3/3): shaders left to compile 47
[2020.05.19-04.36.29:913][888]LogShaderCompilers: Display: Worker (2/3): shaders left to compile 46
[2020.05.19-04.36.29:913][888]LogShaderCompilers: Display: Worker (1/3): shaders left to compile 45
[2020.05.19-04.36.29:913][888]LogShaderCompilers: Display: Worker (2/3): shaders left to compile 44
[2020.05.19-04.36.29:913][888]LogShaderCompilers: Display: Worker (3/3): shaders left to compile 43
[2020.05.19-04.36.29:913][888]LogShaderCompilers: Display: Worker (1/3): shaders left to compile 42
[2020.05.19-04.36.29:913][888]LogShaderCompilers: Display: Worker (3/3): shaders left to compile 41
[2020.05.19-04.36.29:913][888]LogShaderCompilers: Display: Worker (2/3): shaders left to compile 40
[2020.05.19-04.36.29:913][888]LogShaderCompilers: Display: Worker (2/3): shaders left to compile 39
[2020.05.19-04.36.29:913][888]LogShaderCompilers: Display: Worker (1/3): shaders left to compile 38
[2020.05.19-04.36.29:913][888]LogShaderCompilers: Display: Worker (3/3): shaders left to compile 37
[2020.05.19-04.36.29:913][888]LogShaderCompilers: Display: Worker (3/3): shaders left to compile 36
[2020.05.19-04.36.29:913][888]LogShaderCompilers: Display: Worker (2/3): shaders left to compile 35
[2020.05.19-04.36.29:913][888]LogShaderCompilers: Display: Worker (1/3): shaders left to compile 34
[2020.05.19-04.36.29:913][888]LogShaderCompilers: Display: Worker (3/3): shaders left to compile 33
[2020.05.19-04.36.29:913][888]LogShaderCompilers: Display: Worker (1/3): shaders left to compile 32
[2020.05.19-04.36.29:913][888]LogShaderCompilers: Display: Worker (2/3): shaders left to compile 31
[2020.05.19-04.36.29:913][888]LogShaderCompilers: Display: Worker (3/3): shaders left to compile 21
[2020.05.19-04.36.29:913][888]LogShaderCompilers: Display: Worker (1/3): shaders left to compile 13
[2020.05.19-04.36.29:915][888]TextureStreamingBuild: Display: Compiling optional shaders took 4.302 seconds.
[2020.05.19-04.36.29:968][888]LogUObjectHash: Compacting FUObjectHashTables data took   0.81ms
[2020.05.19-04.36.30:067][888]LogSlate: FSceneViewport::OnFocusLost() reason 5
[2020.05.19-04.36.30:463][888]LogSlate: FSceneViewport::OnFocusLost() reason 5
[2020.05.19-04.36.34:518][888]LogShaderCompilers: Display: Worker (1/3): shaders left to compile 8
[2020.05.19-04.36.34:518][888]LogShaderCompilers: Display: Worker (2/3): shaders left to compile 5
[2020.05.19-04.36.34:518][888]LogShaderCompilers: Display: Worker (3/3): shaders left to compile 3
[2020.05.19-04.36.34:518][888]LogShaderCompilers: Display: Worker (2/3): shaders left to compile 1
[2020.05.19-04.36.34:585][888]Cmd: OBJ SAVEPACKAGE PACKAGE="/Game/Tables/Wood" FILE="../../../../../../Users/Brian/Documents/Unreal Projects/Barrels2020/Content/Tables/Wood.uasset" SILENT=true
[2020.05.19-04.36.34:611][888]LogSavePackage: Moving '../../../../../../Users/Brian/Documents/Unreal Projects/Barrels2020/Saved/Wood67D5231E49D6028261259BA54D48579E.tmp' to '../../../../../../Users/Brian/Documents/Unreal Projects/Barrels2020/Content/Tables/Wood.uasset'
[2020.05.19-04.36.34:733][888]MaterialEditorStats: Base pass shader: 118 instructions
[2020.05.19-04.36.34:733][888]MaterialEditorStats: Base pass shader with Surface Lightmap: 145 instructions
[2020.05.19-04.36.34:733][888]MaterialEditorStats: Base pass shader with Volumetric Lightmap: 192 instructions
[2020.05.19-04.36.34:733][888]MaterialEditorStats: Base pass vertex shader: 40 instructions
[2020.05.19-04.36.34:733][888]MaterialEditorStats: Texture samplers: 3/16
[2020.05.19-04.36.38:422][200]LogSlate: FSceneViewport::OnFocusLost() reason 0
[2020.05.19-04.36.38:544][212]LogSlate: Window 'Wood' being destroyed
[2020.05.19-04.36.38:554][212]LogSlate: Window 'Wood' being destroyed
[2020.05.19-04.36.38:639][212]LogWorld: UWorld::CleanupWorld for World_2, bSessionEnded=true, bCleanupResources=true
[2020.05.19-04.36.40:340][387]LogSlate: FSceneViewport::OnFocusLost() reason 2
[2020.05.19-04.36.46:629][ 83]SourceControl: fatal: C:/Program Files/Epic Games/UE_4.23/Engine/Content: 'C:/Program Files/Epic Games/UE_4.23/Engine/Content' is outside repository
[2020.05.19-04.36.46:747][ 83]LogSlate: FSceneViewport::OnFocusLost() reason 5
[2020.05.19-04.36.55:274][ 83]LogSlate: Window 'Submit Files' being destroyed
[2020.05.19-04.36.55:297][ 83]LogSlate: FSceneViewport::OnFocusLost() reason 5
[2020.05.19-04.36.55:490][ 83]LogSlate: FSceneViewport::OnFocusLost() reason 5
[2020.05.19-04.36.57:245][ 83]LogSourceControl: commit successful: [master 93147e6] Edited Map and Materials
[2020.05.19-04.36.57:356][ 83]SourceControl: [master 93147e6] Edited Map and Materials
[2020.05.19-04.36.57:356][ 83]SourceControl:  2 files changed, 0 insertions(+), 0 deletions(-)
[2020.05.19-04.36.57:356][ 83]SourceControl:  rewrite Content/Tables/Wood.uasset (96%)
[2020.05.19-04.36.57:366][ 83]SourceControl: Commited [master 93147e6] Edited Map and Materials.
[2020.05.19-04.37.03:008][589]LogSlate: FSceneViewport::OnFocusLost() reason 0
[2020.05.19-04.38.03:874][785]LogSlate: FSceneViewport::OnFocusLost() reason 5
[2020.05.19-04.38.07:851][211]LogSlate: FSceneViewport::OnFocusLost() reason 2
[2020.05.19-04.38.08:675][306]LogSlate: FSceneViewport::OnFocusLost() reason 5
[2020.05.19-04.38.08:754][306]LogSlate: FSceneViewport::OnFocusLost() reason 5
[2020.05.19-04.38.08:794][306]LogUObjectHash: Compacting FUObjectHashTables data took   2.05ms
[2020.05.19-04.38.08:945][306]LogSavePackage: Moving '../../../../../../Users/Brian/Documents/Unreal Projects/Barrels2020/Saved/FirstPersonExampleMap4A08C6124E13236B3D8BD1940621D938.tmp' to '../../../../../../Users/Brian/Documents/Unreal Projects/Barrels2020/Content/FirstPersonBP/Maps/FirstPersonExampleMap.umap'
[2020.05.19-04.38.08:981][306]LogFileHelpers: Saving map 'FirstPersonExampleMap' took 0.219
[2020.05.19-04.38.13:967][825]LogSlate: FSceneViewport::OnFocusLost() reason 0
[2020.05.19-04.38.14:192][843]LogAssetEditorManager: Opening Asset editor for Material /Game/Tables/Chrome.Chrome
[2020.05.19-04.38.14:266][843]LogMaterial: Display: Missing cached shader map for material Chrome, compiling. 
[2020.05.19-04.38.14:381][843]LogMaterial: Display: Missing cached shader map for material Chrome, compiling. 
[2020.05.19-04.38.14:447][843]LogMaterial: Display: Missing cached shader map for material Chrome, compiling. 
[2020.05.19-04.38.14:509][843]LogShaderCompilers: Display: Worker (1/3): shaders left to compile 30
[2020.05.19-04.38.14:509][843]LogShaderCompilers: Display: Worker (2/3): shaders left to compile 29
[2020.05.19-04.38.14:509][843]LogShaderCompilers: Display: Worker (3/3): shaders left to compile 28
[2020.05.19-04.38.14:509][843]LogMaterial: Display: Missing cached shader map for material FMatExpressionPreview MaterialExpressionVectorParameter_0, compiling. 
[2020.05.19-04.38.14:520][843]LogMaterial: Display: Missing cached shader map for material FMatExpressionPreview MaterialExpressionConstant3Vector_0, compiling. 
[2020.05.19-04.38.15:691][913]LogShaderCompilers: Display: Worker (3/3): shaders left to compile 35
[2020.05.19-04.38.15:715][915]LogShaderCompilers: Display: Worker (2/3): shaders left to compile 34
[2020.05.19-04.38.16:129][942]LogShaderCompilers: Display: Worker (3/3): shaders left to compile 33
[2020.05.19-04.38.16:235][949]LogShaderCompilers: Display: Worker (2/3): shaders left to compile 32
[2020.05.19-04.38.16:767][980]LogShaderCompilers: Display: Worker (3/3): shaders left to compile 31
[2020.05.19-04.38.16:812][983]LogShaderCompilers: Display: Worker (2/3): shaders left to compile 30
[2020.05.19-04.38.17:028][997]LogShaderCompilers: Display: Worker (3/3): shaders left to compile 29
[2020.05.19-04.38.17:495][ 20]LogShaderCompilers: Display: Worker (2/3): shaders left to compile 28
[2020.05.19-04.38.18:260][ 65]LogShaderCompilers: Display: Worker (1/3): shaders left to compile 27
[2020.05.19-04.38.18:359][ 72]LogShaderCompilers: Display: Worker (3/3): shaders left to compile 26
[2020.05.19-04.38.18:891][105]LogShaderCompilers: Display: Worker (2/3): shaders left to compile 25
[2020.05.19-04.38.19:227][126]LogShaderCompilers: Display: Worker (1/3): shaders left to compile 24
[2020.05.19-04.38.19:745][160]LogShaderCompilers: Display: Worker (3/3): shaders left to compile 23
[2020.05.19-04.38.20:048][182]LogShaderCompilers: Display: Worker (1/3): shaders left to compile 22
[2020.05.19-04.38.20:318][201]LogShaderCompilers: Display: Worker (2/3): shaders left to compile 21
[2020.05.19-04.38.20:883][239]LogShaderCompilers: Display: Worker (3/3): shaders left to compile 20
[2020.05.19-04.38.21:397][274]LogShaderCompilers: Display: Worker (2/3): shaders left to compile 19
[2020.05.19-04.38.21:476][279]LogShaderCompilers: Display: Worker (1/3): shaders left to compile 18
[2020.05.19-04.38.21:879][302]LogMaterial: Display: Missing cached shader map for material Chrome, compiling. 
[2020.05.19-04.38.22:374][331]LogShaderCompilers: Display: Worker (1/3): shaders left to compile 38
[2020.05.19-04.38.22:628][348]LogShaderCompilers: Display: Worker (3/3): shaders left to compile 37
[2020.05.19-04.38.23:200][376]LogShaderCompilers: Display: Worker (2/3): shaders left to compile 36
[2020.05.19-04.38.23:570][400]LogShaderCompilers: Display: Worker (1/3): shaders left to compile 35
[2020.05.19-04.38.23:852][419]LogShaderCompilers: Display: Worker (3/3): shaders left to compile 34
[2020.05.19-04.38.24:154][439]LogShaderCompilers: Display: Worker (2/3): shaders left to compile 33
[2020.05.19-04.38.24:598][468]LogShaderCompilers: Display: Worker (1/3): shaders left to compile 32
[2020.05.19-04.38.24:880][471]LogShaderCompilers: Display: Worker (3/3): shaders left to compile 31
[2020.05.19-04.38.24:889][471]LogShaderCompilers: Display: Worker (2/3): shaders left to compile 30
[2020.05.19-04.38.25:017][471]LogShaderCompilers: Display: Worker (1/3): shaders left to compile 29
[2020.05.19-04.38.25:283][471]LogShaderCompilers: Display: Worker (2/3): shaders left to compile 28
[2020.05.19-04.38.25:322][471]LogShaderCompilers: Display: Worker (1/3): shaders left to compile 27
[2020.05.19-04.38.25:367][471]LogShaderCompilers: Display: Worker (3/3): shaders left to compile 26
[2020.05.19-04.38.25:583][471]LogShaderCompilers: Display: Worker (2/3): shaders left to compile 25
[2020.05.19-04.38.25:673][471]LogShaderCompilers: Display: Worker (3/3): shaders left to compile 24
[2020.05.19-04.38.25:730][471]LogShaderCompilers: Display: Worker (1/3): shaders left to compile 23
[2020.05.19-04.38.25:916][471]LogShaderCompilers: Display: Worker (2/3): shaders left to compile 22
[2020.05.19-04.38.25:966][471]LogShaderCompilers: Display: Worker (1/3): shaders left to compile 21
[2020.05.19-04.38.26:038][471]LogShaderCompilers: Display: Worker (3/3): shaders left to compile 20
[2020.05.19-04.38.26:193][471]LogShaderCompilers: Display: Worker (2/3): shaders left to compile 19
[2020.05.19-04.38.26:791][471]LogShaderCompilers: Display: Worker (1/3): shaders left to compile 18
[2020.05.19-04.38.26:815][471]LogShaderCompilers: Display: Worker (2/3): shaders left to compile 17
[2020.05.19-04.38.26:947][471]LogShaderCompilers: Display: Worker (3/3): shaders left to compile 16
[2020.05.19-04.38.27:468][471]LogShaderCompilers: Display: Worker (3/3): shaders left to compile 15
[2020.05.19-04.38.27:541][471]LogShaderCompilers: Display: Worker (2/3): shaders left to compile 14
[2020.05.19-04.38.27:549][471]LogShaderCompilers: Display: Worker (1/3): shaders left to compile 13
[2020.05.19-04.38.28:082][471]LogShaderCompilers: Display: Worker (1/3): shaders left to compile 12
[2020.05.19-04.38.28:170][471]LogShaderCompilers: Display: Worker (3/3): shaders left to compile 11
[2020.05.19-04.38.28:208][471]LogShaderCompilers: Display: Worker (2/3): shaders left to compile 10
[2020.05.19-04.38.28:676][471]LogShaderCompilers: Display: Worker (2/3): shaders left to compile 9
[2020.05.19-04.38.28:705][471]LogShaderCompilers: Display: Worker (1/3): shaders left to compile 8
[2020.05.19-04.38.28:940][471]LogShaderCompilers: Display: Worker (3/3): shaders left to compile 7
[2020.05.19-04.38.29:388][471]LogShaderCompilers: Display: Worker (2/3): shaders left to compile 6
[2020.05.19-04.38.29:396][471]LogShaderCompilers: Display: Worker (3/3): shaders left to compile 5
[2020.05.19-04.38.29:504][471]LogShaderCompilers: Display: Worker (1/3): shaders left to compile 4
[2020.05.19-04.38.29:504][471]LogEditorTransaction: Undo Material Editor: Delete
[2020.05.19-04.38.29:606][471]LogMaterial: Display: Missing cached shader map for material Chrome, compiling. 
[2020.05.19-04.38.29:699][471]LogMaterial: Display: Missing cached shader map for material Chrome, compiling. 
[2020.05.19-04.38.29:742][471]LogMaterial: Display: Missing cached shader map for material FMatExpressionPreview MaterialExpressionConstant3Vector_0, compiling. 
[2020.05.19-04.38.30:230][491]LogShaderCompilers: Display: Worker (1/3): shaders left to compile 34
[2020.05.19-04.38.30:323][498]LogShaderCompilers: Display: Worker (2/3): shaders left to compile 33
[2020.05.19-04.38.30:448][507]LogShaderCompilers: Display: Worker (3/3): shaders left to compile 32
[2020.05.19-04.38.31:023][542]LogShaderCompilers: Display: Worker (1/3): shaders left to compile 31
[2020.05.19-04.38.31:088][546]LogShaderCompilers: Display: Worker (3/3): shaders left to compile 30
[2020.05.19-04.38.31:230][556]LogShaderCompilers: Display: Worker (2/3): shaders left to compile 29
[2020.05.19-04.38.31:755][587]LogShaderCompilers: Display: Worker (1/3): shaders left to compile 28
[2020.05.19-04.38.31:827][592]LogShaderCompilers: Display: Worker (3/3): shaders left to compile 27
[2020.05.19-04.38.32:139][613]LogShaderCompilers: Display: Worker (2/3): shaders left to compile 26
[2020.05.19-04.38.32:307][623]LogShaderCompilers: Display: Worker (3/3): shaders left to compile 25
[2020.05.19-04.38.32:372][628]LogMaterialEditor: Saving and Compiling material Chrome
[2020.05.19-04.38.33:015][628]LogShaderCompilers: Display: Worker (1/3): shaders left to compile 24
[2020.05.19-04.38.33:015][628]LogShaderCompilers: Display: Worker (2/3): shaders left to compile 23
[2020.05.19-04.38.33:059][628]LogMaterial: Display: Missing cached shader map for material Chrome, compiling. 
[2020.05.19-04.38.33:138][628]LogShaderCompilers: Display: Worker (2/3): shaders left to compile 4
[2020.05.19-04.38.33:213][628]LogShaderCompilers: Display: Worker (3/3): shaders left to compile 33
[2020.05.19-04.38.33:213][628]LogMaterial: Display: Missing cached shader map for material Chrome, compiling. 
[2020.05.19-04.38.33:297][628]LogShaderCompilers: Display: Worker (1/3): shaders left to compile 32
[2020.05.19-04.38.33:297][628]LogMaterial: Display: Missing cached shader map for material Chrome, compiling. 
[2020.05.19-04.38.33:347][628]LogUObjectHash: Compacting FUObjectHashTables data took   2.42ms
[2020.05.19-04.38.33:357][628]LogMaterial: Display: Missing cached shader map for material DebugViewMode MaterialTexCoordScale, compiling. 
[2020.05.19-04.38.38:066][628]LogShaderCompilers: Display: Worker (2/3): shaders left to compile 64
[2020.05.19-04.38.38:066][628]LogShaderCompilers: Display: Worker (1/3): shaders left to compile 63
[2020.05.19-04.38.38:066][628]LogShaderCompilers: Display: Worker (3/3): shaders left to compile 62
[2020.05.19-04.38.38:066][628]LogShaderCompilers: Display: Worker (2/3): shaders left to compile 61
[2020.05.19-04.38.38:066][628]LogShaderCompilers: Display: Worker (3/3): shaders left to compile 60
[2020.05.19-04.38.38:066][628]LogShaderCompilers: Display: Worker (1/3): shaders left to compile 59
[2020.05.19-04.38.38:066][628]LogShaderCompilers: Display: Worker (2/3): shaders left to compile 58
[2020.05.19-04.38.38:066][628]LogShaderCompilers: Display: Worker (3/3): shaders left to compile 57
[2020.05.19-04.38.38:066][628]LogShaderCompilers: Display: Worker (1/3): shaders left to compile 56
[2020.05.19-04.38.38:066][628]LogShaderCompilers: Display: Worker (1/3): shaders left to compile 55
[2020.05.19-04.38.38:066][628]LogShaderCompilers: Display: Worker (2/3): shaders left to compile 54
[2020.05.19-04.38.38:066][628]LogShaderCompilers: Display: Worker (3/3): shaders left to compile 53
[2020.05.19-04.38.38:066][628]LogShaderCompilers: Display: Worker (1/3): shaders left to compile 52
[2020.05.19-04.38.38:066][628]LogShaderCompilers: Display: Worker (2/3): shaders left to compile 51
[2020.05.19-04.38.38:066][628]LogShaderCompilers: Display: Worker (1/3): shaders left to compile 50
[2020.05.19-04.38.38:066][628]LogShaderCompilers: Display: Worker (3/3): shaders left to compile 49
[2020.05.19-04.38.38:066][628]LogShaderCompilers: Display: Worker (3/3): shaders left to compile 48
[2020.05.19-04.38.38:066][628]LogShaderCompilers: Display: Worker (2/3): shaders left to compile 47
[2020.05.19-04.38.38:066][628]LogShaderCompilers: Display: Worker (1/3): shaders left to compile 46
[2020.05.19-04.38.38:066][628]LogShaderCompilers: Display: Worker (1/3): shaders left to compile 45
[2020.05.19-04.38.38:066][628]LogShaderCompilers: Display: Worker (3/3): shaders left to compile 44
[2020.05.19-04.38.38:066][628]LogShaderCompilers: Display: Worker (2/3): shaders left to compile 43
[2020.05.19-04.38.38:066][628]LogShaderCompilers: Display: Worker (2/3): shaders left to compile 42
[2020.05.19-04.38.38:066][628]LogShaderCompilers: Display: Worker (1/3): shaders left to compile 41
[2020.05.19-04.38.38:066][628]LogShaderCompilers: Display: Worker (3/3): shaders left to compile 40
[2020.05.19-04.38.38:066][628]LogShaderCompilers: Display: Worker (2/3): shaders left to compile 39
[2020.05.19-04.38.38:066][628]LogShaderCompilers: Display: Worker (3/3): shaders left to compile 38
[2020.05.19-04.38.38:066][628]LogShaderCompilers: Display: Worker (1/3): shaders left to compile 37
[2020.05.19-04.38.38:066][628]LogShaderCompilers: Display: Worker (1/3): shaders left to compile 36
[2020.05.19-04.38.38:066][628]LogShaderCompilers: Display: Worker (2/3): shaders left to compile 35
[2020.05.19-04.38.38:066][628]LogShaderCompilers: Display: Worker (3/3): shaders left to compile 34
[2020.05.19-04.38.38:066][628]LogShaderCompilers: Display: Worker (3/3): shaders left to compile 33
[2020.05.19-04.38.38:066][628]LogShaderCompilers: Display: Worker (1/3): shaders left to compile 32
[2020.05.19-04.38.38:066][628]LogShaderCompilers: Display: Worker (3/3): shaders left to compile 31
[2020.05.19-04.38.38:066][628]LogShaderCompilers: Display: Worker (2/3): shaders left to compile 21
[2020.05.19-04.38.38:066][628]LogShaderCompilers: Display: Worker (1/3): shaders left to compile 13
[2020.05.19-04.38.38:068][628]TextureStreamingBuild: Display: Compiling optional shaders took 4.721 seconds.
[2020.05.19-04.38.38:093][628]LogUObjectHash: Compacting FUObjectHashTables data took   0.79ms
[2020.05.19-04.38.38:112][628]LogSlate: FSceneViewport::OnFocusLost() reason 5
[2020.05.19-04.38.38:414][628]LogSlate: FSceneViewport::OnFocusLost() reason 5
[2020.05.19-04.38.42:389][628]LogShaderCompilers: Display: Worker (1/3): shaders left to compile 8
[2020.05.19-04.38.42:389][628]LogShaderCompilers: Display: Worker (3/3): shaders left to compile 5
[2020.05.19-04.38.42:389][628]LogShaderCompilers: Display: Worker (3/3): shaders left to compile 3
[2020.05.19-04.38.42:389][628]LogShaderCompilers: Display: Worker (2/3): shaders left to compile 1
[2020.05.19-04.38.42:431][628]Cmd: OBJ SAVEPACKAGE PACKAGE="/Game/Tables/Chrome" FILE="../../../../../../Users/Brian/Documents/Unreal Projects/Barrels2020/Content/Tables/Chrome.uasset" SILENT=true
[2020.05.19-04.38.42:454][628]LogSavePackage: Moving '../../../../../../Users/Brian/Documents/Unreal Projects/Barrels2020/Saved/ChromeC93789D44B088EBA4A9E91907CD38804.tmp' to '../../../../../../Users/Brian/Documents/Unreal Projects/Barrels2020/Content/Tables/Chrome.uasset'
[2020.05.19-04.38.42:484][628]MaterialEditorStats: Base pass shader: 120 instructions
[2020.05.19-04.38.42:484][628]MaterialEditorStats: Base pass shader with Surface Lightmap: 147 instructions
[2020.05.19-04.38.42:484][628]MaterialEditorStats: Base pass shader with Volumetric Lightmap: 194 instructions
[2020.05.19-04.38.42:484][628]MaterialEditorStats: Base pass vertex shader: 40 instructions
[2020.05.19-04.38.42:484][628]MaterialEditorStats: Texture samplers: 3/16
[2020.05.19-04.38.42:964][661]LogSlate: FSceneViewport::OnFocusLost() reason 0
[2020.05.19-04.38.43:174][681]LogSlate: Window 'Chrome' being destroyed
[2020.05.19-04.38.43:186][681]LogSlate: Window 'Chrome' being destroyed
[2020.05.19-04.38.43:219][681]LogWorld: UWorld::CleanupWorld for World_3, bSessionEnded=true, bCleanupResources=true
[2020.05.19-04.38.45:679][906]LogSlate: FSceneViewport::OnFocusLost() reason 0
[2020.05.19-04.38.48:313][194]SourceControl: fatal: C:/Program Files/Epic Games/UE_4.23/Engine/Content: 'C:/Program Files/Epic Games/UE_4.23/Engine/Content' is outside repository
[2020.05.19-04.38.50:474][194]LogSlate: Window 'Save Content' being destroyed
[2020.05.19-04.38.50:666][194]LogUObjectHash: Compacting FUObjectHashTables data took   2.06ms
[2020.05.19-04.38.50:803][194]LogSavePackage: Moving '../../../../../../Users/Brian/Documents/Unreal Projects/Barrels2020/Saved/FirstPersonExampleMapEB730EBD4B71BF5A52BC45A826C3E442.tmp' to '../../../../../../Users/Brian/Documents/Unreal Projects/Barrels2020/Content/FirstPersonBP/Maps/FirstPersonExampleMap.umap'
[2020.05.19-04.38.50:833][194]LogFileHelpers: Saving map 'FirstPersonExampleMap' took 0.196
[2020.05.19-04.38.58:972][194]LogSlate: Window 'Submit Files' being destroyed
[2020.05.19-04.39.01:506][194]LogSourceControl: commit successful: [master 4bd17e3] more changes
[2020.05.19-04.39.01:597][194]SourceControl: [master 4bd17e3] more changes
[2020.05.19-04.39.01:597][194]SourceControl:  2 files changed, 0 insertions(+), 0 deletions(-)
[2020.05.19-04.39.01:597][194]SourceControl:  rewrite Content/Tables/Chrome.uasset (94%)
[2020.05.19-04.39.01:607][194]SourceControl: Commited [master 4bd17e3] more changes.
