Log file open, 05/18/20 23:10:55
LogWindows: Failed to load 'aqProf.dll' (GetLastError=126)
LogWindows: File 'aqProf.dll' does not exist
LogWindows: Failed to load 'VtuneApi.dll' (GetLastError=126)
LogWindows: File 'VtuneApi.dll' does not exist
LogWindows: Failed to load 'VtuneApi32e.dll' (GetLastError=126)
LogWindows: File 'VtuneApi32e.dll' does not exist
LogConsoleResponse: Display: Failed to find resolution value strings in scalability ini. Falling back to default.
LogInit: Display: Running engine for game: Barrels2020
LogPlatformFile: Not using cached read wrapper
LogTaskGraph: Started task graph with 5 named threads and 14 total threads with 3 sets of task threads.
LogStats: Stats thread started at 145.018476
LogD3D11RHI: Loaded GFSDK_Aftermath_Lib.x64.dll
LogICUInternationalization: ICU TimeZone Detection - Raw Offset: -5:00, Platform Override: ''
LogPluginManager: Mounting plugin Paper2D
LogPluginManager: Mounting plugin AISupport
LogPluginManager: Mounting plugin LightPropagationVolume
LogPluginManager: Mounting plugin ActorLayerUtilities
LogPluginManager: Mounting plugin AnimationSharing
LogPluginManager: Mounting plugin CLionSourceCodeAccess
LogPluginManager: Mounting plugin CodeLiteSourceCodeAccess
LogPluginManager: Mounting plugin GitSourceControl
LogPluginManager: Mounting plugin KDevelopSourceCodeAccess
LogPluginManager: Mounting plugin NullSourceCodeAccess
LogPluginManager: Mounting plugin PerforceSourceControl
LogPluginManager: Mounting plugin SubversionSourceControl
LogPluginManager: Mounting plugin UObjectPlugin
LogPluginManager: Mounting plugin VisualStudioCodeSourceCodeAccess
LogPluginManager: Mounting plugin VisualStudioSourceCodeAccess
LogPluginManager: Mounting plugin XCodeSourceCodeAccess
LogPluginManager: Mounting plugin AssetManagerEditor
LogPluginManager: Mounting plugin CryptoKeys
LogPluginManager: Mounting plugin CurveEditorTools
LogPluginManager: Mounting plugin DataValidation
LogPluginManager: Mounting plugin EditorScriptingUtilities
LogPluginManager: Mounting plugin FacialAnimation
LogPluginManager: Mounting plugin GameplayTagsEditor
LogPluginManager: Mounting plugin GLTFImporter
LogPluginManager: Mounting plugin MacGraphicsSwitching
LogPluginManager: Mounting plugin MaterialAnalyzer
LogPluginManager: Mounting plugin MeshEditor
LogPluginManager: Mounting plugin MobileLauncherProfileWizard
LogPluginManager: Mounting plugin PluginBrowser
LogPluginManager: Mounting plugin SpeedTreeImporter
LogPluginManager: Mounting plugin DatasmithContent
LogPluginManager: Mounting plugin VariantManagerContent
LogPluginManager: Mounting plugin AlembicImporter
LogPluginManager: Mounting plugin AutomationUtils
LogPluginManager: Mounting plugin BackChannel
LogPluginManager: Mounting plugin BlastPlugin
LogPluginManager: Mounting plugin ChaosSolverPlugin
LogPluginManager: Mounting plugin CharacterAI
LogPluginManager: Mounting plugin DataPrepEditor
LogPluginManager: Mounting plugin GeometryCache
LogPluginManager: Mounting plugin GeometryCollectionPlugin
LogPluginManager: Mounting plugin HTML5Networking
LogPluginManager: Mounting plugin PlatformCrypto
LogPluginManager: Mounting plugin ProxyLODPlugin
LogPluginManager: Mounting plugin SkeletalReduction
LogPluginManager: Mounting plugin MagicLeap
LogPluginManager: Mounting plugin MagicLeapMedia
LogPluginManager: Mounting plugin AndroidMedia
LogPluginManager: Mounting plugin AvfMedia
LogPluginManager: Mounting plugin ImgMedia
LogPluginManager: Mounting plugin MediaCompositing
LogPluginManager: Mounting plugin MediaPlayerEditor
LogPluginManager: Mounting plugin WebMMedia
LogPluginManager: Mounting plugin WmfMedia
LogPluginManager: Mounting plugin TcpMessaging
LogPluginManager: Mounting plugin UdpMessaging
LogPluginManager: Mounting plugin ActorSequence
LogPluginManager: Mounting plugin LevelSequenceEditor
LogPluginManager: Mounting plugin MatineeToLevelSequence
LogPluginManager: Mounting plugin NetcodeUnitTest
LogPluginManager: Mounting plugin NUTUnrealEngine4
LogPluginManager: Mounting plugin OnlineSubsystemGooglePlay
LogPluginManager: Mounting plugin OnlineSubsystemIOS
LogPluginManager: Mounting plugin OnlineSubsystem
LogPluginManager: Mounting plugin OnlineSubsystemNull
LogPluginManager: Mounting plugin OnlineSubsystemUtils
LogPluginManager: Mounting plugin LauncherChunkInstaller
LogPluginManager: Mounting plugin AndroidDeviceProfileSelector
LogPluginManager: Mounting plugin AndroidMoviePlayer
LogPluginManager: Mounting plugin AndroidPermission
LogPluginManager: Mounting plugin AppleImageUtils
LogPluginManager: Mounting plugin AppleMoviePlayer
LogPluginManager: Mounting plugin ArchVisCharacter
LogPluginManager: Mounting plugin AudioCapture
LogPluginManager: Mounting plugin CableComponent
LogPluginManager: Mounting plugin CustomMeshComponent
LogPluginManager: Mounting plugin EditableMesh
LogPluginManager: Mounting plugin ExampleDeviceProfileSelector
LogPluginManager: Mounting plugin GoogleCloudMessaging
LogPluginManager: Mounting plugin IOSDeviceProfileSelector
LogPluginManager: Mounting plugin LinuxDeviceProfileSelector
LogPluginManager: Mounting plugin LocationServicesBPLibrary
LogPluginManager: Mounting plugin MobilePatchingUtils
LogPluginManager: Mounting plugin OculusVR
LogPluginManager: Mounting plugin PhysXVehicles
LogPluginManager: Mounting plugin ProceduralMeshComponent
LogPluginManager: Mounting plugin RuntimePhysXCooking
LogPluginManager: Mounting plugin SignificanceManager
LogPluginManager: Mounting plugin SteamVR
LogPluginManager: Mounting plugin WebMMoviePlayer
LogPluginManager: Mounting plugin WindowsMoviePlayer
LogPluginManager: Mounting plugin ScreenshotTools
LogPluginManager: Mounting plugin DatasmithC4DImporter
LogPluginManager: Mounting plugin DatasmithCADImporter
LogPluginManager: Mounting plugin DatasmithFBXImporter
LogPluginManager: Mounting plugin DatasmithGLTFImporter
LogPluginManager: Mounting plugin DatasmithIFCImporter
LogPluginManager: Mounting plugin DatasmithImporter
LogPluginManager: Mounting plugin MDLImporter
LogPluginManager: Mounting plugin StaticMeshEditorExtension
LogPluginManager: Mounting plugin VariantManager
LogInit: Using libcurl 7.55.1-DEV
LogInit:  - built for x86_64-pc-win32
LogInit:  - supports SSL with OpenSSL/1.1.1
LogInit:  - supports HTTP deflate (compression) using libz 1.2.8
LogInit:  - other features:
LogInit:      CURL_VERSION_SSL
LogInit:      CURL_VERSION_LIBZ
LogInit:      CURL_VERSION_IPV6
LogInit:      CURL_VERSION_ASYNCHDNS
LogInit:      CURL_VERSION_LARGEFILE
LogInit:      CURL_VERSION_IDN
LogInit:  CurlRequestOptions (configurable via config and command line):
LogInit:  - bVerifyPeer = true  - Libcurl will verify peer certificate
LogInit:  - bUseHttpProxy = false  - Libcurl will NOT use HTTP proxy
LogInit:  - bDontReuseConnections = false  - Libcurl will reuse connections
LogInit:  - MaxHostConnections = 16  - Libcurl will limit the number of connections to a host
LogInit:  - LocalHostAddr = Default
LogInit:  - BufferSize = 65536
LogOnline: OSS: Creating online subsystem instance for: NULL
LogInit: WinSock: version 1.1 (2.2), MaxSocks=32767, MaxUdp=65467
LogInit: Build: ++UE4+Release-4.23-CL-9631420
LogInit: Engine Version: 4.23.1-9631420+++UE4+Release-4.23
LogInit: Compatible Engine Version: 4.23.0-8386587+++UE4+Release-4.23
LogInit: Net CL: 8386587
LogInit: OS: Windows 10 (Release 1909) (), CPU: Intel(R) Core(TM) i5-4570 CPU @ 3.20GHz, GPU: NVIDIA GeForce GTX 760
LogInit: Compiled (64-bit): Oct 18 2019 02:07:44
LogInit: Compiled with Visual C++: 19.16.27030.01
LogInit: Build Configuration: Development
LogInit: Branch Name: ++UE4+Release-4.23
LogInit: Command Line: 
LogInit: Base Directory: C:/Program Files/Epic Games/UE_4.23/Engine/Binaries/Win64/
LogInit: Installed Engine Build: 1
LogDevObjectVersion: Number of dev versions registered: 23
LogDevObjectVersion:   Dev-Blueprints (B0D832E4-1F89-4F0D-ACCF-7EB736FD4AA2): 10
LogDevObjectVersion:   Dev-Build (E1C64328-A22C-4D53-A36C-8E866417BD8C): 0
LogDevObjectVersion:   Dev-Core (375EC13C-06E4-48FB-B500-84F0262A717E): 3
LogDevObjectVersion:   Dev-Editor (E4B068ED-F494-42E9-A231-DA0B2E46BB41): 34
LogDevObjectVersion:   Dev-Framework (CFFC743F-43B0-4480-9391-14DF171D2073): 35
LogDevObjectVersion:   Dev-Mobile (B02B49B5-BB20-44E9-A304-32B752E40360): 2
LogDevObjectVersion:   Dev-Networking (A4E4105C-59A1-49B5-A7C5-40C4547EDFEE): 0
LogDevObjectVersion:   Dev-Online (39C831C9-5AE6-47DC-9A44-9C173E1C8E7C): 0
LogDevObjectVersion:   Dev-Physics (78F01B33-EBEA-4F98-B9B4-84EACCB95AA2): 0
LogDevObjectVersion:   Dev-Platform (6631380F-2D4D-43E0-8009-CF276956A95A): 0
LogDevObjectVersion:   Dev-Rendering (12F88B9F-8875-4AFC-A67C-D90C383ABD29): 31
LogDevObjectVersion:   Dev-Sequencer (7B5AE74C-D270-4C10-A958-57980B212A5A): 11
LogDevObjectVersion:   Dev-VR (D7296918-1DD6-4BDD-9DE2-64A83CC13884): 2
LogDevObjectVersion:   Dev-LoadTimes (C2A15278-BFE7-4AFE-6C17-90FF531DF755): 1
LogDevObjectVersion:   Private-Geometry (6EACA3D4-40EC-4CC1-B786-8BED09428FC5): 3
LogDevObjectVersion:   Dev-AnimPhys (29E575DD-E0A3-4627-9D10-D276232CDCEA): 17
LogDevObjectVersion:   Dev-Anim (AF43A65D-7FD3-4947-9873-3E8ED9C1BB05): 2
LogDevObjectVersion:   Dev-ReflectionCapture (6B266CEC-1EC7-4B8F-A30B-E4D90942FC07): 1
LogDevObjectVersion:   Dev-Automation (0DF73D61-A23F-47EA-B727-89E90C41499A): 1
LogDevObjectVersion:   FortniteMain (601D1886-AC64-4F84-AA16-D3DE0DEAC7D6): 27
LogDevObjectVersion:   Dev-Enterprise (9DFFBCD6-494F-0158-E221-12823C92A888): 6
LogDevObjectVersion:   Dev-Niagara (F2AED0AC-9AFE-416F-8664-AA7FFA26D6FC): 1
LogDevObjectVersion:   Dev-Destruction (174F1F0B-B4C6-45A5-B13F-2EE8D0FB917D): 9
LogInit: Presizing for max 16777216 objects, including 0 objects not considered by GC, pre-allocating 0 bytes for permanent pool.
LogInit: Object subsystem initialized
LogConfig: Setting CVar [[con.DebugEarlyDefault:1]]
LogConfig: Setting CVar [[r.setres:1280x720]]
[2020.05.19-03.11.03:920][  0]LogConfig: Setting CVar [[r.VSync:0]]
[2020.05.19-03.11.03:920][  0]LogConfig: Setting CVar [[r.RHICmdBypass:0]]
[2020.05.19-03.11.03:921][  0]LogConfig: Applying CVar settings from Section [/Script/Engine.RendererSettings] File [C:/Users/Brian/Documents/Unreal Projects/Barrels2020/Saved/Config/Windows/Engine.ini]
[2020.05.19-03.11.03:921][  0]LogConfig: Setting CVar [[r.GPUCrashDebugging:0]]
[2020.05.19-03.11.03:921][  0]LogConfig: Applying CVar settings from Section [/Script/Engine.RendererOverrideSettings] File [C:/Users/Brian/Documents/Unreal Projects/Barrels2020/Saved/Config/Windows/Engine.ini]
[2020.05.19-03.11.03:921][  0]LogConfig: Applying CVar settings from Section [/Script/Engine.StreamingSettings] File [C:/Users/Brian/Documents/Unreal Projects/Barrels2020/Saved/Config/Windows/Engine.ini]
[2020.05.19-03.11.03:921][  0]LogConfig: Setting CVar [[s.MinBulkDataSizeForAsyncLoading:131072]]
[2020.05.19-03.11.03:921][  0]LogConfig: Setting CVar [[s.AsyncLoadingThreadEnabled:0]]
[2020.05.19-03.11.03:921][  0]LogConfig: Setting CVar [[s.EventDrivenLoaderEnabled:1]]
[2020.05.19-03.11.03:921][  0]LogConfig: Setting CVar [[s.WarnIfTimeLimitExceeded:0]]
[2020.05.19-03.11.03:921][  0]LogConfig: Setting CVar [[s.TimeLimitExceededMultiplier:1.5]]
[2020.05.19-03.11.03:921][  0]LogConfig: Setting CVar [[s.TimeLimitExceededMinTime:0.005]]
[2020.05.19-03.11.03:921][  0]LogConfig: Setting CVar [[s.UseBackgroundLevelStreaming:1]]
[2020.05.19-03.11.03:921][  0]LogConfig: Setting CVar [[s.PriorityAsyncLoadingExtraTime:15.0]]
[2020.05.19-03.11.03:921][  0]LogConfig: Setting CVar [[s.LevelStreamingActorsUpdateTimeLimit:5.0]]
[2020.05.19-03.11.03:921][  0]LogConfig: Setting CVar [[s.PriorityLevelStreamingActorsUpdateExtraTime:5.0]]
[2020.05.19-03.11.03:921][  0]LogConfig: Setting CVar [[s.LevelStreamingComponentsRegistrationGranularity:10]]
[2020.05.19-03.11.03:921][  0]LogConfig: Setting CVar [[s.UnregisterComponentsTimeLimit:1.0]]
[2020.05.19-03.11.03:921][  0]LogConfig: Setting CVar [[s.LevelStreamingComponentsUnregistrationGranularity:5]]
[2020.05.19-03.11.03:921][  0]LogConfig: Applying CVar settings from Section [/Script/Engine.GarbageCollectionSettings] File [C:/Users/Brian/Documents/Unreal Projects/Barrels2020/Saved/Config/Windows/Engine.ini]
[2020.05.19-03.11.03:921][  0]LogConfig: Setting CVar [[gc.MaxObjectsNotConsideredByGC:1]]
[2020.05.19-03.11.03:921][  0]LogConfig: Setting CVar [[gc.SizeOfPermanentObjectPool:0]]
[2020.05.19-03.11.03:921][  0]LogConfig: Setting CVar [[gc.FlushStreamingOnGC:0]]
[2020.05.19-03.11.03:921][  0]LogConfig: Setting CVar [[gc.NumRetriesBeforeForcingGC:10]]
[2020.05.19-03.11.03:921][  0]LogConfig: Setting CVar [[gc.AllowParallelGC:1]]
[2020.05.19-03.11.03:921][  0]LogConfig: Setting CVar [[gc.TimeBetweenPurgingPendingKillObjects:61.1]]
[2020.05.19-03.11.03:921][  0]LogConfig: Setting CVar [[gc.MaxObjectsInEditor:16777216]]
[2020.05.19-03.11.03:921][  0]LogConfig: Setting CVar [[gc.IncrementalBeginDestroyEnabled:1]]
[2020.05.19-03.11.03:921][  0]LogConfig: Setting CVar [[gc.CreateGCClusters:1]]
[2020.05.19-03.11.03:921][  0]LogConfig: Setting CVar [[gc.MinGCClusterSize:5]]
[2020.05.19-03.11.03:921][  0]LogConfig: Setting CVar [[gc.ActorClusteringEnabled:0]]
[2020.05.19-03.11.03:921][  0]LogConfig: Setting CVar [[gc.BlueprintClusteringEnabled:0]]
[2020.05.19-03.11.03:922][  0]LogConfig: Setting CVar [[gc.UseDisregardForGCOnDedicatedServers:0]]
[2020.05.19-03.11.03:922][  0]LogConfig: Applying CVar settings from Section [/Script/Engine.NetworkSettings] File [C:/Users/Brian/Documents/Unreal Projects/Barrels2020/Saved/Config/Windows/Engine.ini]
[2020.05.19-03.11.03:922][  0]LogConfig: Applying CVar settings from Section [/Script/UnrealEd.CookerSettings] File [C:/Users/Brian/Documents/Unreal Projects/Barrels2020/Saved/Config/Windows/Engine.ini]
[2020.05.19-03.11.04:122][  0]LogConfig: Applying CVar settings from Section [ViewDistanceQuality@3] File [C:/Users/Brian/Documents/Unreal Projects/Barrels2020/Saved/Config/Windows/Scalability.ini]
[2020.05.19-03.11.04:122][  0]LogConfig: Setting CVar [[r.SkeletalMeshLODBias:0]]
[2020.05.19-03.11.04:122][  0]LogConfig: Setting CVar [[r.ViewDistanceScale:1.0]]
[2020.05.19-03.11.04:122][  0]LogConfig: Applying CVar settings from Section [AntiAliasingQuality@3] File [C:/Users/Brian/Documents/Unreal Projects/Barrels2020/Saved/Config/Windows/Scalability.ini]
[2020.05.19-03.11.04:122][  0]LogConfig: Setting CVar [[r.PostProcessAAQuality:4]]
[2020.05.19-03.11.04:122][  0]LogConfig: Applying CVar settings from Section [ShadowQuality@3] File [C:/Users/Brian/Documents/Unreal Projects/Barrels2020/Saved/Config/Windows/Scalability.ini]
[2020.05.19-03.11.04:122][  0]LogConfig: Setting CVar [[r.LightFunctionQuality:1]]
[2020.05.19-03.11.04:122][  0]LogConfig: Setting CVar [[r.ShadowQuality:5]]
[2020.05.19-03.11.04:122][  0]LogConfig: Setting CVar [[r.Shadow.CSM.MaxCascades:10]]
[2020.05.19-03.11.04:122][  0]LogConfig: Setting CVar [[r.Shadow.MaxResolution:2048]]
[2020.05.19-03.11.04:122][  0]LogConfig: Setting CVar [[r.Shadow.MaxCSMResolution:2048]]
[2020.05.19-03.11.04:122][  0]LogConfig: Setting CVar [[r.Shadow.RadiusThreshold:0.01]]
[2020.05.19-03.11.04:122][  0]LogConfig: Setting CVar [[r.Shadow.DistanceScale:1.0]]
[2020.05.19-03.11.04:122][  0]LogConfig: Setting CVar [[r.Shadow.CSM.TransitionScale:1.0]]
[2020.05.19-03.11.04:122][  0]LogConfig: Setting CVar [[r.Shadow.PreShadowResolutionFactor:1.0]]
[2020.05.19-03.11.04:122][  0]LogConfig: Setting CVar [[r.DistanceFieldShadowing:1]]
[2020.05.19-03.11.04:122][  0]LogConfig: Setting CVar [[r.DistanceFieldAO:1]]
[2020.05.19-03.11.04:122][  0]LogConfig: Setting CVar [[r.AOQuality:2]]
[2020.05.19-03.11.04:122][  0]LogConfig: Setting CVar [[r.VolumetricFog:1]]
[2020.05.19-03.11.04:122][  0]LogConfig: Setting CVar [[r.VolumetricFog.GridPixelSize:8]]
[2020.05.19-03.11.04:122][  0]LogConfig: Setting CVar [[r.VolumetricFog.GridSizeZ:128]]
[2020.05.19-03.11.04:122][  0]LogConfig: Setting CVar [[r.VolumetricFog.HistoryMissSupersampleCount:4]]
[2020.05.19-03.11.04:122][  0]LogConfig: Setting CVar [[r.LightMaxDrawDistanceScale:1]]
[2020.05.19-03.11.04:122][  0]LogConfig: Setting CVar [[r.CapsuleShadows:1]]
[2020.05.19-03.11.04:122][  0]LogConfig: Applying CVar settings from Section [PostProcessQuality@3] File [C:/Users/Brian/Documents/Unreal Projects/Barrels2020/Saved/Config/Windows/Scalability.ini]
[2020.05.19-03.11.04:122][  0]LogConfig: Setting CVar [[r.MotionBlurQuality:4]]
[2020.05.19-03.11.04:122][  0]LogConfig: Setting CVar [[r.AmbientOcclusionMipLevelFactor:0.4]]
[2020.05.19-03.11.04:122][  0]LogConfig: Setting CVar [[r.AmbientOcclusionMaxQuality:100]]
[2020.05.19-03.11.04:122][  0]LogConfig: Setting CVar [[r.AmbientOcclusionLevels:-1]]
[2020.05.19-03.11.04:122][  0]LogConfig: Setting CVar [[r.AmbientOcclusionRadiusScale:1.0]]
[2020.05.19-03.11.04:122][  0]LogConfig: Setting CVar [[r.DepthOfFieldQuality:2]]
[2020.05.19-03.11.04:122][  0]LogConfig: Setting CVar [[r.RenderTargetPoolMin:400]]
[2020.05.19-03.11.04:122][  0]LogConfig: Setting CVar [[r.LensFlareQuality:2]]
[2020.05.19-03.11.04:122][  0]LogConfig: Setting CVar [[r.SceneColorFringeQuality:1]]
[2020.05.19-03.11.04:122][  0]LogConfig: Setting CVar [[r.EyeAdaptationQuality:2]]
[2020.05.19-03.11.04:122][  0]LogConfig: Setting CVar [[r.BloomQuality:5]]
[2020.05.19-03.11.04:122][  0]LogConfig: Setting CVar [[r.FastBlurThreshold:100]]
[2020.05.19-03.11.04:122][  0]LogConfig: Setting CVar [[r.Upscale.Quality:3]]
[2020.05.19-03.11.04:122][  0]LogConfig: Setting CVar [[r.Tonemapper.GrainQuantization:1]]
[2020.05.19-03.11.04:122][  0]LogConfig: Setting CVar [[r.LightShaftQuality:1]]
[2020.05.19-03.11.04:122][  0]LogConfig: Setting CVar [[r.Filter.SizeScale:1]]
[2020.05.19-03.11.04:122][  0]LogConfig: Setting CVar [[r.Tonemapper.Quality:5]]
[2020.05.19-03.11.04:122][  0]LogConfig: Setting CVar [[r.DOF.Gather.AccumulatorQuality:1        ; higher gathering accumulator quality]]
[2020.05.19-03.11.04:122][  0]LogConfig: Setting CVar [[r.DOF.Gather.PostfilterMethod:1          ; Median3x3 postfilering method]]
[2020.05.19-03.11.04:122][  0]LogConfig: Setting CVar [[r.DOF.Gather.EnableBokehSettings:0       ; no bokeh simulation when gathering]]
[2020.05.19-03.11.04:122][  0]LogConfig: Setting CVar [[r.DOF.Gather.RingCount:4                 ; medium number of samples when gathering]]
[2020.05.19-03.11.04:122][  0]LogConfig: Setting CVar [[r.DOF.Scatter.ForegroundCompositing:1    ; additive foreground scattering]]
[2020.05.19-03.11.04:122][  0]LogConfig: Setting CVar [[r.DOF.Scatter.BackgroundCompositing:2    ; additive background scattering]]
[2020.05.19-03.11.04:122][  0]LogConfig: Setting CVar [[r.DOF.Scatter.EnableBokehSettings:1      ; bokeh simulation when scattering]]
[2020.05.19-03.11.04:122][  0]LogConfig: Setting CVar [[r.DOF.Scatter.MaxSpriteRatio:0.1         ; only a maximum of 10% of scattered bokeh]]
[2020.05.19-03.11.04:122][  0]LogConfig: Setting CVar [[r.DOF.Recombine.Quality:1                ; cheap slight out of focus]]
[2020.05.19-03.11.04:122][  0]LogConfig: Setting CVar [[r.DOF.Recombine.EnableBokehSettings:0    ; no bokeh simulation on slight out of focus]]
[2020.05.19-03.11.04:122][  0]LogConfig: Setting CVar [[r.DOF.TemporalAAQuality:1                ; more stable temporal accumulation]]
[2020.05.19-03.11.04:122][  0]LogConfig: Setting CVar [[r.DOF.Kernel.MaxForegroundRadius:0.025]]
[2020.05.19-03.11.04:123][  0]LogConfig: Setting CVar [[r.DOF.Kernel.MaxBackgroundRadius:0.025]]
[2020.05.19-03.11.04:123][  0]LogConfig: Applying CVar settings from Section [TextureQuality@3] File [C:/Users/Brian/Documents/Unreal Projects/Barrels2020/Saved/Config/Windows/Scalability.ini]
[2020.05.19-03.11.04:123][  0]LogConfig: Setting CVar [[r.Streaming.MipBias:0]]
[2020.05.19-03.11.04:123][  0]LogConfig: Setting CVar [[r.Streaming.AmortizeCPUToGPUCopy:0]]
[2020.05.19-03.11.04:123][  0]LogConfig: Setting CVar [[r.Streaming.MaxNumTexturesToStreamPerFrame:0]]
[2020.05.19-03.11.04:123][  0]LogConfig: Setting CVar [[r.Streaming.Boost:1]]
[2020.05.19-03.11.04:123][  0]LogConfig: Setting CVar [[r.MaxAnisotropy:8]]
[2020.05.19-03.11.04:123][  0]LogConfig: Setting CVar [[r.Streaming.LimitPoolSizeToVRAM:0]]
[2020.05.19-03.11.04:123][  0]LogConfig: Setting CVar [[r.Streaming.PoolSize:1000]]
[2020.05.19-03.11.04:123][  0]LogConfig: Setting CVar [[r.Streaming.MaxEffectiveScreenSize:0]]
[2020.05.19-03.11.04:123][  0]LogConfig: Applying CVar settings from Section [EffectsQuality@3] File [C:/Users/Brian/Documents/Unreal Projects/Barrels2020/Saved/Config/Windows/Scalability.ini]
[2020.05.19-03.11.04:123][  0]LogConfig: Setting CVar [[r.TranslucencyLightingVolumeDim:64]]
[2020.05.19-03.11.04:123][  0]LogConfig: Setting CVar [[r.RefractionQuality:2]]
[2020.05.19-03.11.04:123][  0]LogConfig: Setting CVar [[r.SSR.Quality:3]]
[2020.05.19-03.11.04:123][  0]LogConfig: Setting CVar [[r.SceneColorFormat:4]]
[2020.05.19-03.11.04:123][  0]LogConfig: Setting CVar [[r.DetailMode:2]]
[2020.05.19-03.11.04:123][  0]LogConfig: Setting CVar [[r.TranslucencyVolumeBlur:1]]
[2020.05.19-03.11.04:123][  0]LogConfig: Setting CVar [[r.MaterialQualityLevel:1 ; High quality]]
[2020.05.19-03.11.04:123][  0]LogConfig: Setting CVar [[r.SSS.Scale:1]]
[2020.05.19-03.11.04:123][  0]LogConfig: Setting CVar [[r.SSS.SampleSet:2]]
[2020.05.19-03.11.04:123][  0]LogConfig: Setting CVar [[r.SSS.Quality:1]]
[2020.05.19-03.11.04:123][  0]LogConfig: Setting CVar [[r.SSS.HalfRes:1]]
[2020.05.19-03.11.04:123][  0]LogConfig: Setting CVar [[r.EmitterSpawnRateScale:1.0]]
[2020.05.19-03.11.04:123][  0]LogConfig: Setting CVar [[r.ParticleLightQuality:2]]
[2020.05.19-03.11.04:123][  0]LogConfig: Applying CVar settings from Section [FoliageQuality@3] File [C:/Users/Brian/Documents/Unreal Projects/Barrels2020/Saved/Config/Windows/Scalability.ini]
[2020.05.19-03.11.04:123][  0]LogConfig: Setting CVar [[foliage.DensityScale:1.0]]
[2020.05.19-03.11.04:123][  0]LogConfig: Setting CVar [[grass.DensityScale:1.0]]
[2020.05.19-03.11.04:132][  0]LogInit: Selected Device Profile: [Windows]
[2020.05.19-03.11.04:133][  0]LogInit: Applying CVar settings loaded from the selected device profile: [Windows]
[2020.05.19-03.11.04:195][  0]LogHAL: Display: Platform has ~ 8 GB [8522104832 / 8589934592 / 8], which maps to Default [LargestMinGB=32, LargerMinGB=12, DefaultMinGB=8, SmallerMinGB=6, SmallestMinGB=0)
[2020.05.19-03.11.04:195][  0]LogInit: Going up to parent DeviceProfile []
[2020.05.19-03.11.04:195][  0]LogConfig: Applying CVar settings from Section [ViewDistanceQuality@2] File [C:/Users/Brian/Documents/Unreal Projects/Barrels2020/Saved/Config/Windows/Scalability.ini]
[2020.05.19-03.11.04:195][  0]LogConfig: Setting CVar [[r.SkeletalMeshLODBias:0]]
[2020.05.19-03.11.04:195][  0]LogConfig: Setting CVar [[r.ViewDistanceScale:0.8]]
[2020.05.19-03.11.04:195][  0]LogConfig: Applying CVar settings from Section [AntiAliasingQuality@2] File [C:/Users/Brian/Documents/Unreal Projects/Barrels2020/Saved/Config/Windows/Scalability.ini]
[2020.05.19-03.11.04:195][  0]LogConfig: Setting CVar [[r.PostProcessAAQuality:3]]
[2020.05.19-03.11.04:195][  0]LogConfig: Applying CVar settings from Section [ShadowQuality@2] File [C:/Users/Brian/Documents/Unreal Projects/Barrels2020/Saved/Config/Windows/Scalability.ini]
[2020.05.19-03.11.04:195][  0]LogConfig: Setting CVar [[r.LightFunctionQuality:1]]
[2020.05.19-03.11.04:195][  0]LogConfig: Setting CVar [[r.ShadowQuality:5]]
[2020.05.19-03.11.04:195][  0]LogConfig: Setting CVar [[r.Shadow.CSM.MaxCascades:4]]
[2020.05.19-03.11.04:195][  0]LogConfig: Setting CVar [[r.Shadow.MaxResolution:1024]]
[2020.05.19-03.11.04:195][  0]LogConfig: Setting CVar [[r.Shadow.MaxCSMResolution:2048]]
[2020.05.19-03.11.04:195][  0]LogConfig: Setting CVar [[r.Shadow.RadiusThreshold:0.04]]
[2020.05.19-03.11.04:196][  0]LogConfig: Setting CVar [[r.Shadow.DistanceScale:0.85]]
[2020.05.19-03.11.04:196][  0]LogConfig: Setting CVar [[r.Shadow.CSM.TransitionScale:0.8]]
[2020.05.19-03.11.04:196][  0]LogConfig: Setting CVar [[r.Shadow.PreShadowResolutionFactor:0.5]]
[2020.05.19-03.11.04:196][  0]LogConfig: Setting CVar [[r.DistanceFieldShadowing:1]]
[2020.05.19-03.11.04:196][  0]LogConfig: Setting CVar [[r.DistanceFieldAO:1]]
[2020.05.19-03.11.04:196][  0]LogConfig: Setting CVar [[r.AOQuality:1]]
[2020.05.19-03.11.04:196][  0]LogConfig: Setting CVar [[r.VolumetricFog:1]]
[2020.05.19-03.11.04:196][  0]LogConfig: Setting CVar [[r.VolumetricFog.GridPixelSize:16]]
[2020.05.19-03.11.04:196][  0]LogConfig: Setting CVar [[r.VolumetricFog.GridSizeZ:64]]
[2020.05.19-03.11.04:196][  0]LogConfig: Setting CVar [[r.VolumetricFog.HistoryMissSupersampleCount:4]]
[2020.05.19-03.11.04:196][  0]LogConfig: Setting CVar [[r.LightMaxDrawDistanceScale:1]]
[2020.05.19-03.11.04:196][  0]LogConfig: Setting CVar [[r.CapsuleShadows:1]]
[2020.05.19-03.11.04:196][  0]LogConfig: Applying CVar settings from Section [PostProcessQuality@2] File [C:/Users/Brian/Documents/Unreal Projects/Barrels2020/Saved/Config/Windows/Scalability.ini]
[2020.05.19-03.11.04:196][  0]LogConfig: Setting CVar [[r.MotionBlurQuality:3]]
[2020.05.19-03.11.04:196][  0]LogConfig: Setting CVar [[r.AmbientOcclusionMipLevelFactor:0.6]]
[2020.05.19-03.11.04:196][  0]LogConfig: Setting CVar [[r.AmbientOcclusionMaxQuality:100]]
[2020.05.19-03.11.04:196][  0]LogConfig: Setting CVar [[r.AmbientOcclusionLevels:-1]]
[2020.05.19-03.11.04:196][  0]LogConfig: Setting CVar [[r.AmbientOcclusionRadiusScale:1.5]]
[2020.05.19-03.11.04:196][  0]LogConfig: Setting CVar [[r.DepthOfFieldQuality:2]]
[2020.05.19-03.11.04:196][  0]LogConfig: Setting CVar [[r.RenderTargetPoolMin:400]]
[2020.05.19-03.11.04:196][  0]LogConfig: Setting CVar [[r.LensFlareQuality:2]]
[2020.05.19-03.11.04:196][  0]LogConfig: Setting CVar [[r.SceneColorFringeQuality:1]]
[2020.05.19-03.11.04:196][  0]LogConfig: Setting CVar [[r.EyeAdaptationQuality:2]]
[2020.05.19-03.11.04:196][  0]LogConfig: Setting CVar [[r.BloomQuality:5]]
[2020.05.19-03.11.04:196][  0]LogConfig: Setting CVar [[r.FastBlurThreshold:3]]
[2020.05.19-03.11.04:196][  0]LogConfig: Setting CVar [[r.Upscale.Quality:2]]
[2020.05.19-03.11.04:196][  0]LogConfig: Setting CVar [[r.Tonemapper.GrainQuantization:1]]
[2020.05.19-03.11.04:196][  0]LogConfig: Setting CVar [[r.LightShaftQuality:1]]
[2020.05.19-03.11.04:196][  0]LogConfig: Setting CVar [[r.Filter.SizeScale:0.8]]
[2020.05.19-03.11.04:196][  0]LogConfig: Setting CVar [[r.Tonemapper.Quality:5]]
[2020.05.19-03.11.04:196][  0]LogConfig: Setting CVar [[r.DOF.Gather.AccumulatorQuality:0        ; lower gathering accumulator quality]]
[2020.05.19-03.11.04:196][  0]LogConfig: Setting CVar [[r.DOF.Gather.PostfilterMethod:2          ; Max3x3 postfilering method]]
[2020.05.19-03.11.04:196][  0]LogConfig: Setting CVar [[r.DOF.Gather.EnableBokehSettings:0       ; no bokeh simulation when gathering]]
[2020.05.19-03.11.04:196][  0]LogConfig: Setting CVar [[r.DOF.Gather.RingCount:4                 ; medium number of samples when gathering]]
[2020.05.19-03.11.04:196][  0]LogConfig: Setting CVar [[r.DOF.Scatter.ForegroundCompositing:1    ; additive foreground scattering]]
[2020.05.19-03.11.04:196][  0]LogConfig: Setting CVar [[r.DOF.Scatter.BackgroundCompositing:1    ; no background occlusion]]
[2020.05.19-03.11.04:196][  0]LogConfig: Setting CVar [[r.DOF.Scatter.EnableBokehSettings:0      ; no bokeh simulation when scattering]]
[2020.05.19-03.11.04:196][  0]LogConfig: Setting CVar [[r.DOF.Scatter.MaxSpriteRatio:0.04        ; only a maximum of 4% of scattered bokeh]]
[2020.05.19-03.11.04:196][  0]LogConfig: Setting CVar [[r.DOF.Recombine.Quality:0                ; no slight out of focus]]
[2020.05.19-03.11.04:196][  0]LogConfig: Setting CVar [[r.DOF.TemporalAAQuality:0                ; faster temporal accumulation]]
[2020.05.19-03.11.04:196][  0]LogConfig: Setting CVar [[r.DOF.Kernel.MaxForegroundRadius:0.012   ; required because of AccumulatorQuality=0]]
[2020.05.19-03.11.04:196][  0]LogConfig: Setting CVar [[r.DOF.Kernel.MaxBackgroundRadius:0.012   ; required because of AccumulatorQuality=0]]
[2020.05.19-03.11.04:196][  0]LogConfig: Applying CVar settings from Section [TextureQuality@2] File [C:/Users/Brian/Documents/Unreal Projects/Barrels2020/Saved/Config/Windows/Scalability.ini]
[2020.05.19-03.11.04:196][  0]LogConfig: Setting CVar [[r.Streaming.MipBias:0]]
[2020.05.19-03.11.04:196][  0]LogConfig: Setting CVar [[r.Streaming.AmortizeCPUToGPUCopy:0]]
[2020.05.19-03.11.04:196][  0]LogConfig: Setting CVar [[r.Streaming.MaxNumTexturesToStreamPerFrame:0]]
[2020.05.19-03.11.04:196][  0]LogConfig: Setting CVar [[r.Streaming.Boost:1]]
[2020.05.19-03.11.04:196][  0]LogConfig: Setting CVar [[r.MaxAnisotropy:4]]
[2020.05.19-03.11.04:196][  0]LogConfig: Setting CVar [[r.Streaming.LimitPoolSizeToVRAM:1]]
[2020.05.19-03.11.04:196][  0]LogConfig: Setting CVar [[r.Streaming.PoolSize:800]]
[2020.05.19-03.11.04:196][  0]LogConfig: Setting CVar [[r.Streaming.MaxEffectiveScreenSize:0]]
[2020.05.19-03.11.04:196][  0]LogConfig: Applying CVar settings from Section [EffectsQuality@2] File [C:/Users/Brian/Documents/Unreal Projects/Barrels2020/Saved/Config/Windows/Scalability.ini]
[2020.05.19-03.11.04:196][  0]LogConfig: Setting CVar [[r.TranslucencyLightingVolumeDim:48]]
[2020.05.19-03.11.04:196][  0]LogConfig: Setting CVar [[r.RefractionQuality:2]]
[2020.05.19-03.11.04:196][  0]LogConfig: Setting CVar [[r.SSR.Quality:2]]
[2020.05.19-03.11.04:196][  0]LogConfig: Setting CVar [[r.SceneColorFormat:3]]
[2020.05.19-03.11.04:196][  0]LogConfig: Setting CVar [[r.DetailMode:1]]
[2020.05.19-03.11.04:196][  0]LogConfig: Setting CVar [[r.TranslucencyVolumeBlur:1]]
[2020.05.19-03.11.04:196][  0]LogConfig: Setting CVar [[r.MaterialQualityLevel:1 ; High quality]]
[2020.05.19-03.11.04:196][  0]LogConfig: Setting CVar [[r.SSS.Scale:1]]
[2020.05.19-03.11.04:196][  0]LogConfig: Setting CVar [[r.SSS.SampleSet:1]]
[2020.05.19-03.11.04:196][  0]LogConfig: Setting CVar [[r.SSS.Quality:-1]]
[2020.05.19-03.11.04:196][  0]LogConfig: Setting CVar [[r.SSS.HalfRes:1]]
[2020.05.19-03.11.04:196][  0]LogConfig: Setting CVar [[r.EmitterSpawnRateScale:0.5]]
[2020.05.19-03.11.04:196][  0]LogConfig: Setting CVar [[r.ParticleLightQuality:1]]
[2020.05.19-03.11.04:196][  0]LogConfig: Applying CVar settings from Section [FoliageQuality@2] File [C:/Users/Brian/Documents/Unreal Projects/Barrels2020/Saved/Config/Windows/Scalability.ini]
[2020.05.19-03.11.04:196][  0]LogConfig: Setting CVar [[foliage.DensityScale:0.8]]
[2020.05.19-03.11.04:196][  0]LogConfig: Setting CVar [[grass.DensityScale:0.8]]
[2020.05.19-03.11.04:196][  0]LogConfig: Applying CVar settings from Section [Startup] File [../../../Engine/Config/ConsoleVariables.ini]
[2020.05.19-03.11.04:212][  0]LogConfig: Setting CVar [[net.UseAdaptiveNetUpdateFrequency:0]]
[2020.05.19-03.11.04:212][  0]LogConfig: Setting CVar [[p.chaos.AllowCreatePhysxBodies:1]]
[2020.05.19-03.11.04:212][  0]LogConfig: Applying CVar settings from Section [ConsoleVariables] File [C:/Users/Brian/Documents/Unreal Projects/Barrels2020/Saved/Config/Windows/Engine.ini]
[2020.05.19-03.11.04:247][  0]LogInit: Computer: AVATAR
[2020.05.19-03.11.04:247][  0]LogInit: User: Brian
[2020.05.19-03.11.04:247][  0]LogInit: CPU Page size=4096, Cores=4
[2020.05.19-03.11.04:247][  0]LogInit: High frequency timer resolution =10.000000 MHz
[2020.05.19-03.11.04:247][  0]LogMemory: Memory total: Physical=7.9GB (8GB approx)
[2020.05.19-03.11.04:248][  0]LogMemory: Platform Memory Stats for Windows
[2020.05.19-03.11.04:248][  0]LogMemory: Process Physical Memory: 101.02 MB used, 101.03 MB peak
[2020.05.19-03.11.04:248][  0]LogMemory: Process Virtual Memory: 100.23 MB used, 100.23 MB peak
[2020.05.19-03.11.04:248][  0]LogMemory: Physical Memory: 7089.51 MB used,  1037.80 MB free, 8127.31 MB total
[2020.05.19-03.11.04:248][  0]LogMemory: Virtual Memory: 4656.57 MB used,  134213072.00 MB free, 134217728.00 MB total
[2020.05.19-03.11.04:324][  0]LogWindows: WindowsPlatformFeatures enabled
[2020.05.19-03.11.09:018][  0]LogInit: Using OS detected language (en-US).
[2020.05.19-03.11.09:018][  0]LogInit: Using OS detected locale (en-US).
[2020.05.19-03.11.09:381][  0]LogTextLocalizationManager: No specific localization for 'en-US' exists, so the 'en' localization will be used.
[2020.05.19-03.11.11:663][  0]LogInit: Setting process to per monitor DPI aware
[2020.05.19-03.11.14:473][  0]LogSlate: New Slate User Created.  User Index 0, Is Virtual User: 0
[2020.05.19-03.11.14:473][  0]LogSlate: Slate User Registered.  User Index 0, Is Virtual User: 0
[2020.05.19-03.11.40:795][  0]LogHMD: Failed to initialize OpenVR with code 100
[2020.05.19-03.11.40:796][  0]LogD3D11RHI: D3D11 adapters:
[2020.05.19-03.11.42:014][  0]LogD3D11RHI:    0. 'NVIDIA GeForce GTX 760' (Feature Level 11_0)
[2020.05.19-03.11.42:014][  0]LogD3D11RHI:       2007/0/4063 MB DedicatedVideo/DedicatedSystem/SharedSystem, Outputs:1, VendorId:0x10de
[2020.05.19-03.11.42:159][  0]LogD3D11RHI:    1. 'Microsoft Basic Render Driver' (Feature Level 11_0)
[2020.05.19-03.11.42:159][  0]LogD3D11RHI:       0/0/4063 MB DedicatedVideo/DedicatedSystem/SharedSystem, Outputs:0, VendorId:0x1414
[2020.05.19-03.11.42:159][  0]LogD3D11RHI: Chosen D3D11 Adapter: 0
[2020.05.19-03.11.42:191][  0]LogD3D11RHI: Creating new Direct3DDevice
[2020.05.19-03.11.42:191][  0]LogD3D11RHI:     GPU DeviceId: 0x1187 (for the marketing name, search the web for "GPU Device Id")
[2020.05.19-03.11.42:203][  0]LogWindows: EnumDisplayDevices:
[2020.05.19-03.11.42:203][  0]LogWindows:    0. 'NVIDIA GeForce GTX 760' (P:1 D:1)
[2020.05.19-03.11.42:203][  0]LogWindows:    1. 'NVIDIA GeForce GTX 760' (P:0 D:0)
[2020.05.19-03.11.42:203][  0]LogWindows:    2. 'NVIDIA GeForce GTX 760' (P:0 D:0)
[2020.05.19-03.11.42:203][  0]LogWindows:    3. 'NVIDIA GeForce GTX 760' (P:0 D:0)
[2020.05.19-03.11.42:204][  0]LogWindows: DebugString: FoundDriverCount:4 
[2020.05.19-03.11.42:204][  0]LogD3D11RHI:     Adapter Name: NVIDIA GeForce GTX 760
[2020.05.19-03.11.42:204][  0]LogD3D11RHI:   Driver Version: 432.00 (internal:26.21.14.3200, unified:432.00)
[2020.05.19-03.11.42:204][  0]LogD3D11RHI:      Driver Date: 7-24-2019
[2020.05.19-03.11.42:204][  0]LogRHI: Texture pool is 1404 MB (70% of 2007 MB)
[2020.05.19-03.11.42:316][  0]LogD3D11RHI: Async texture creation enabled
[2020.05.19-03.11.43:549][  0]LogD3D11RHI: GPU Timing Frequency: 1000.000000 (Debug: 2 3)
[2020.05.19-03.11.50:829][  0]LogTemp: Display: Module 'AllDesktopTargetPlatform' loaded TargetPlatform 'AllDesktop'
[2020.05.19-03.11.50:879][  0]LogTemp: Display: Module 'MacClientTargetPlatform' loaded TargetPlatform 'MacClient'
[2020.05.19-03.11.51:104][  0]LogTemp: Display: Module 'MacNoEditorTargetPlatform' loaded TargetPlatform 'MacNoEditor'
[2020.05.19-03.11.51:166][  0]LogTemp: Display: Module 'MacServerTargetPlatform' loaded TargetPlatform 'MacServer'
[2020.05.19-03.11.51:293][  0]LogTemp: Display: Module 'MacTargetPlatform' loaded TargetPlatform 'Mac'
[2020.05.19-03.11.51:395][  0]LogTemp: Display: Module 'WindowsClientTargetPlatform' loaded TargetPlatform 'WindowsClient'
[2020.05.19-03.11.51:451][  0]LogTemp: Display: Module 'WindowsNoEditorTargetPlatform' loaded TargetPlatform 'WindowsNoEditor'
[2020.05.19-03.11.51:491][  0]LogTemp: Display: Module 'WindowsServerTargetPlatform' loaded TargetPlatform 'WindowsServer'
[2020.05.19-03.11.51:537][  0]LogTemp: Display: Module 'WindowsTargetPlatform' loaded TargetPlatform 'Windows'
[2020.05.19-03.11.51:814][  0]LogTemp: Display: Module 'AndroidTargetPlatform' loaded TargetPlatform 'Android'
[2020.05.19-03.11.51:814][  0]LogTemp: Display: Module 'AndroidTargetPlatform' loaded TargetPlatform 'Android_ASTC'
[2020.05.19-03.11.51:814][  0]LogTemp: Display: Module 'AndroidTargetPlatform' loaded TargetPlatform 'Android_ATC'
[2020.05.19-03.11.51:814][  0]LogTemp: Display: Module 'AndroidTargetPlatform' loaded TargetPlatform 'Android_DXT'
[2020.05.19-03.11.51:814][  0]LogTemp: Display: Module 'AndroidTargetPlatform' loaded TargetPlatform 'Android_ETC1'
[2020.05.19-03.11.51:814][  0]LogTemp: Display: Module 'AndroidTargetPlatform' loaded TargetPlatform 'Android_ETC1a'
[2020.05.19-03.11.51:814][  0]LogTemp: Display: Module 'AndroidTargetPlatform' loaded TargetPlatform 'Android_ETC2'
[2020.05.19-03.11.51:814][  0]LogTemp: Display: Module 'AndroidTargetPlatform' loaded TargetPlatform 'Android_PVRTC'
[2020.05.19-03.11.51:814][  0]LogTemp: Display: Module 'AndroidTargetPlatform' loaded TargetPlatform 'AndroidClient'
[2020.05.19-03.11.51:814][  0]LogTemp: Display: Module 'AndroidTargetPlatform' loaded TargetPlatform 'Android_ASTCClient'
[2020.05.19-03.11.51:814][  0]LogTemp: Display: Module 'AndroidTargetPlatform' loaded TargetPlatform 'Android_ATCClient'
[2020.05.19-03.11.51:814][  0]LogTemp: Display: Module 'AndroidTargetPlatform' loaded TargetPlatform 'Android_DXTClient'
[2020.05.19-03.11.51:814][  0]LogTemp: Display: Module 'AndroidTargetPlatform' loaded TargetPlatform 'Android_ETC1Client'
[2020.05.19-03.11.51:814][  0]LogTemp: Display: Module 'AndroidTargetPlatform' loaded TargetPlatform 'Android_ETC1aClient'
[2020.05.19-03.11.51:814][  0]LogTemp: Display: Module 'AndroidTargetPlatform' loaded TargetPlatform 'Android_ETC2Client'
[2020.05.19-03.11.51:814][  0]LogTemp: Display: Module 'AndroidTargetPlatform' loaded TargetPlatform 'Android_PVRTCClient'
[2020.05.19-03.11.51:814][  0]LogTemp: Display: Module 'AndroidTargetPlatform' loaded TargetPlatform 'Android_Multi'
[2020.05.19-03.11.51:814][  0]LogTemp: Display: Module 'AndroidTargetPlatform' loaded TargetPlatform 'Android_MultiClient'
[2020.05.19-03.11.52:002][  0]LogTemp: Display: Module 'HTML5TargetPlatform' loaded TargetPlatform 'HTML5'
[2020.05.19-03.11.52:371][  0]LogTemp: Display: Module 'IOSTargetPlatform' loaded TargetPlatform 'IOSClient'
[2020.05.19-03.11.52:371][  0]LogTemp: Display: Module 'IOSTargetPlatform' loaded TargetPlatform 'IOS'
[2020.05.19-03.11.52:424][  0]LogTemp: Display: Module 'TVOSTargetPlatform' loaded TargetPlatform 'TVOSClient'
[2020.05.19-03.11.52:424][  0]LogTemp: Display: Module 'TVOSTargetPlatform' loaded TargetPlatform 'TVOS'
[2020.05.19-03.11.52:506][  0]LogTemp: Display: Module 'LinuxClientTargetPlatform' loaded TargetPlatform 'LinuxClient'
[2020.05.19-03.11.52:619][  0]LogTemp: Display: Module 'LinuxNoEditorTargetPlatform' loaded TargetPlatform 'LinuxNoEditor'
[2020.05.19-03.11.52:690][  0]LogTemp: Display: Module 'LinuxServerTargetPlatform' loaded TargetPlatform 'LinuxServer'
[2020.05.19-03.11.52:822][  0]LogTemp: Display: Module 'LinuxTargetPlatform' loaded TargetPlatform 'Linux'
[2020.05.19-03.11.52:960][  0]LogTemp: Display: Module 'LuminTargetPlatform' loaded TargetPlatform 'Lumin'
[2020.05.19-03.11.52:960][  0]LogTemp: Display: Module 'LuminTargetPlatform' loaded TargetPlatform 'LuminClient'
[2020.05.19-03.11.52:960][  0]LogTargetPlatformManager: Display: Building Assets For Windows
[2020.05.19-03.11.53:521][  0]LogAudioDebug: Display: Lib vorbis DLL was dynamically loaded.
[2020.05.19-03.11.55:181][  0]LogShaderCompilers: Guid format shader working directory is -21 characters bigger than the processId version (../../../../../../Users/Brian/Documents/Unreal Projects/Barrels2020/Intermediate/Shaders/WorkingDirectory/7352/).
[2020.05.19-03.11.55:181][  0]LogShaderCompilers: Cleaned the shader compiler working directory 'C:/Users/Brian/AppData/Local/Temp/UnrealShaderWorkingDir/902E25624DDDCA9B2FDF3FB9828BD17F/'.
[2020.05.19-03.11.55:255][  0]LogXGEController: Cleaning working directory: C:/Users/Brian/AppData/Local/Temp/UnrealXGEWorkingDir/
[2020.05.19-03.11.55:256][  0]LogXGEController: Cannot use XGE Controller as Incredibuild is not installed on this machine.
[2020.05.19-03.11.55:257][  0]LogShaderCompilers: Cannot use XGE Shader Compiler as Incredibuild is not installed on this machine.
[2020.05.19-03.11.55:257][  0]LogShaderCompilers: Display: Using Local Shader Compiler.
[2020.05.19-03.12.29:427][  0]LogDerivedDataCache: Display: Max Cache Size: 512 MB
[2020.05.19-03.12.30:699][  0]LogDerivedDataCache: Loaded boot cache 1.24s 74MB C:/Users/Brian/AppData/Local/UnrealEngine/4.23/DerivedDataCache/Boot.ddc.
[2020.05.19-03.12.30:699][  0]LogDerivedDataCache: Display: Loaded Boot cache: C:/Users/Brian/AppData/Local/UnrealEngine/4.23/DerivedDataCache/Boot.ddc
[2020.05.19-03.12.30:699][  0]LogDerivedDataCache: FDerivedDataBackendGraph:  Pak pak cache file ../../../../../../Users/Brian/Documents/Unreal Projects/Barrels2020/DerivedDataCache/DDC.ddp not found, will not use a pak cache.
[2020.05.19-03.12.30:699][  0]LogDerivedDataCache: Unable to find inner node Pak for hierarchical cache Hierarchy.
[2020.05.19-03.12.30:699][  0]LogDerivedDataCache: FDerivedDataBackendGraph:  CompressedPak pak cache file ../../../../../../Users/Brian/Documents/Unreal Projects/Barrels2020/DerivedDataCache/Compressed.ddp not found, will not use a pak cache.
[2020.05.19-03.12.30:699][  0]LogDerivedDataCache: Unable to find inner node CompressedPak for hierarchical cache Hierarchy.
[2020.05.19-03.12.31:393][  0]LogDerivedDataCache: Display: Pak cache opened for reading ../../../Engine/DerivedDataCache/Compressed.ddp.
[2020.05.19-03.12.31:645][  0]LogDerivedDataCache: Display: Pak cache opened for reading ../../../Enterprise/DerivedDataCache/Compressed.ddp.
[2020.05.19-03.12.32:060][  0]LogDerivedDataCache: Using Local data cache path C:/Users/Brian/AppData/Local/UnrealEngine/Common/DerivedDataCache: Writable
[2020.05.19-03.12.32:060][  0]LogDerivedDataCache: Shared data cache path not found in *engine.ini, will not use an Shared cache.
[2020.05.19-03.12.32:060][  0]LogDerivedDataCache: Unable to find inner node Shared for hierarchical cache Hierarchy.
[2020.05.19-03.12.33:294][  0]LogMaterial: Verifying Global Shaders for PCD3D_SM5
[2020.05.19-03.12.34:948][  0]LogSlate: Using FreeType 2.6.0
[2020.05.19-03.12.36:458][  0]LogSlate: SlateFontServices - WITH_FREETYPE: 1, WITH_HARFBUZZ: 1
[2020.05.19-03.12.54:211][  0]LogAssetRegistry: FAssetRegistry took 0.1481 seconds to start up
[2020.05.19-03.13.26:304][  0]LogInit: Selected Device Profile: [Windows]
[2020.05.19-03.13.31:798][  0]LogMeshReduction: Using QuadricMeshReduction for automatic static mesh reduction
[2020.05.19-03.13.31:798][  0]LogMeshReduction: Using SimplygonMeshReduction for automatic skeletal mesh reduction
[2020.05.19-03.13.31:798][  0]LogMeshReduction: Using ProxyLODMeshReduction for automatic mesh merging
[2020.05.19-03.13.31:798][  0]LogMeshReduction: No distributed automatic mesh merging module available
[2020.05.19-03.13.31:799][  0]LogMeshMerging: No distributed automatic mesh merging module available
[2020.05.19-03.13.33:472][  0]LogNetVersion: Barrels2020 1.0.0, NetCL: 8386587, EngineNetVer: 11, GameNetVer: 0 (Checksum: 2074040600)
[2020.05.19-03.13.52:818][  0]LogPackageLocalizationCache: Processed 18 localized package path(s) for 1 prioritized culture(s) in 0.445944 seconds
[2020.05.19-03.13.52:867][  0]LogUObjectArray: 43444 objects as part of root set at end of initial load.
[2020.05.19-03.13.52:867][  0]LogUObjectAllocator: 7548648 out of 0 bytes used by permanent object pool.
[2020.05.19-03.13.52:867][  0]LogUObjectArray: CloseDisregardForGC: 0/0 objects in disregard for GC pool
[2020.05.19-03.15.59:605][  0]LogTcpMessaging: Initializing TcpMessaging bridge
[2020.05.19-03.15.59:885][  0]LogUdpMessaging: Initializing bridge on interface 0.0.0.0:0 to multicast group 230.0.0.1:6666.
[2020.05.19-03.16.07:380][  0]SourceControl: Source control is disabled
[2020.05.19-03.16.07:624][  0]SourceControl: Source control is disabled
[2020.05.19-03.16.08:438][  0]SourceControl: Source control is disabled
[2020.05.19-03.16.08:458][  0]SourceControl: Source control is disabled
[2020.05.19-03.16.40:989][  0]LogAndroidPermission: UAndroidPermissionCallbackProxy::GetInstance
[2020.05.19-03.16.41:529][  0]LogOcInput: OculusInput pre-init called
[2020.05.19-03.16.41:993][  0]LogWindows: Failed to load 'OVRPlugin.dll' (GetLastError=126)
[2020.05.19-03.16.41:993][  0]LogWindows: File 'OVRPlugin.dll' does not exist
[2020.05.19-03.21.10:801][  0]LogAutomationTest: Warning: Smoke tests took > 2s to run: 9.09s
[2020.05.19-03.21.11:738][  0]LogEngine: Initializing Engine...
[2020.05.19-03.21.12:379][  0]LogHMD: Failed to initialize OpenVR with code 100
[2020.05.19-03.21.12:885][  0]LogStats: UGameplayTagsManager::InitializeManager -  0.203 s
[2020.05.19-03.21.18:391][  0]LogInit: Initializing FReadOnlyCVARCache
[2020.05.19-03.21.25:515][  0]LogAIModule: Creating AISystem for world Untitled
[2020.05.19-03.21.29:180][  0]LogInit: XAudio2 using 'Speakers (Realtek High Definition Audio)' : 2 channels at 48 kHz using 32 bits per sample (channel mask 0x3)
[2020.05.19-03.21.29:690][  0]LogInit: FAudioDevice initialized.
[2020.05.19-03.21.29:717][  0]LogNetVersion: Set ProjectVersion to 1.0.0.0. Version Checksum will be recalculated on next use.
[2020.05.19-03.21.32:640][  0]LogDerivedDataCache: Saved boot cache 2.92s 74MB C:/Users/Brian/AppData/Local/UnrealEngine/4.23/DerivedDataCache/Boot.ddc.
[2020.05.19-03.21.33:403][  0]LogInit: Texture streaming: Enabled
[2020.05.19-03.21.37:032][  0]LogEngineSessionManager: EngineSessionManager initialized
[2020.05.19-03.21.37:083][  0]LogEditorSessionSummary: Verbose: Initializing EditorSessionSummaryWriter for editor session tracking
[2020.05.19-03.21.37:094][  0]LogEditorSessionSummary: EditorSessionSummaryWriter initialized
[2020.05.19-03.21.41:000][  0]LogInit: Transaction tracking system initialized
[2020.05.19-03.21.49:773][  0]BlueprintLog: New page: Editor Load
[2020.05.19-03.22.07:494][  0]LocalizationService: Localization service is disabled
[2020.05.19-03.22.15:371][  0]LogLinker: Warning: Failed to load '/Game/2DSideScrollerBP/2DSideScrollerOverview': Can't find file.
[2020.05.19-03.22.15:371][  0]LogLinker: Warning: Failed to load '/Game/2DSideScrollerBP/2DSideScrollerOverview': Can't find file.
[2020.05.19-03.22.15:371][  0]LogUObjectGlobals: Warning: Failed to find object 'Class /Game/2DSideScrollerBP/2DSideScrollerOverview.2DSideScrollerOverview_C'
[2020.05.19-03.22.30:734][  0]LogFileCache: Scanning file cache for directory 'C:/Users/Brian/Documents/Unreal Projects/Barrels2020/Content/' took 0.50s
[2020.05.19-03.22.30:734][  0]LogCook: Display: Max memory allowance for cook 16384mb min free memory 0mb
[2020.05.19-03.22.30:767][  0]LogCook: Display: Mobile HDR setting 1
[2020.05.19-03.23.19:275][  0]SourceControl: Source control is disabled
[2020.05.19-03.23.19:802][  0]Cmd: MAP LOAD FILE="../../../../../../Users/Brian/Documents/Unreal Projects/Barrels2020/Content/FirstPersonBP/Maps/FirstPersonExampleMap.umap" TEMPLATE=0 SHOWPROGRESS=1 FEATURELEVEL=3
[2020.05.19-03.23.20:225][  0]LightingResults: New page: Lighting Build
[2020.05.19-03.23.21:560][  0]LogWorld: UWorld::CleanupWorld for Untitled, bSessionEnded=true, bCleanupResources=true
[2020.05.19-03.23.22:311][  0]MapCheck: New page: Map Check
[2020.05.19-03.23.22:311][  0]LightingResults: New page: Lighting Build
[2020.05.19-03.23.25:068][  0]LogUObjectHash: Compacting FUObjectHashTables data took   2.22ms
[2020.05.19-03.23.55:706][  0]LogAIModule: Creating AISystem for world FirstPersonExampleMap
[2020.05.19-03.24.09:605][  0]LogEditorServer: Finished looking for orphan Actors (0.000 secs)
[2020.05.19-03.24.11:026][  0]LogUObjectHash: Compacting FUObjectHashTables data took   3.09ms
[2020.05.19-03.24.11:315][  0]Cmd: MAP CHECKDEP NOCLEARLOG
[2020.05.19-03.24.11:399][  0]MapCheck: Map check complete: 0 Error(s), 0 Warning(s), took 83.22ms to complete.
[2020.05.19-03.24.11:399][  0]LogFileHelpers: Loading map 'FirstPersonExampleMap' took 51.916
[2020.05.19-03.24.32:173][  0]LogSlate: Updating window title bar state: overlay mode, drag disabled, window buttons hidden, title bar hidden
[2020.05.19-03.24.32:671][  0]LogSlate: Updating window title bar state: overlay mode, drag disabled, window buttons hidden, title bar hidden
[2020.05.19-03.24.32:679][  0]LogSlate: Updating window title bar state: overlay mode, drag disabled, window buttons hidden, title bar hidden
[2020.05.19-03.24.32:729][  0]LogSlate: Updating window title bar state: overlay mode, drag disabled, window buttons hidden, title bar hidden
[2020.05.19-03.24.34:826][  0]LogCollectionManager: Loaded 0 collections in 0.002223 seconds
[2020.05.19-03.24.37:226][  0]LogFileCache: Scanning file cache for directory 'C:/Users/Brian/Documents/Unreal Projects/Barrels2020/Saved/Collections/' took 0.00s
[2020.05.19-03.24.37:226][  0]LogFileCache: Scanning file cache for directory 'C:/Users/Brian/Documents/Unreal Projects/Barrels2020/Content/Developers/Brian/Collections/' took 0.00s
[2020.05.19-03.24.37:226][  0]LogFileCache: Scanning file cache for directory 'C:/Users/Brian/Documents/Unreal Projects/Barrels2020/Content/Collections/' took 0.00s
[2020.05.19-03.24.37:226][  0]LogCollectionManager: Rebuilt the GUID cache for 0 collections in 0.000003 seconds
[2020.05.19-03.24.37:247][  0]LogContentBrowser: Native class hierarchy populated in 0.0098 seconds. Added 3045 classes and 765 folders.
[2020.05.19-03.24.37:903][  0]LogContentBrowser: Native class hierarchy updated for 'WidgetCarousel' in 0.0003 seconds. Added 0 classes and 0 folders.
[2020.05.19-03.24.52:643][  0]LogContentBrowser: Native class hierarchy updated for 'AddContentDialog' in 0.0003 seconds. Added 0 classes and 0 folders.
[2020.05.19-03.24.53:574][  0]LogContentBrowser: Native class hierarchy updated for 'SceneOutliner' in 0.0542 seconds. Added 1 classes and 0 folders.
[2020.05.19-03.25.15:742][  0]LogSlate: Took 0.108760 seconds to synchronously load lazily loaded font '../../../Engine/Content/Slate/Fonts/Roboto-Regular.ttf' (155K)
[2020.05.19-03.25.16:067][  0]LogSlate: Took 0.059497 seconds to synchronously load lazily loaded font '../../../Engine/Content/Slate/Fonts/Roboto-Bold.ttf' (160K)
[2020.05.19-03.25.16:840][  0]LogSlate: Took 0.059931 seconds to synchronously load lazily loaded font '../../../Engine/Content/Editor/Slate/Fonts/FontAwesome.ttf' (139K)
[2020.05.19-03.25.32:581][  0]LogRenderer: Reallocating scene render targets to support 864x568 Format 9 NumSamples 1 (Frame:1).
[2020.05.19-03.25.46:158][  0]LogContentBrowser: Native class hierarchy updated for 'HierarchicalLODOutliner' in 0.0003 seconds. Added 0 classes and 0 folders.
[2020.05.19-03.25.46:158][  0]LogLoad: (Engine Initialization) Total time: 1339.54 seconds
[2020.05.19-03.25.46:158][  0]LogLoad: (Engine Initialization) Total Blueprint compile time: 0.00 seconds
[2020.05.19-03.25.49:666][  0]LogContentStreaming: Texture pool size now 800 MB
[2020.05.19-03.25.51:840][  0]LogSlate: Took 0.183658 seconds to synchronously load lazily loaded font '../../../Engine/Content/Slate/Fonts/Roboto-Light.ttf' (167K)
[2020.05.19-03.26.13:219][ 71]LogAssetRegistry: Asset discovery search completed in 799.0504 seconds
[2020.05.19-03.26.13:461][ 71]LogCollectionManager: Rebuilt the object cache for 0 collections in 0.060822 seconds (found 0 objects)
[2020.05.19-03.26.13:461][ 71]LogCollectionManager: Fixed up redirectors for 0 collections in 0.060916 seconds (updated 0 objects)
[2020.05.19-03.28.02:889][850]LogSlate: FSceneViewport::OnFocusLost() reason 0
[2020.05.19-03.28.03:278][850]LogUObjectHash: Compacting FUObjectHashTables data took   1.11ms
[2020.05.19-03.28.05:536][850]LogSlate: Window 'Barrels2020 - Unreal Editor' being destroyed
[2020.05.19-03.28.05:680][850]LogWindowsTextInputMethodSystem: Display: IME system now deactivated.
[2020.05.19-03.28.14:180][851]Cmd: QUIT_EDITOR
[2020.05.19-03.28.18:098][851]LogExit: Preparing to exit.
[2020.05.19-03.28.20:050][851]LogWorld: UWorld::CleanupWorld for World_0, bSessionEnded=true, bCleanupResources=true
[2020.05.19-03.28.20:054][851]LogWorld: UWorld::CleanupWorld for World_1, bSessionEnded=true, bCleanupResources=true
[2020.05.19-03.28.20:298][851]LogDemo: Cleaned up 0 splitscreen connections with owner deletion
[2020.05.19-03.28.20:622][851]LogWorld: UWorld::CleanupWorld for None, bSessionEnded=true, bCleanupResources=true
[2020.05.19-03.28.20:622][851]LogExit: Editor shut down
[2020.05.19-03.28.20:622][851]LogExit: Transaction tracking system shut down
[2020.05.19-03.28.31:284][851]LogExit: Object subsystem successfully closed.
[2020.05.19-03.28.31:998][851]LogShaderCompilers: Display: Shaders left to compile 0
[2020.05.19-03.28.38:497][851]LogModuleManager: Shutting down and abandoning module HierarchicalLODOutliner (728)
[2020.05.19-03.28.38:497][851]LogModuleManager: Shutting down and abandoning module SceneOutliner (726)
[2020.05.19-03.28.38:497][851]LogModuleManager: Shutting down and abandoning module AddContentDialog (724)
[2020.05.19-03.28.38:652][851]LogModuleManager: Shutting down and abandoning module WidgetCarousel (723)
[2020.05.19-03.28.38:652][851]LogModuleManager: Shutting down and abandoning module EditorWidgets (720)
[2020.05.19-03.28.38:652][851]LogModuleManager: Shutting down and abandoning module CollectionManager (718)
[2020.05.19-03.28.38:676][851]LogModuleManager: Shutting down and abandoning module StatsViewer (716)
[2020.05.19-03.28.38:762][851]LogModuleManager: Shutting down and abandoning module VirtualTexturingEditor (714)
[2020.05.19-03.28.38:762][851]LogModuleManager: Shutting down and abandoning module FoliageEdit (712)
[2020.05.19-03.28.38:792][851]LogModuleManager: Shutting down and abandoning module LandscapeEditor (710)
[2020.05.19-03.28.38:838][851]LogModuleManager: Shutting down and abandoning module MeshPaintMode (708)
[2020.05.19-03.28.38:838][851]LogModuleManager: Shutting down and abandoning module SceneDepthPickerMode (706)
[2020.05.19-03.28.38:838][851]LogModuleManager: Shutting down and abandoning module ActorPickerMode (704)
[2020.05.19-03.28.38:838][851]LogModuleManager: Shutting down and abandoning module GeometryMode (702)
[2020.05.19-03.28.38:850][851]LogModuleManager: Shutting down and abandoning module TextureAlignMode (700)
[2020.05.19-03.28.38:850][851]LogModuleManager: Shutting down and abandoning module BspMode (698)
[2020.05.19-03.28.38:850][851]LogModuleManager: Shutting down and abandoning module PIEPreviewDeviceProfileSelector (696)
[2020.05.19-03.28.38:875][851]LogModuleManager: Shutting down and abandoning module SequenceRecorderSections (694)
[2020.05.19-03.28.38:889][851]LogModuleManager: Shutting down and abandoning module AutomationWorker (692)
[2020.05.19-03.28.38:889][851]LogModuleManager: Shutting down and abandoning module DatasmithFBXImporter (690)
[2020.05.19-03.28.38:899][851]LogModuleManager: Shutting down and abandoning module DatasmithDeltaGenImporter (688)
[2020.05.19-03.28.38:948][851]LogModuleManager: Shutting down and abandoning module DatasmithVREDImporter (686)
[2020.05.19-03.28.38:948][851]LogModuleManager: Shutting down and abandoning module OculusMR (684)
[2020.05.19-03.28.38:948][851]LogModuleManager: Shutting down and abandoning module AudioCaptureEditor (682)
[2020.05.19-03.28.38:997][851]LogModuleManager: Shutting down and abandoning module MatineeToLevelSequence (680)
[2020.05.19-03.28.39:126][851]LogModuleManager: Shutting down and abandoning module LevelSequenceEditor (678)
[2020.05.19-03.28.39:550][851]LogModuleManager: Shutting down and abandoning module PlacementMode (677)
[2020.05.19-03.28.39:550][851]LogModuleManager: Shutting down and abandoning module MaterialEditor (676)
[2020.05.19-03.28.39:882][851]LogModuleManager: Shutting down and abandoning module ActorSequenceEditor (672)
[2020.05.19-03.28.39:938][851]LogModuleManager: Shutting down and abandoning module WmfMediaFactory (670)
[2020.05.19-03.28.39:938][851]LogModuleManager: Shutting down and abandoning module WmfMediaEditor (668)
[2020.05.19-03.28.39:938][851]LogModuleManager: Shutting down and abandoning module WebMMediaFactory (666)
[2020.05.19-03.28.39:938][851]LogModuleManager: Shutting down and abandoning module WebMMediaEditor (664)
[2020.05.19-03.28.39:938][851]LogModuleManager: Shutting down and abandoning module WebMMedia (662)
[2020.05.19-03.28.39:949][851]LogModuleManager: Shutting down and abandoning module MediaPlayerEditor (660)
[2020.05.19-03.28.39:963][851]LogModuleManager: Shutting down and abandoning module MediaCompositingEditor (658)
[2020.05.19-03.28.40:013][851]LogModuleManager: Shutting down and abandoning module SequenceRecorder (657)
[2020.05.19-03.28.40:013][851]LogModuleManager: Shutting down and abandoning module OpenExrWrapper (654)
[2020.05.19-03.28.40:013][851]LogModuleManager: Shutting down and abandoning module ImgMediaFactory (652)
[2020.05.19-03.28.40:013][851]LogModuleManager: Shutting down and abandoning module ImgMediaEditor (650)
[2020.05.19-03.28.40:013][851]LogModuleManager: Shutting down and abandoning module AvfMediaFactory (648)
[2020.05.19-03.28.40:013][851]LogModuleManager: Shutting down and abandoning module AvfMediaEditor (646)
[2020.05.19-03.28.40:013][851]LogModuleManager: Shutting down and abandoning module AndroidMediaFactory (644)
[2020.05.19-03.28.40:013][851]LogModuleManager: Shutting down and abandoning module AndroidMediaEditor (642)
[2020.05.19-03.28.40:013][851]LogModuleManager: Shutting down and abandoning module MagicLeapCameraPreviewFactory (640)
[2020.05.19-03.28.40:013][851]LogModuleManager: Shutting down and abandoning module MagicLeapMediaCodecFactory (638)
[2020.05.19-03.28.40:013][851]LogModuleManager: Shutting down and abandoning module MagicLeapMediaFactory (636)
[2020.05.19-03.28.40:013][851]LogModuleManager: Shutting down and abandoning module MagicLeapMediaEditor (634)
[2020.05.19-03.28.40:013][851]LogModuleManager: Shutting down and abandoning module CharacterAI (632)
[2020.05.19-03.28.40:014][851]LogModuleManager: Shutting down and abandoning module SmartSnapping (630)
[2020.05.19-03.28.40:014][851]LogModuleManager: Shutting down and abandoning module SessionServices (628)
[2020.05.19-03.28.40:014][851]LogModuleManager: Shutting down and abandoning module MeshPaint (626)
[2020.05.19-03.28.40:266][851]LogModuleManager: Shutting down and abandoning module ViewportSnapping (624)
[2020.05.19-03.28.40:266][851]LogModuleManager: Shutting down and abandoning module ViewportInteraction (622)
[2020.05.19-03.28.40:266][851]LogModuleManager: Shutting down and abandoning module ClothPainter (620)
[2020.05.19-03.28.40:383][851]LogModuleManager: Shutting down and abandoning module SkeletalMeshEditor (619)
[2020.05.19-03.28.40:464][851]LogModuleManager: Shutting down and abandoning module LogVisualizer (616)
[2020.05.19-03.28.40:734][851]LogModuleManager: Shutting down and abandoning module IntroTutorials (614)
[2020.05.19-03.28.40:734][851]LogModuleManager: Shutting down and abandoning module GameProjectGeneration (613)
[2020.05.19-03.28.40:779][851]LogModuleManager: Shutting down and abandoning module LuminPlatformEditor (610)
[2020.05.19-03.28.40:779][851]LogModuleManager: Shutting down and abandoning module IOSPlatformEditor (608)
[2020.05.19-03.28.40:809][851]LogModuleManager: Shutting down and abandoning module HTML5PlatformEditor (606)
[2020.05.19-03.28.40:809][851]LogModuleManager: Shutting down and abandoning module AndroidPlatformEditor (604)
[2020.05.19-03.28.40:809][851]LogModuleManager: Shutting down and abandoning module AndroidDeviceDetection (603)
[2020.05.19-03.28.42:102][851]LogModuleManager: Shutting down and abandoning module WindowsPlatformEditor (600)
[2020.05.19-03.28.42:102][851]LogModuleManager: Shutting down and abandoning module LuminRuntimeSettings (598)
[2020.05.19-03.28.42:103][851]LogModuleManager: Shutting down and abandoning module IOSRuntimeSettings (596)
[2020.05.19-03.28.42:103][851]LogModuleManager: Shutting down and abandoning module AndroidRuntimeSettings (594)
[2020.05.19-03.28.42:103][851]LogModuleManager: Shutting down and abandoning module TimeManagementEditor (592)
[2020.05.19-03.28.42:103][851]LogModuleManager: Shutting down and abandoning module InputBindingEditor (590)
[2020.05.19-03.28.42:119][851]LogModuleManager: Shutting down and abandoning module MergeActors (588)
[2020.05.19-03.28.42:171][851]LogModuleManager: Shutting down and abandoning module LocalizationDashboard (586)
[2020.05.19-03.28.42:193][851]LogModuleManager: Shutting down and abandoning module LocalizationService (585)
[2020.05.19-03.28.42:206][851]LogModuleManager: Shutting down and abandoning module HardwareTargeting (582)
[2020.05.19-03.28.42:206][851]LogModuleManager: Shutting down and abandoning module DeviceProfileEditor (580)
[2020.05.19-03.28.42:224][851]LogModuleManager: Shutting down and abandoning module UndoHistory (578)
[2020.05.19-03.28.42:227][851]LogModuleManager: Shutting down and abandoning module XmlParser (576)
[2020.05.19-03.28.42:242][851]LogModuleManager: Shutting down and abandoning module Blutility (574)
[2020.05.19-03.28.42:257][851]LogModuleManager: Shutting down and abandoning module ProjectSettingsViewer (572)
[2020.05.19-03.28.42:257][851]LogModuleManager: Shutting down and abandoning module ProjectTargetPlatformEditor (571)
[2020.05.19-03.28.42:258][851]LogModuleManager: Shutting down and abandoning module EditorSettingsViewer (568)
[2020.05.19-03.28.42:258][851]LogModuleManager: Shutting down and abandoning module SettingsEditor (566)
[2020.05.19-03.28.42:304][851]LogModuleManager: Shutting down and abandoning module ProjectLauncher (564)
[2020.05.19-03.28.42:323][851]LogModuleManager: Shutting down and abandoning module SessionFrontend (562)
[2020.05.19-03.28.42:346][851]LogModuleManager: Shutting down and abandoning module ProfilerClient (560)
[2020.05.19-03.28.42:364][851]LogModuleManager: Shutting down and abandoning module DeviceManager (558)
[2020.05.19-03.28.42:394][851]LogModuleManager: Shutting down and abandoning module TargetDeviceServices (557)
[2020.05.19-03.28.42:530][851]LogModuleManager: Shutting down and abandoning module AutomationController (554)
[2020.05.19-03.28.42:557][851]LogModuleManager: Shutting down and abandoning module AutomationWindow (552)
[2020.05.19-03.28.42:595][851]LogModuleManager: Shutting down and abandoning module Layers (550)
[2020.05.19-03.28.42:690][851]LogModuleManager: Shutting down and abandoning module ComponentVisualizers (548)
[2020.05.19-03.28.42:690][851]LogModuleManager: Shutting down and abandoning module DetailCustomizations (546)
[2020.05.19-03.28.42:710][851]LogModuleManager: Shutting down and abandoning module PackagesDialog (544)
[2020.05.19-03.28.42:741][851]LogModuleManager: Shutting down and abandoning module AnimationBlueprintEditor (542)
[2020.05.19-03.28.42:813][851]LogModuleManager: Shutting down and abandoning module Persona (540)
[2020.05.19-03.28.42:867][851]LogModuleManager: Shutting down and abandoning module AnimGraph (539)
[2020.05.19-03.28.42:867][851]LogModuleManager: Shutting down and abandoning module Kismet (536)
[2020.05.19-03.28.43:132][851]LogModuleManager: Shutting down and abandoning module KismetWidgets (535)
[2020.05.19-03.28.43:155][851]LogModuleManager: Shutting down and abandoning module GraphEditor (532)
[2020.05.19-03.28.43:285][851]LogModuleManager: Shutting down and abandoning module StructViewer (530)
[2020.05.19-03.28.43:285][851]LogModuleManager: Shutting down and abandoning module ClassViewer (528)
[2020.05.19-03.28.43:285][851]LogModuleManager: Shutting down and abandoning module Toolbox (526)
[2020.05.19-03.28.43:286][851]LogModuleManager: Shutting down and abandoning module ModuleUI (524)
[2020.05.19-03.28.43:307][851]LogModuleManager: Shutting down and abandoning module MovieSceneTools (522)
[2020.05.19-03.28.43:336][851]LogModuleManager: Shutting down and abandoning module OutputLog (520)
[2020.05.19-03.28.43:363][851]LogModuleManager: Shutting down and abandoning module GammaUI (518)
[2020.05.19-03.28.43:389][851]LogModuleManager: Shutting down and abandoning module Documentation (516)
[2020.05.19-03.28.43:389][851]LogModuleManager: Shutting down and abandoning module LiveCoding (514)
[2020.05.19-03.28.43:461][851]LogModuleManager: Shutting down and abandoning module LevelSequence (512)
[2020.05.19-03.28.43:461][851]LogModuleManager: Shutting down and abandoning module MovieSceneTracks (510)
[2020.05.19-03.28.43:461][851]LogModuleManager: Shutting down and abandoning module MovieScene (508)
[2020.05.19-03.28.43:486][851]LogModuleManager: Shutting down and abandoning module StreamingPauseRendering (506)
[2020.05.19-03.28.43:508][851]LogModuleManager: Shutting down and abandoning module LauncherPlatform (504)
[2020.05.19-03.28.43:508][851]LogModuleManager: Shutting down and abandoning module AnalyticsET (502)
[2020.05.19-03.28.43:508][851]LogModuleManager: Shutting down and abandoning module PortalServices (500)
[2020.05.19-03.28.43:508][851]LogModuleManager: Shutting down and abandoning module PortalRpc (498)
[2020.05.19-03.28.43:508][851]LogModuleManager: Shutting down and abandoning module MessagingRpc (496)
[2020.05.19-03.28.43:508][851]LogModuleManager: Shutting down and abandoning module AIModule (494)
[2020.05.19-03.28.43:564][851]LogModuleManager: Shutting down and abandoning module GameplayDebugger (493)
[2020.05.19-03.28.43:624][851]LogModuleManager: Shutting down and abandoning module AITestSuite (491)
[2020.05.19-03.28.43:624][851]LogModuleManager: Shutting down and abandoning module NavigationSystem (489)
[2020.05.19-03.28.43:624][851]LogModuleManager: Shutting down and abandoning module DesktopPlatform (486)
[2020.05.19-03.28.43:671][851]LogModuleManager: Shutting down and abandoning module ImageWriteQueue (484)
[2020.05.19-03.28.43:675][851]LogModuleManager: Shutting down and abandoning module ProfilerService (482)
[2020.05.19-03.28.43:766][851]LogModuleManager: Shutting down and abandoning module TaskGraph (480)
[2020.05.19-03.28.43:816][851]LogModuleManager: Shutting down and abandoning module DatasmithCADTranslator (478)
[2020.05.19-03.28.43:870][851]LogModuleManager: Shutting down and abandoning module DatasmithC4DImporter (476)
[2020.05.19-03.28.43:870][851]LogModuleManager: Shutting down and abandoning module VariantManager (474)
[2020.05.19-03.28.44:025][851]LogModuleManager: Shutting down and abandoning module StaticMeshEditorExtension (472)
[2020.05.19-03.28.44:051][851]LogModuleManager: Shutting down and abandoning module MeshProcessingLibrary (471)
[2020.05.19-03.28.44:103][851]LogModuleManager: Shutting down and abandoning module MDLImporter (468)
[2020.05.19-03.28.44:127][851]LogModuleManager: Shutting down and abandoning module DatasmithCoreTechExtension (466)
[2020.05.19-03.28.44:127][851]LogModuleManager: Shutting down and abandoning module StaticMeshEditor (465)
[2020.05.19-03.28.44:310][851]LogModuleManager: Shutting down and abandoning module AdvancedPreviewScene (464)
[2020.05.19-03.28.44:310][851]LogModuleManager: Shutting down and abandoning module DatasmithOpenNurbsTranslator (460)
[2020.05.19-03.28.44:332][851]LogModuleManager: Shutting down and abandoning module DatasmithNativeTranslator (458)
[2020.05.19-03.28.44:332][851]LogModuleManager: Shutting down and abandoning module DatasmithIFCImporter (456)
[2020.05.19-03.28.44:353][851]LogModuleManager: Shutting down and abandoning module DatasmithGLTFImporter (454)
[2020.05.19-03.28.44:374][851]LogModuleManager: Shutting down and abandoning module DatasmithImporter (453)
[2020.05.19-03.28.44:447][851]LogModuleManager: Shutting down and abandoning module ScreenshotTools (450)
[2020.05.19-03.28.44:447][851]LogModuleManager: Shutting down and abandoning module SteamVRController (448)
[2020.05.19-03.28.44:447][851]LogModuleManager: Shutting down and abandoning module ProceduralMeshComponentEditor (446)
[2020.05.19-03.28.44:447][851]LogModuleManager: Shutting down and abandoning module ProceduralMeshComponent (444)
[2020.05.19-03.28.44:470][851]LogModuleManager: Shutting down and abandoning module OculusEditor (442)
[2020.05.19-03.28.44:470][851]LogModuleManager: Shutting down and abandoning module OculusInput (440)
[2020.05.19-03.28.44:470][851]LogModuleManager: Shutting down and abandoning module MobilePatchingUtils (438)
[2020.05.19-03.28.44:470][851]LogModuleManager: Shutting down and abandoning module EditableMesh (436)
[2020.05.19-03.28.44:504][851]LogModuleManager: Shutting down and abandoning module CustomMeshComponent (434)
[2020.05.19-03.28.44:504][851]LogModuleManager: Shutting down and abandoning module CableComponent (432)
[2020.05.19-03.28.44:504][851]LogModuleManager: Shutting down and abandoning module AudioCapture (430)
[2020.05.19-03.28.44:504][851]LogModuleManager: Shutting down and abandoning module ArchVisCharacter (428)
[2020.05.19-03.28.44:504][851]LogModuleManager: Shutting down and abandoning module AppleImageUtilsBlueprintSupport (426)
[2020.05.19-03.28.44:504][851]LogModuleManager: Shutting down and abandoning module AppleImageUtils (424)
[2020.05.19-03.28.44:504][851]LogModuleManager: Shutting down and abandoning module AndroidPermission (422)
[2020.05.19-03.28.44:504][851]LogModuleManager: Shutting down and abandoning module NUTUnrealEngine4 (420)
[2020.05.19-03.28.44:528][851]LogModuleManager: Shutting down and abandoning module NetcodeUnitTest (418)
[2020.05.19-03.28.44:590][851]LogModuleManager: Shutting down and abandoning module MediaCompositing (416)
[2020.05.19-03.28.44:590][851]LogModuleManager: Shutting down and abandoning module ImgMedia (414)
[2020.05.19-03.28.44:626][851]LogModuleManager: Shutting down and abandoning module MagicLeapHelperVulkan (412)
[2020.05.19-03.28.44:626][851]LogModuleManager: Shutting down and abandoning module MagicLeapHelperOpenGL (410)
[2020.05.19-03.28.44:626][851]LogModuleManager: Shutting down and abandoning module MagicLeapAudio (408)
[2020.05.19-03.28.44:649][851]LogModuleManager: Shutting down and abandoning module HTML5Networking (406)
[2020.05.19-03.28.44:649][851]LogModuleManager: Shutting down and abandoning module GeometryCollectionTracks (404)
[2020.05.19-03.28.44:649][851]LogModuleManager: Shutting down and abandoning module GeometryCollectionSequencer (403)
[2020.05.19-03.28.44:649][851]LogModuleManager: Shutting down and abandoning module GeometryCollectionEditor (400)
[2020.05.19-03.28.44:678][851]LogModuleManager: Shutting down and abandoning module GeometryCollectionExampleCore (398)
[2020.05.19-03.28.44:687][851]LogModuleManager: Shutting down and abandoning module GeometryCacheTracks (396)
[2020.05.19-03.28.44:688][851]LogModuleManager: Shutting down and abandoning module GeometryCacheSequencer (394)
[2020.05.19-03.28.44:688][851]LogModuleManager: Shutting down and abandoning module DataprepLibraries (392)
[2020.05.19-03.28.44:688][851]LogModuleManager: Shutting down and abandoning module DataprepCore (390)
[2020.05.19-03.28.44:688][851]LogModuleManager: Shutting down and abandoning module DataprepEditor (388)
[2020.05.19-03.28.44:820][851]LogModuleManager: Shutting down and abandoning module ChaosSolverEditor (386)
[2020.05.19-03.28.44:820][851]LogModuleManager: Shutting down and abandoning module BlastCore (384)
[2020.05.19-03.28.44:820][851]LogModuleManager: Shutting down and abandoning module BlastAuthoring (382)
[2020.05.19-03.28.44:820][851]LogModuleManager: Shutting down and abandoning module BackChannel (380)
[2020.05.19-03.28.45:259][851]LogModuleManager: Shutting down and abandoning module AutomationUtilsEditor (378)
[2020.05.19-03.28.45:259][851]LogModuleManager: Shutting down and abandoning module AutomationUtils (376)
[2020.05.19-03.28.45:259][851]LogModuleManager: Shutting down and abandoning module AlembicImporter (374)
[2020.05.19-03.28.45:283][851]LogModuleManager: Shutting down and abandoning module AlembicLibrary (373)
[2020.05.19-03.28.45:283][851]LogModuleManager: Shutting down and abandoning module GeometryCache (372)
[2020.05.19-03.28.45:283][851]LogModuleManager: Shutting down and abandoning module GeometryCacheEd (371)
[2020.05.19-03.28.45:283][851]LogModuleManager: Shutting down and abandoning module VariantManagerContent (366)
[2020.05.19-03.28.45:283][851]LogModuleManager: Shutting down and abandoning module DatasmithContentEditor (364)
[2020.05.19-03.28.45:283][851]LogModuleManager: Shutting down and abandoning module SpeedTreeImporter (362)
[2020.05.19-03.28.45:283][851]LogModuleManager: Shutting down and abandoning module PluginBrowser (360)
[2020.05.19-03.28.45:493][851]LogModuleManager: Shutting down and abandoning module MobileLauncherProfileWizard (358)
[2020.05.19-03.28.45:567][851]LogModuleManager: Shutting down and abandoning module PolygonModeling (356)
[2020.05.19-03.28.45:567][851]LogModuleManager: Shutting down and abandoning module MeshEditor (354)
[2020.05.19-03.28.45:598][851]LogModuleManager: Shutting down and abandoning module MaterialAnalyzer (352)
[2020.05.19-03.28.45:686][851]LogModuleManager: Shutting down and abandoning module GLTFImporter (350)
[2020.05.19-03.28.45:686][851]LogModuleManager: Shutting down and abandoning module EditorScriptingUtilities (348)
[2020.05.19-03.28.45:686][851]LogModuleManager: Shutting down and abandoning module CurveEditorTools (346)
[2020.05.19-03.28.45:783][851]LogModuleManager: Shutting down and abandoning module CurveEditor (345)
[2020.05.19-03.28.45:850][851]LogModuleManager: Shutting down and abandoning module CryptoKeysOpenSSL (342)
[2020.05.19-03.28.45:850][851]LogModuleManager: Shutting down and abandoning module CryptoKeys (340)
[2020.05.19-03.28.45:850][851]LogModuleManager: Shutting down and abandoning module VisualStudioSourceCodeAccess (338)
[2020.05.19-03.28.45:889][851]LogModuleManager: Shutting down and abandoning module VisualStudioCodeSourceCodeAccess (336)
[2020.05.19-03.28.45:889][851]LogModuleManager: Shutting down and abandoning module UObjectPlugin (334)
[2020.05.19-03.28.45:889][851]LogModuleManager: Shutting down and abandoning module SubversionSourceControl (332)
[2020.05.19-03.28.45:924][851]LogModuleManager: Shutting down and abandoning module PerforceSourceControl (330)
[2020.05.19-03.28.46:116][851]LogModuleManager: Shutting down and abandoning module GitSourceControl (328)
[2020.05.19-03.28.46:175][851]LogModuleManager: Shutting down and abandoning module SourceControl (327)
[2020.05.19-03.28.46:187][851]LogModuleManager: Shutting down and abandoning module CLionSourceCodeAccess (324)
[2020.05.19-03.28.46:187][851]LogModuleManager: Shutting down and abandoning module AnimationSharingEd (322)
[2020.05.19-03.28.46:187][851]LogModuleManager: Shutting down and abandoning module ActorLayerUtilitiesEditor (320)
[2020.05.19-03.28.46:187][851]LogModuleManager: Shutting down and abandoning module ActorLayerUtilities (318)
[2020.05.19-03.28.46:187][851]LogModuleManager: Shutting down and abandoning module LightPropagationVolumeEditor (316)
[2020.05.19-03.28.46:187][851]LogModuleManager: Shutting down and abandoning module PaperTiledImporter (314)
[2020.05.19-03.28.46:187][851]LogModuleManager: Shutting down and abandoning module PaperSpriteSheetImporter (312)
[2020.05.19-03.28.46:187][851]LogModuleManager: Shutting down and abandoning module Paper2DEditor (310)
[2020.05.19-03.28.46:391][851]LogModuleManager: Shutting down and abandoning module SignificanceManager (308)
[2020.05.19-03.28.46:392][851]LogModuleManager: Shutting down and abandoning module RuntimePhysXCooking (306)
[2020.05.19-03.28.46:392][851]LogModuleManager: Shutting down and abandoning module PhysXVehiclesEditor (304)
[2020.05.19-03.28.46:392][851]LogModuleManager: Shutting down and abandoning module LocationServicesBPLibrary (300)
[2020.05.19-03.28.46:392][851]LogModuleManager: Shutting down and abandoning module ActorSequence (298)
[2020.05.19-03.28.46:392][851]LogModuleManager: Shutting down and abandoning module UdpMessaging (296)
[2020.05.19-03.28.46:493][851]LogModuleManager: Shutting down and abandoning module TcpMessaging (294)
[2020.05.19-03.28.46:621][851]LogModuleManager: Shutting down and abandoning module MagicLeapIdentity (292)
[2020.05.19-03.28.46:621][851]LogModuleManager: Shutting down and abandoning module MagicLeapSecureStorage (290)
[2020.05.19-03.28.46:621][851]LogModuleManager: Shutting down and abandoning module MagicLeapHandTracking (288)
[2020.05.19-03.28.46:633][851]LogModuleManager: Shutting down and abandoning module MagicLeapEyeTracker (286)
[2020.05.19-03.28.46:633][851]LogModuleManager: Shutting down and abandoning module MagicLeapController (284)
[2020.05.19-03.28.46:677][851]LogSlate: Slate User Destroyed.  User Index 0, Is Virtual User: 0
[2020.05.19-03.28.46:677][851]LogModuleManager: Shutting down and abandoning module MagicLeapAR (282)
[2020.05.19-03.28.46:677][851]LogModuleManager: Shutting down and abandoning module AugmentedReality (281)
[2020.05.19-03.28.46:677][851]LogModuleManager: Shutting down and abandoning module GameplayTagsEditor (278)
[2020.05.19-03.28.46:699][851]LogModuleManager: Shutting down and abandoning module FacialAnimationEditor (276)
[2020.05.19-03.28.46:699][851]LogModuleManager: Shutting down and abandoning module FacialAnimation (274)
[2020.05.19-03.28.46:699][851]LogModuleManager: Shutting down and abandoning module DataValidation (272)
[2020.05.19-03.28.46:713][851]LogModuleManager: Shutting down and abandoning module AssetManagerEditor (270)
[2020.05.19-03.28.46:819][851]LogModuleManager: Shutting down and abandoning module LevelEditor (269)
[2020.05.19-03.28.46:856][851]LogModuleManager: Shutting down and abandoning module PixelInspectorModule (268)
[2020.05.19-03.28.46:899][851]LogModuleManager: Shutting down and abandoning module CommonMenuExtensions (266)
[2020.05.19-03.28.46:899][851]LogModuleManager: Shutting down and abandoning module MainFrame (264)
[2020.05.19-03.28.46:899][851]LogModuleManager: Shutting down and abandoning module HotReload (263)
[2020.05.19-03.28.49:426][851]LogModuleManager: Shutting down and abandoning module ContentBrowser (259)
[2020.05.19-03.28.49:428][851]LogModuleManager: Shutting down and abandoning module TreeMap (257)
[2020.05.19-03.28.49:447][851]LogModuleManager: Shutting down and abandoning module AnimationSharing (254)
[2020.05.19-03.28.49:447][851]LogModuleManager: Shutting down and abandoning module LightPropagationVolumeRuntime (252)
[2020.05.19-03.28.49:447][851]LogModuleManager: Shutting down and abandoning module Paper2D (250)
[2020.05.19-03.28.49:534][851]LogModuleManager: Shutting down and abandoning module WindowsMoviePlayer (248)
[2020.05.19-03.28.49:621][851]LogModuleManager: Shutting down and abandoning module WebMMoviePlayer (246)
[2020.05.19-03.28.49:682][851]LogModuleManager: Shutting down and abandoning module NetworkReplayStreaming (244)
[2020.05.19-03.28.49:682][851]LogModuleManager: Shutting down and abandoning module PacketHandler (242)
[2020.05.19-03.28.49:682][851]LogModuleManager: Shutting down and abandoning module ClothingSystemEditor (240)
[2020.05.19-03.28.49:682][851]LogModuleManager: Shutting down and abandoning module ClothingSystemRuntime (238)
[2020.05.19-03.28.49:813][851]LogModuleManager: Shutting down and abandoning module MediaAssets (236)
[2020.05.19-03.28.49:813][851]LogModuleManager: Shutting down and abandoning module Overlay (234)
[2020.05.19-03.28.49:813][851]LogModuleManager: Shutting down and abandoning module OverlayEditor (233)
[2020.05.19-03.28.49:813][851]LogModuleManager: Shutting down and abandoning module VREditor (230)
[2020.05.19-03.28.50:011][851]LogModuleManager: Shutting down and abandoning module StringTableEditor (228)
[2020.05.19-03.28.50:082][851]LogModuleManager: Shutting down and abandoning module GameplayTasksEditor (226)
[2020.05.19-03.28.50:082][851]LogModuleManager: Shutting down and abandoning module BehaviorTreeEditor (224)
[2020.05.19-03.28.50:165][851]LogModuleManager: Shutting down and abandoning module FunctionalTesting (222)
[2020.05.19-03.28.50:176][851]LogModuleManager: Shutting down and abandoning module CollisionAnalyzer (220)
[2020.05.19-03.28.50:292][851]LogModuleManager: Shutting down and abandoning module WorkspaceMenuStructure (219)
[2020.05.19-03.28.50:299][851]LogModuleManager: Shutting down and abandoning module UMG (216)
[2020.05.19-03.28.50:346][851]LogModuleManager: Shutting down and abandoning module UMGEditor (215)
[2020.05.19-03.28.50:422][851]LogModuleManager: Shutting down and abandoning module Sequencer (214)
[2020.05.19-03.28.50:804][851]LogModuleManager: Shutting down and abandoning module MessageLog (211)
[2020.05.19-03.28.50:804][851]LogModuleManager: Shutting down and abandoning module SlateReflector (206)
[2020.05.19-03.28.50:936][851]LogModuleManager: Shutting down and abandoning module Slate (204)
[2020.05.19-03.28.50:936][851]LogModuleManager: Shutting down and abandoning module LandscapeEditorUtilities (202)
[2020.05.19-03.28.50:936][851]LogModuleManager: Shutting down and abandoning module EditorStyle (200)
[2020.05.19-03.28.50:937][851]LogModuleManager: Shutting down and abandoning module UnrealEd (198)
[2020.05.19-03.28.50:959][851]LogModuleManager: Shutting down and abandoning module MRMesh (196)
[2020.05.19-03.28.50:959][851]LogModuleManager: Shutting down and abandoning module SourceCodeAccess (194)
[2020.05.19-03.28.50:959][851]LogModuleManager: Shutting down and abandoning module HeadMountedDisplay (192)
[2020.05.19-03.28.50:959][851]LogModuleManager: Shutting down and abandoning module XAudio2 (190)
[2020.05.19-03.28.50:959][851]LogModuleManager: Shutting down and abandoning module Networking (188)
[2020.05.19-03.28.50:960][851]LogModuleManager: Shutting down and abandoning module Core (186)
[2020.05.19-03.28.50:960][851]LogModuleManager: Shutting down and abandoning module KismetCompiler (184)
[2020.05.19-03.28.50:960][851]LogModuleManager: Shutting down and abandoning module MeshUtilities (182)
[2020.05.19-03.28.50:960][851]LogModuleManager: Shutting down and abandoning module MeshMergeUtilities (181)
[2020.05.19-03.28.50:973][851]LogModuleManager: Shutting down and abandoning module MeshReductionInterface (180)
[2020.05.19-03.28.50:973][851]LogModuleManager: Shutting down and abandoning module SkeletalMeshReduction (179)
[2020.05.19-03.28.51:033][851]LogModuleManager: Shutting down and abandoning module ProxyLODMeshReduction (177)
[2020.05.19-03.28.51:072][851]LogModuleManager: Shutting down and abandoning module QuadricMeshReduction (175)
[2020.05.19-03.28.51:093][851]LogModuleManager: Shutting down and abandoning module MaterialBaking (171)
[2020.05.19-03.28.51:141][851]LogModuleManager: Shutting down and abandoning module NullInstallBundleManager (166)
[2020.05.19-03.28.51:141][851]LogModuleManager: Shutting down and abandoning module DerivedDataCache (164)
[2020.05.19-03.28.51:161][851]LogDerivedDataCache: Shutdown
[2020.05.19-03.28.51:185][851]LogModuleManager: Shutting down and abandoning module XGEController (162)
[2020.05.19-03.28.51:185][851]LogXGEController: Cleaning working directory: C:/Users/Brian/AppData/Local/Temp/UnrealXGEWorkingDir/
[2020.05.19-03.28.51:238][851]LogModuleManager: Shutting down and abandoning module TargetPlatform (160)
[2020.05.19-03.28.51:288][851]LogModuleManager: Shutting down and abandoning module VulkanShaderFormat (159)
[2020.05.19-03.28.51:334][851]LogModuleManager: Shutting down and abandoning module ShaderFormatVectorVM (157)
[2020.05.19-03.28.51:360][851]LogModuleManager: Shutting down and abandoning module ShaderFormatOpenGL (155)
[2020.05.19-03.28.51:372][851]LogModuleManager: Shutting down and abandoning module ShaderFormatD3D (153)
[2020.05.19-03.28.51:425][851]LogModuleManager: Shutting down and abandoning module MetalShaderFormat (151)
[2020.05.19-03.28.51:503][851]LogModuleManager: Shutting down and abandoning module TextureFormatUncompressed (149)
[2020.05.19-03.28.51:503][851]LogModuleManager: Shutting down and abandoning module TextureFormatPVR (147)
[2020.05.19-03.28.51:503][851]LogModuleManager: Shutting down and abandoning module TextureFormatDXT (145)
[2020.05.19-03.28.51:574][851]LogModuleManager: Shutting down and abandoning module TextureFormatIntelISPCTexComp (143)
[2020.05.19-03.28.51:795][851]LogModuleManager: Shutting down and abandoning module TextureFormatASTC (141)
[2020.05.19-03.28.51:795][851]LogModuleManager: Shutting down and abandoning module ImageWrapper (140)
[2020.05.19-03.28.51:795][851]LogModuleManager: Shutting down and abandoning module TextureFormatAndroid (137)
[2020.05.19-03.28.51:795][851]LogModuleManager: Shutting down and abandoning module AudioFormatOpus (135)
[2020.05.19-03.28.51:820][851]LogModuleManager: Shutting down and abandoning module AudioFormatOgg (133)
[2020.05.19-03.28.51:820][851]LogModuleManager: Shutting down and abandoning module AudioFormatADPCM (131)
[2020.05.19-03.28.51:820][851]LogModuleManager: Shutting down and abandoning module LuminTargetPlatform (129)
[2020.05.19-03.28.51:861][851]LogModuleManager: Shutting down and abandoning module LinuxTargetPlatform (127)
[2020.05.19-03.28.51:861][851]LogModuleManager: Shutting down and abandoning module LinuxServerTargetPlatform (125)
[2020.05.19-03.28.51:902][851]LogModuleManager: Shutting down and abandoning module LinuxNoEditorTargetPlatform (123)
[2020.05.19-03.28.51:952][851]LogModuleManager: Shutting down and abandoning module LinuxClientTargetPlatform (121)
[2020.05.19-03.28.52:013][851]LogModuleManager: Shutting down and abandoning module TVOSTargetPlatform (119)
[2020.05.19-03.28.52:014][851]LogModuleManager: Shutting down and abandoning module Messaging (117)
[2020.05.19-03.28.52:014][851]LogModuleManager: Shutting down and abandoning module IOSTargetPlatform (115)
[2020.05.19-03.28.52:014][851]LogModuleManager: Shutting down and abandoning module HTML5TargetPlatform (113)
[2020.05.19-03.28.52:015][851]LogModuleManager: Shutting down and abandoning module AndroidTargetPlatform (111)
[2020.05.19-03.28.52:021][851]LogModuleManager: Shutting down and abandoning module WindowsTargetPlatform (109)
[2020.05.19-03.28.52:021][851]LogModuleManager: Shutting down and abandoning module WindowsServerTargetPlatform (107)
[2020.05.19-03.28.52:021][851]LogModuleManager: Shutting down and abandoning module WindowsNoEditorTargetPlatform (105)
[2020.05.19-03.28.52:021][851]LogModuleManager: Shutting down and abandoning module WindowsClientTargetPlatform (103)
[2020.05.19-03.28.52:021][851]LogModuleManager: Shutting down and abandoning module MacTargetPlatform (101)
[2020.05.19-03.28.52:021][851]LogModuleManager: Shutting down and abandoning module MacServerTargetPlatform (99)
[2020.05.19-03.28.52:021][851]LogModuleManager: Shutting down and abandoning module MacNoEditorTargetPlatform (97)
[2020.05.19-03.28.52:021][851]LogModuleManager: Shutting down and abandoning module MacClientTargetPlatform (95)
[2020.05.19-03.28.52:021][851]LogModuleManager: Shutting down and abandoning module AllDesktopTargetPlatform (93)
[2020.05.19-03.28.52:021][851]LogModuleManager: Shutting down and abandoning module InputCore (90)
[2020.05.19-03.28.52:021][851]LogModuleManager: Shutting down and abandoning module Settings (88)
[2020.05.19-03.28.52:021][851]LogModuleManager: Shutting down and abandoning module DirectoryWatcher (86)
[2020.05.19-03.28.52:021][851]LogModuleManager: Shutting down and abandoning module PhysXCooking (84)
[2020.05.19-03.28.52:021][851]LogModuleManager: Shutting down and abandoning module WindowsPlatformFeatures (82)
[2020.05.19-03.28.52:021][851]LogModuleManager: Shutting down and abandoning module GameplayMediaEncoder (81)
[2020.05.19-03.28.52:049][851]LogModuleManager: Shutting down and abandoning module SteamVR (78)
[2020.05.19-03.28.52:104][851]LogHMD: Freeing OpenVRDLLHandle.
[2020.05.19-03.28.52:104][851]LogModuleManager: Shutting down and abandoning module OculusHMD (76)
[2020.05.19-03.28.52:122][851]LogModuleManager: Shutting down and abandoning module ExampleDeviceProfileSelector (74)
[2020.05.19-03.28.52:122][851]LogModuleManager: Shutting down and abandoning module LauncherChunkInstaller (72)
[2020.05.19-03.28.52:122][851]LogModuleManager: Shutting down and abandoning module OnlineBlueprintSupport (70)
[2020.05.19-03.28.52:122][851]LogModuleManager: Shutting down and abandoning module OnlineSubsystem (66)
[2020.05.19-03.28.52:364][851]LogModuleManager: Shutting down and abandoning module XMPP (61)
[2020.05.19-03.28.52:407][851]LogModuleManager: Shutting down and abandoning module WebSockets (60)
[2020.05.19-03.28.52:569][851]LogModuleManager: Shutting down and abandoning module HTTP (57)
[2020.05.19-03.28.52:569][851]LogHttp: Display: Http module shutting down, but needs to wait on 1 outstanding Http requests:
[2020.05.19-03.28.52:569][851]LogHttp: Display: 	verb=[POST] url=[https://datarouter.ol.epicgames.com/datarouter/api/v1/public/data?SessionID=%7B26BEDD73-4807-CEAC-D543-F49910637382%7D&AppID=UEEditor.Rocket.Release&AppVersion=4.23.1-9631420%2B%2B%2BUE4%2BRelease-4.23&UserID=af8ca0ae4f0a0bdd7cb482b9d699bb65%7C3a15c16e62a1446098e2e692bc3c59ca%7Cb1f8cc83-baf7-43ae-b4ea-1c61bada90e2&AppEnvironment=datacollector-binary&UploadType=eteventstream] status=Processing
[2020.05.19-03.28.52:603][851]LogModuleManager: Shutting down and abandoning module SSL (56)
[2020.05.19-03.28.52:604][851]LogModuleManager: Shutting down and abandoning module WmfMedia (52)
[2020.05.19-03.28.52:751][851]LogModuleManager: Shutting down and abandoning module Media (51)
[2020.05.19-03.28.52:752][851]LogModuleManager: Shutting down and abandoning module MagicLeap (48)
[2020.05.19-03.28.52:833][851]LogModuleManager: Shutting down and abandoning module DatasmithContent (46)
[2020.05.19-03.28.52:852][851]LogModuleManager: Shutting down and abandoning module AISupportModule (44)
[2020.05.19-03.28.52:852][851]LogModuleManager: Shutting down and abandoning module PlatformCryptoOpenSSL (42)
[2020.05.19-03.28.52:889][851]LogModuleManager: Shutting down and abandoning module PlatformCrypto (40)
[2020.05.19-03.28.52:889][851]LogModuleManager: Shutting down and abandoning module AnimationModifiers (38)
[2020.05.19-03.28.52:928][851]LogModuleManager: Shutting down and abandoning module PropertyEditor (37)
[2020.05.19-03.28.53:014][851]LogModuleManager: Shutting down and abandoning module AudioEditor (34)
[2020.05.19-03.28.53:120][851]LogModuleManager: Shutting down and abandoning module TextureCompressor (32)
[2020.05.19-03.28.53:180][851]LogModuleManager: Shutting down and abandoning module RenderCore (30)
[2020.05.19-03.28.53:180][851]LogModuleManager: Shutting down and abandoning module Landscape (28)
[2020.05.19-03.28.53:180][851]LogModuleManager: Shutting down and abandoning module SlateRHIRenderer (26)
[2020.05.19-03.28.53:221][851]LogModuleManager: Shutting down and abandoning module OpenGLDrv (24)
[2020.05.19-03.28.53:314][851]LogModuleManager: Shutting down and abandoning module D3D11RHI (22)
[2020.05.19-03.28.53:314][851]LogModuleManager: Shutting down and abandoning module AnimGraphRuntime (20)
[2020.05.19-03.28.53:363][851]LogModuleManager: Shutting down and abandoning module Renderer (18)
[2020.05.19-03.28.53:363][851]LogModuleManager: Shutting down and abandoning module Engine (16)
[2020.05.19-03.28.53:363][851]LogModuleManager: Shutting down and abandoning module CoreUObject (14)
[2020.05.19-03.28.53:363][851]LogModuleManager: Shutting down and abandoning module NetworkFile (12)
[2020.05.19-03.28.53:392][851]LogModuleManager: Shutting down and abandoning module CookedIterativeFile (10)
[2020.05.19-03.28.53:392][851]LogModuleManager: Shutting down and abandoning module StreamingFile (8)
[2020.05.19-03.28.53:437][851]LogModuleManager: Shutting down and abandoning module SandboxFile (6)
[2020.05.19-03.28.53:459][851]LogModuleManager: Shutting down and abandoning module PakFile (4)
[2020.05.19-03.28.53:486][851]LogModuleManager: Shutting down and abandoning module RSA (3)
[2020.05.19-03.28.53:530][851]LogD3D11RHI: Shutdown
[2020.05.19-03.28.53:531][851]LogD3D11RHI: CleanupD3DDevice
[2020.05.19-03.28.53:713][851]LogRendererCore: FGlobalDynamicReadBuffer::Cleanup()
[2020.05.19-03.28.53:716][851]LogRendererCore: FGlobalDynamicReadBuffer::Cleanup()
[2020.05.19-03.28.53:716][851]LogRendererCore: FGlobalDynamicReadBuffer::Cleanup()
[2020.05.19-03.28.54:389][851]LogD3D11RHI: ~FD3D11DynamicRHI
[2020.05.19-03.28.54:559][851]LogExit: Exiting.
[2020.05.19-03.28.54:701][851]Log file closed, 05/18/20 23:28:54
